{"D:\\Hacktiv8\\Fase 3\\Final Project\\beli-bang-server\\app.js": {"path":"D:\\Hacktiv8\\Fase 3\\Final Project\\beli-bang-server\\app.js","statementMap":{"0":{"start":{"line":1,"column":0},"end":{"line":3,"column":1}},"1":{"start":{"line":2,"column":2},"end":{"line":2,"column":29}},"2":{"start":{"line":5,"column":16},"end":{"line":5,"column":34}},"3":{"start":{"line":6,"column":15},"end":{"line":6,"column":34}},"4":{"start":{"line":7,"column":13},"end":{"line":7,"column":28}},"5":{"start":{"line":8,"column":22},"end":{"line":8,"column":60}},"6":{"start":{"line":9,"column":12},"end":{"line":9,"column":21}},"7":{"start":{"line":10,"column":13},"end":{"line":10,"column":37}},"8":{"start":{"line":12,"column":0},"end":{"line":12,"column":16}},"9":{"start":{"line":13,"column":0},"end":{"line":13,"column":48}},"10":{"start":{"line":14,"column":0},"end":{"line":14,"column":24}},"11":{"start":{"line":16,"column":0},"end":{"line":18,"column":3}},"12":{"start":{"line":17,"column":2},"end":{"line":17,"column":35}},"13":{"start":{"line":20,"column":0},"end":{"line":20,"column":16}},"14":{"start":{"line":21,"column":0},"end":{"line":21,"column":23}},"15":{"start":{"line":23,"column":0},"end":{"line":23,"column":21}}},"fnMap":{"0":{"name":"(anonymous_0)","decl":{"start":{"line":16,"column":13},"end":{"line":16,"column":14}},"loc":{"start":{"line":16,"column":27},"end":{"line":18,"column":1}},"line":16}},"branchMap":{"0":{"loc":{"start":{"line":1,"column":0},"end":{"line":3,"column":1}},"type":"if","locations":[{"start":{"line":1,"column":0},"end":{"line":3,"column":1}},{"start":{},"end":{}}],"line":1},"1":{"loc":{"start":{"line":10,"column":13},"end":{"line":10,"column":37}},"type":"binary-expr","locations":[{"start":{"line":10,"column":13},"end":{"line":10,"column":29}},{"start":{"line":10,"column":33},"end":{"line":10,"column":37}}],"line":10}},"s":{"0":1,"1":1,"2":1,"3":1,"4":1,"5":1,"6":1,"7":1,"8":1,"9":1,"10":1,"11":1,"12":0,"13":1,"14":1,"15":1},"f":{"0":0},"b":{"0":[1,0],"1":[1,1]},"_coverageSchema":"1a1c01bbd47fc00a2c39e90264f33305004495a9","hash":"7c523c59dad83da5313f20fd977f28e867128a5b"}
,"D:\\Hacktiv8\\Fase 3\\Final Project\\beli-bang-server\\controllers\\foodControllers.js": {"path":"D:\\Hacktiv8\\Fase 3\\Final Project\\beli-bang-server\\controllers\\foodControllers.js","statementMap":{"0":{"start":{"line":1,"column":36},"end":{"line":1,"column":56}},"1":{"start":{"line":2,"column":17},"end":{"line":2,"column":47}},"2":{"start":{"line":6,"column":4},"end":{"line":19,"column":5}},"3":{"start":{"line":7,"column":21},"end":{"line":7,"column":31}},"4":{"start":{"line":8,"column":19},"end":{"line":11,"column":8}},"5":{"start":{"line":13,"column":6},"end":{"line":15,"column":7}},"6":{"start":{"line":14,"column":8},"end":{"line":14,"column":57}},"7":{"start":{"line":16,"column":6},"end":{"line":16,"column":33}},"8":{"start":{"line":18,"column":6},"end":{"line":18,"column":18}},"9":{"start":{"line":23,"column":4},"end":{"line":62,"column":5}},"10":{"start":{"line":24,"column":43},"end":{"line":24,"column":51}},"11":{"start":{"line":26,"column":20},"end":{"line":28,"column":8}},"12":{"start":{"line":30,"column":6},"end":{"line":32,"column":7}},"13":{"start":{"line":31,"column":8},"end":{"line":31,"column":58}},"14":{"start":{"line":34,"column":22},"end":{"line":34,"column":30}},"15":{"start":{"line":36,"column":6},"end":{"line":59,"column":8}},"16":{"start":{"line":44,"column":10},"end":{"line":48,"column":11}},"17":{"start":{"line":45,"column":12},"end":{"line":47,"column":15}},"18":{"start":{"line":50,"column":10},"end":{"line":56,"column":13}},"19":{"start":{"line":57,"column":10},"end":{"line":57,"column":71}},"20":{"start":{"line":61,"column":6},"end":{"line":61,"column":18}},"21":{"start":{"line":66,"column":4},"end":{"line":76,"column":5}},"22":{"start":{"line":67,"column":53},"end":{"line":67,"column":61}},"23":{"start":{"line":69,"column":6},"end":{"line":72,"column":8}},"24":{"start":{"line":73,"column":6},"end":{"line":73,"column":77}},"25":{"start":{"line":75,"column":6},"end":{"line":75,"column":18}},"26":{"start":{"line":80,"column":4},"end":{"line":85,"column":5}},"27":{"start":{"line":81,"column":6},"end":{"line":81,"column":59}},"28":{"start":{"line":82,"column":6},"end":{"line":82,"column":65}},"29":{"start":{"line":84,"column":6},"end":{"line":84,"column":18}},"30":{"start":{"line":89,"column":0},"end":{"line":89,"column":33}}},"fnMap":{"0":{"name":"(anonymous_0)","decl":{"start":{"line":5,"column":2},"end":{"line":5,"column":3}},"loc":{"start":{"line":5,"column":40},"end":{"line":20,"column":3}},"line":5},"1":{"name":"(anonymous_1)","decl":{"start":{"line":22,"column":2},"end":{"line":22,"column":3}},"loc":{"start":{"line":22,"column":42},"end":{"line":63,"column":3}},"line":22},"2":{"name":"(anonymous_2)","decl":{"start":{"line":43,"column":8},"end":{"line":43,"column":9}},"loc":{"start":{"line":43,"column":43},"end":{"line":58,"column":9}},"line":43},"3":{"name":"(anonymous_3)","decl":{"start":{"line":65,"column":2},"end":{"line":65,"column":3}},"loc":{"start":{"line":65,"column":42},"end":{"line":77,"column":3}},"line":65},"4":{"name":"(anonymous_4)","decl":{"start":{"line":79,"column":2},"end":{"line":79,"column":3}},"loc":{"start":{"line":79,"column":42},"end":{"line":86,"column":3}},"line":79}},"branchMap":{"0":{"loc":{"start":{"line":13,"column":6},"end":{"line":15,"column":7}},"type":"if","locations":[{"start":{"line":13,"column":6},"end":{"line":15,"column":7}},{"start":{},"end":{}}],"line":13},"1":{"loc":{"start":{"line":30,"column":6},"end":{"line":32,"column":7}},"type":"if","locations":[{"start":{"line":30,"column":6},"end":{"line":32,"column":7}},{"start":{},"end":{}}],"line":30},"2":{"loc":{"start":{"line":44,"column":10},"end":{"line":48,"column":11}},"type":"if","locations":[{"start":{"line":44,"column":10},"end":{"line":48,"column":11}},{"start":{},"end":{}}],"line":44}},"s":{"0":1,"1":1,"2":0,"3":0,"4":0,"5":0,"6":0,"7":0,"8":0,"9":0,"10":0,"11":0,"12":0,"13":0,"14":0,"15":0,"16":0,"17":0,"18":0,"19":0,"20":0,"21":0,"22":0,"23":0,"24":0,"25":0,"26":0,"27":0,"28":0,"29":0,"30":1},"f":{"0":0,"1":0,"2":0,"3":0,"4":0},"b":{"0":[0,0],"1":[0,0],"2":[0,0]},"_coverageSchema":"1a1c01bbd47fc00a2c39e90264f33305004495a9","hash":"1fa52d2563dfcc8443833d025928535b74c27e03"}
,"D:\\Hacktiv8\\Fase 3\\Final Project\\beli-bang-server\\controllers\\likeControllers.js": {"path":"D:\\Hacktiv8\\Fase 3\\Final Project\\beli-bang-server\\controllers\\likeControllers.js","statementMap":{"0":{"start":{"line":1,"column":17},"end":{"line":1,"column":37}},"1":{"start":{"line":5,"column":4},"end":{"line":14,"column":5}},"2":{"start":{"line":6,"column":26},"end":{"line":6,"column":36}},"3":{"start":{"line":8,"column":20},"end":{"line":10,"column":8}},"4":{"start":{"line":11,"column":6},"end":{"line":11,"column":33}},"5":{"start":{"line":13,"column":6},"end":{"line":13,"column":18}},"6":{"start":{"line":18,"column":4},"end":{"line":31,"column":5}},"7":{"start":{"line":19,"column":26},"end":{"line":19,"column":36}},"8":{"start":{"line":21,"column":22},"end":{"line":23,"column":8}},"9":{"start":{"line":24,"column":6},"end":{"line":26,"column":7}},"10":{"start":{"line":25,"column":8},"end":{"line":25,"column":60}},"11":{"start":{"line":27,"column":6},"end":{"line":27,"column":66}},"12":{"start":{"line":28,"column":6},"end":{"line":28,"column":49}},"13":{"start":{"line":30,"column":6},"end":{"line":30,"column":18}},"14":{"start":{"line":35,"column":4},"end":{"line":49,"column":5}},"15":{"start":{"line":36,"column":21},"end":{"line":36,"column":31}},"16":{"start":{"line":38,"column":20},"end":{"line":38,"column":43}},"17":{"start":{"line":39,"column":6},"end":{"line":43,"column":7}},"18":{"start":{"line":40,"column":8},"end":{"line":40,"column":61}},"19":{"start":{"line":41,"column":13},"end":{"line":43,"column":7}},"20":{"start":{"line":42,"column":8},"end":{"line":42,"column":56}},"21":{"start":{"line":44,"column":6},"end":{"line":44,"column":42}},"22":{"start":{"line":46,"column":6},"end":{"line":46,"column":51}},"23":{"start":{"line":48,"column":6},"end":{"line":48,"column":18}},"24":{"start":{"line":53,"column":0},"end":{"line":53,"column":32}}},"fnMap":{"0":{"name":"(anonymous_0)","decl":{"start":{"line":4,"column":2},"end":{"line":4,"column":3}},"loc":{"start":{"line":4,"column":41},"end":{"line":15,"column":3}},"line":4},"1":{"name":"(anonymous_1)","decl":{"start":{"line":17,"column":2},"end":{"line":17,"column":3}},"loc":{"start":{"line":17,"column":42},"end":{"line":32,"column":3}},"line":17},"2":{"name":"(anonymous_2)","decl":{"start":{"line":34,"column":2},"end":{"line":34,"column":3}},"loc":{"start":{"line":34,"column":42},"end":{"line":50,"column":3}},"line":34}},"branchMap":{"0":{"loc":{"start":{"line":24,"column":6},"end":{"line":26,"column":7}},"type":"if","locations":[{"start":{"line":24,"column":6},"end":{"line":26,"column":7}},{"start":{},"end":{}}],"line":24},"1":{"loc":{"start":{"line":39,"column":6},"end":{"line":43,"column":7}},"type":"if","locations":[{"start":{"line":39,"column":6},"end":{"line":43,"column":7}},{"start":{"line":41,"column":13},"end":{"line":43,"column":7}}],"line":39},"2":{"loc":{"start":{"line":41,"column":13},"end":{"line":43,"column":7}},"type":"if","locations":[{"start":{"line":41,"column":13},"end":{"line":43,"column":7}},{"start":{},"end":{}}],"line":41}},"s":{"0":1,"1":0,"2":0,"3":0,"4":0,"5":0,"6":0,"7":0,"8":0,"9":0,"10":0,"11":0,"12":0,"13":0,"14":0,"15":0,"16":0,"17":0,"18":0,"19":0,"20":0,"21":0,"22":0,"23":0,"24":1},"f":{"0":0,"1":0,"2":0},"b":{"0":[0,0],"1":[0,0],"2":[0,0]},"_coverageSchema":"1a1c01bbd47fc00a2c39e90264f33305004495a9","hash":"a06d7567e63723325a3b0616ec81da388a1c7ff2"}
,"D:\\Hacktiv8\\Fase 3\\Final Project\\beli-bang-server\\controllers\\orderControllers.js": {"path":"D:\\Hacktiv8\\Fase 3\\Final Project\\beli-bang-server\\controllers\\orderControllers.js","statementMap":{"0":{"start":{"line":1,"column":37},"end":{"line":1,"column":57}},"1":{"start":{"line":5,"column":4},"end":{"line":15,"column":5}},"2":{"start":{"line":6,"column":21},"end":{"line":8,"column":8}},"3":{"start":{"line":9,"column":6},"end":{"line":11,"column":7}},"4":{"start":{"line":10,"column":8},"end":{"line":10,"column":64}},"5":{"start":{"line":12,"column":6},"end":{"line":12,"column":34}},"6":{"start":{"line":14,"column":6},"end":{"line":14,"column":18}},"7":{"start":{"line":19,"column":4},"end":{"line":29,"column":5}},"8":{"start":{"line":20,"column":20},"end":{"line":22,"column":8}},"9":{"start":{"line":23,"column":6},"end":{"line":25,"column":7}},"10":{"start":{"line":24,"column":8},"end":{"line":24,"column":57}},"11":{"start":{"line":26,"column":6},"end":{"line":26,"column":33}},"12":{"start":{"line":28,"column":6},"end":{"line":28,"column":18}},"13":{"start":{"line":33,"column":4},"end":{"line":41,"column":5}},"14":{"start":{"line":34,"column":26},"end":{"line":34,"column":83}},"15":{"start":{"line":35,"column":41},"end":{"line":35,"column":49}},"16":{"start":{"line":37,"column":6},"end":{"line":37,"column":71}},"17":{"start":{"line":38,"column":6},"end":{"line":38,"column":52}},"18":{"start":{"line":40,"column":6},"end":{"line":40,"column":18}},"19":{"start":{"line":45,"column":4},"end":{"line":55,"column":5}},"20":{"start":{"line":46,"column":26},"end":{"line":46,"column":83}},"21":{"start":{"line":47,"column":25},"end":{"line":47,"column":33}},"22":{"start":{"line":49,"column":6},"end":{"line":51,"column":7}},"23":{"start":{"line":52,"column":6},"end":{"line":52,"column":59}},"24":{"start":{"line":54,"column":6},"end":{"line":54,"column":18}},"25":{"start":{"line":59,"column":4},"end":{"line":64,"column":5}},"26":{"start":{"line":60,"column":6},"end":{"line":60,"column":56}},"27":{"start":{"line":61,"column":6},"end":{"line":61,"column":52}},"28":{"start":{"line":63,"column":6},"end":{"line":63,"column":18}},"29":{"start":{"line":68,"column":0},"end":{"line":75,"column":21}},"30":{"start":{"line":75,"column":38},"end":{"line":75,"column":37644}},"31":{"start":{"line":75,"column":42},"end":{"line":75,"column":37633}},"32":{"start":{"line":75,"column":37669},"end":{"line":75,"column":37709}},"33":{"start":{"line":75,"column":37673},"end":{"line":75,"column":37698}},"34":{"start":{"line":75,"column":37710},"end":{"line":75,"column":37718}},"35":{"start":{"line":75,"column":37743},"end":{"line":75,"column":37785}},"36":{"start":{"line":75,"column":37747},"end":{"line":75,"column":37774}},"37":{"start":{"line":75,"column":37786},"end":{"line":75,"column":37794}},"38":{"start":{"line":75,"column":37813},"end":{"line":75,"column":37850}},"39":{"start":{"line":75,"column":37817},"end":{"line":75,"column":37839}},"40":{"start":{"line":75,"column":37869},"end":{"line":75,"column":37909}},"41":{"start":{"line":75,"column":37873},"end":{"line":75,"column":37898}}},"fnMap":{"0":{"name":"(anonymous_0)","decl":{"start":{"line":4,"column":2},"end":{"line":4,"column":3}},"loc":{"start":{"line":4,"column":42},"end":{"line":16,"column":3}},"line":4},"1":{"name":"(anonymous_1)","decl":{"start":{"line":18,"column":2},"end":{"line":18,"column":3}},"loc":{"start":{"line":18,"column":41},"end":{"line":30,"column":3}},"line":18},"2":{"name":"(anonymous_2)","decl":{"start":{"line":32,"column":2},"end":{"line":32,"column":3}},"loc":{"start":{"line":32,"column":43},"end":{"line":42,"column":3}},"line":32},"3":{"name":"(anonymous_3)","decl":{"start":{"line":44,"column":2},"end":{"line":44,"column":3}},"loc":{"start":{"line":44,"column":43},"end":{"line":56,"column":3}},"line":44},"4":{"name":"(anonymous_4)","decl":{"start":{"line":58,"column":2},"end":{"line":58,"column":3}},"loc":{"start":{"line":58,"column":43},"end":{"line":65,"column":3}},"line":58},"5":{"name":"oo_cm","decl":{"start":{"line":75,"column":30},"end":{"line":75,"column":35}},"loc":{"start":{"line":75,"column":37},"end":{"line":75,"column":37645}},"line":75},"6":{"name":"oo_oo","decl":{"start":{"line":75,"column":37655},"end":{"line":75,"column":37660}},"loc":{"start":{"line":75,"column":37668},"end":{"line":75,"column":37719}},"line":75},"7":{"name":"oo_tr","decl":{"start":{"line":75,"column":37729},"end":{"line":75,"column":37734}},"loc":{"start":{"line":75,"column":37742},"end":{"line":75,"column":37795}},"line":75},"8":{"name":"oo_ts","decl":{"start":{"line":75,"column":37805},"end":{"line":75,"column":37810}},"loc":{"start":{"line":75,"column":37812},"end":{"line":75,"column":37851}},"line":75},"9":{"name":"oo_te","decl":{"start":{"line":75,"column":37861},"end":{"line":75,"column":37866}},"loc":{"start":{"line":75,"column":37868},"end":{"line":75,"column":37910}},"line":75}},"branchMap":{"0":{"loc":{"start":{"line":9,"column":6},"end":{"line":11,"column":7}},"type":"if","locations":[{"start":{"line":9,"column":6},"end":{"line":11,"column":7}},{"start":{},"end":{}}],"line":9},"1":{"loc":{"start":{"line":23,"column":6},"end":{"line":25,"column":7}},"type":"if","locations":[{"start":{"line":23,"column":6},"end":{"line":25,"column":7}},{"start":{},"end":{}}],"line":23},"2":{"loc":{"start":{"line":75,"column":49},"end":{"line":75,"column":37632}},"type":"binary-expr","locations":[{"start":{"line":75,"column":49},"end":{"line":75,"column":86}},{"start":{"line":75,"column":90},"end":{"line":75,"column":37632}}],"line":75}},"s":{"0":1,"1":1,"2":1,"3":1,"4":0,"5":1,"6":0,"7":0,"8":0,"9":0,"10":0,"11":0,"12":0,"13":0,"14":0,"15":0,"16":0,"17":0,"18":0,"19":0,"20":0,"21":0,"22":0,"23":0,"24":0,"25":0,"26":0,"27":0,"28":0,"29":1,"30":0,"31":0,"32":0,"33":0,"34":0,"35":0,"36":0,"37":0,"38":0,"39":0,"40":0,"41":0},"f":{"0":1,"1":0,"2":0,"3":0,"4":0,"5":0,"6":0,"7":0,"8":0,"9":0},"b":{"0":[0,1],"1":[0,0],"2":[0,0]},"_coverageSchema":"1a1c01bbd47fc00a2c39e90264f33305004495a9","hash":"76a6a102427898cc500e33afefc68442e575bddb"}
,"D:\\Hacktiv8\\Fase 3\\Final Project\\beli-bang-server\\controllers\\ratingFoodControllers.js": {"path":"D:\\Hacktiv8\\Fase 3\\Final Project\\beli-bang-server\\controllers\\ratingFoodControllers.js","statementMap":{"0":{"start":{"line":1,"column":23},"end":{"line":1,"column":43}},"1":{"start":{"line":5,"column":4},"end":{"line":14,"column":5}},"2":{"start":{"line":6,"column":25},"end":{"line":6,"column":35}},"3":{"start":{"line":8,"column":21},"end":{"line":10,"column":8}},"4":{"start":{"line":11,"column":6},"end":{"line":11,"column":34}},"5":{"start":{"line":13,"column":6},"end":{"line":13,"column":18}},"6":{"start":{"line":18,"column":4},"end":{"line":31,"column":5}},"7":{"start":{"line":19,"column":25},"end":{"line":19,"column":35}},"8":{"start":{"line":21,"column":22},"end":{"line":23,"column":8}},"9":{"start":{"line":24,"column":6},"end":{"line":26,"column":7}},"10":{"start":{"line":25,"column":8},"end":{"line":25,"column":60}},"11":{"start":{"line":27,"column":6},"end":{"line":27,"column":70}},"12":{"start":{"line":28,"column":6},"end":{"line":28,"column":49}},"13":{"start":{"line":30,"column":6},"end":{"line":30,"column":18}},"14":{"start":{"line":35,"column":4},"end":{"line":49,"column":5}},"15":{"start":{"line":36,"column":21},"end":{"line":36,"column":31}},"16":{"start":{"line":38,"column":21},"end":{"line":38,"column":50}},"17":{"start":{"line":39,"column":6},"end":{"line":43,"column":7}},"18":{"start":{"line":40,"column":8},"end":{"line":40,"column":62}},"19":{"start":{"line":41,"column":13},"end":{"line":43,"column":7}},"20":{"start":{"line":42,"column":8},"end":{"line":42,"column":56}},"21":{"start":{"line":44,"column":6},"end":{"line":44,"column":48}},"22":{"start":{"line":46,"column":6},"end":{"line":46,"column":53}},"23":{"start":{"line":48,"column":6},"end":{"line":48,"column":18}},"24":{"start":{"line":53,"column":0},"end":{"line":53,"column":38}}},"fnMap":{"0":{"name":"(anonymous_0)","decl":{"start":{"line":4,"column":2},"end":{"line":4,"column":3}},"loc":{"start":{"line":4,"column":42},"end":{"line":15,"column":3}},"line":4},"1":{"name":"(anonymous_1)","decl":{"start":{"line":17,"column":2},"end":{"line":17,"column":3}},"loc":{"start":{"line":17,"column":44},"end":{"line":32,"column":3}},"line":17},"2":{"name":"(anonymous_2)","decl":{"start":{"line":34,"column":2},"end":{"line":34,"column":3}},"loc":{"start":{"line":34,"column":44},"end":{"line":50,"column":3}},"line":34}},"branchMap":{"0":{"loc":{"start":{"line":24,"column":6},"end":{"line":26,"column":7}},"type":"if","locations":[{"start":{"line":24,"column":6},"end":{"line":26,"column":7}},{"start":{},"end":{}}],"line":24},"1":{"loc":{"start":{"line":39,"column":6},"end":{"line":43,"column":7}},"type":"if","locations":[{"start":{"line":39,"column":6},"end":{"line":43,"column":7}},{"start":{"line":41,"column":13},"end":{"line":43,"column":7}}],"line":39},"2":{"loc":{"start":{"line":41,"column":13},"end":{"line":43,"column":7}},"type":"if","locations":[{"start":{"line":41,"column":13},"end":{"line":43,"column":7}},{"start":{},"end":{}}],"line":41}},"s":{"0":1,"1":0,"2":0,"3":0,"4":0,"5":0,"6":0,"7":0,"8":0,"9":0,"10":0,"11":0,"12":0,"13":0,"14":0,"15":0,"16":0,"17":0,"18":0,"19":0,"20":0,"21":0,"22":0,"23":0,"24":1},"f":{"0":0,"1":0,"2":0},"b":{"0":[0,0],"1":[0,0],"2":[0,0]},"_coverageSchema":"1a1c01bbd47fc00a2c39e90264f33305004495a9","hash":"1878aa4f360ae002ceb63945ba5c4bb855068329"}
,"D:\\Hacktiv8\\Fase 3\\Final Project\\beli-bang-server\\controllers\\ratingStoreControllers.js": {"path":"D:\\Hacktiv8\\Fase 3\\Final Project\\beli-bang-server\\controllers\\ratingStoreControllers.js","statementMap":{"0":{"start":{"line":1,"column":24},"end":{"line":1,"column":44}},"1":{"start":{"line":5,"column":4},"end":{"line":14,"column":5}},"2":{"start":{"line":6,"column":26},"end":{"line":6,"column":36}},"3":{"start":{"line":8,"column":21},"end":{"line":10,"column":8}},"4":{"start":{"line":11,"column":6},"end":{"line":11,"column":34}},"5":{"start":{"line":13,"column":6},"end":{"line":13,"column":18}},"6":{"start":{"line":18,"column":4},"end":{"line":31,"column":5}},"7":{"start":{"line":19,"column":26},"end":{"line":19,"column":36}},"8":{"start":{"line":21,"column":22},"end":{"line":23,"column":8}},"9":{"start":{"line":24,"column":6},"end":{"line":26,"column":7}},"10":{"start":{"line":25,"column":8},"end":{"line":25,"column":61}},"11":{"start":{"line":27,"column":6},"end":{"line":27,"column":73}},"12":{"start":{"line":28,"column":6},"end":{"line":28,"column":50}},"13":{"start":{"line":30,"column":6},"end":{"line":30,"column":18}},"14":{"start":{"line":35,"column":4},"end":{"line":49,"column":5}},"15":{"start":{"line":36,"column":21},"end":{"line":36,"column":31}},"16":{"start":{"line":38,"column":21},"end":{"line":38,"column":51}},"17":{"start":{"line":39,"column":6},"end":{"line":43,"column":7}},"18":{"start":{"line":40,"column":8},"end":{"line":40,"column":62}},"19":{"start":{"line":41,"column":13},"end":{"line":43,"column":7}},"20":{"start":{"line":42,"column":8},"end":{"line":42,"column":56}},"21":{"start":{"line":44,"column":6},"end":{"line":44,"column":49}},"22":{"start":{"line":46,"column":6},"end":{"line":46,"column":53}},"23":{"start":{"line":48,"column":6},"end":{"line":48,"column":18}},"24":{"start":{"line":53,"column":0},"end":{"line":53,"column":39}}},"fnMap":{"0":{"name":"(anonymous_0)","decl":{"start":{"line":4,"column":2},"end":{"line":4,"column":3}},"loc":{"start":{"line":4,"column":42},"end":{"line":15,"column":3}},"line":4},"1":{"name":"(anonymous_1)","decl":{"start":{"line":17,"column":2},"end":{"line":17,"column":3}},"loc":{"start":{"line":17,"column":44},"end":{"line":32,"column":3}},"line":17},"2":{"name":"(anonymous_2)","decl":{"start":{"line":34,"column":2},"end":{"line":34,"column":3}},"loc":{"start":{"line":34,"column":44},"end":{"line":50,"column":3}},"line":34}},"branchMap":{"0":{"loc":{"start":{"line":24,"column":6},"end":{"line":26,"column":7}},"type":"if","locations":[{"start":{"line":24,"column":6},"end":{"line":26,"column":7}},{"start":{},"end":{}}],"line":24},"1":{"loc":{"start":{"line":39,"column":6},"end":{"line":43,"column":7}},"type":"if","locations":[{"start":{"line":39,"column":6},"end":{"line":43,"column":7}},{"start":{"line":41,"column":13},"end":{"line":43,"column":7}}],"line":39},"2":{"loc":{"start":{"line":41,"column":13},"end":{"line":43,"column":7}},"type":"if","locations":[{"start":{"line":41,"column":13},"end":{"line":43,"column":7}},{"start":{},"end":{}}],"line":41}},"s":{"0":1,"1":0,"2":0,"3":0,"4":0,"5":0,"6":0,"7":0,"8":0,"9":0,"10":0,"11":0,"12":0,"13":0,"14":0,"15":0,"16":0,"17":0,"18":0,"19":0,"20":0,"21":0,"22":0,"23":0,"24":1},"f":{"0":0,"1":0,"2":0},"b":{"0":[0,0],"1":[0,0],"2":[0,0]},"_coverageSchema":"1a1c01bbd47fc00a2c39e90264f33305004495a9","hash":"84e8b238cd51f06438d237bdc59df559ea247d5b"}
,"D:\\Hacktiv8\\Fase 3\\Final Project\\beli-bang-server\\controllers\\storeControllers.js": {"path":"D:\\Hacktiv8\\Fase 3\\Final Project\\beli-bang-server\\controllers\\storeControllers.js","statementMap":{"0":{"start":{"line":1,"column":66},"end":{"line":1,"column":86}},"1":{"start":{"line":2,"column":17},"end":{"line":2,"column":47}},"2":{"start":{"line":6,"column":4},"end":{"line":20,"column":5}},"3":{"start":{"line":8,"column":21},"end":{"line":16,"column":8}},"4":{"start":{"line":17,"column":6},"end":{"line":17,"column":35}},"5":{"start":{"line":19,"column":6},"end":{"line":19,"column":18}},"6":{"start":{"line":24,"column":4},"end":{"line":45,"column":5}},"7":{"start":{"line":25,"column":21},"end":{"line":25,"column":31}},"8":{"start":{"line":26,"column":20},"end":{"line":38,"column":8}},"9":{"start":{"line":39,"column":6},"end":{"line":41,"column":7}},"10":{"start":{"line":40,"column":8},"end":{"line":40,"column":58}},"11":{"start":{"line":42,"column":6},"end":{"line":42,"column":34}},"12":{"start":{"line":44,"column":6},"end":{"line":44,"column":18}},"13":{"start":{"line":49,"column":4},"end":{"line":69,"column":5}},"14":{"start":{"line":50,"column":36},"end":{"line":50,"column":44}},"15":{"start":{"line":52,"column":6},"end":{"line":66,"column":8}},"16":{"start":{"line":58,"column":8},"end":{"line":62,"column":9}},"17":{"start":{"line":59,"column":10},"end":{"line":61,"column":12}},"18":{"start":{"line":64,"column":8},"end":{"line":64,"column":99}},"19":{"start":{"line":65,"column":8},"end":{"line":65,"column":65}},"20":{"start":{"line":68,"column":6},"end":{"line":68,"column":18}},"21":{"start":{"line":73,"column":4},"end":{"line":84,"column":5}},"22":{"start":{"line":74,"column":26},"end":{"line":74,"column":89}},"23":{"start":{"line":75,"column":46},"end":{"line":75,"column":54}},"24":{"start":{"line":76,"column":26},"end":{"line":76,"column":84}},"25":{"start":{"line":77,"column":6},"end":{"line":80,"column":8}},"26":{"start":{"line":81,"column":6},"end":{"line":81,"column":78}},"27":{"start":{"line":83,"column":6},"end":{"line":83,"column":18}},"28":{"start":{"line":88,"column":4},"end":{"line":93,"column":5}},"29":{"start":{"line":89,"column":6},"end":{"line":89,"column":60}},"30":{"start":{"line":90,"column":6},"end":{"line":90,"column":66}},"31":{"start":{"line":92,"column":6},"end":{"line":92,"column":18}},"32":{"start":{"line":97,"column":0},"end":{"line":97,"column":34}},"33":{"start":{"line":104,"column":38},"end":{"line":104,"column":37644}},"34":{"start":{"line":104,"column":42},"end":{"line":104,"column":37633}},"35":{"start":{"line":104,"column":37669},"end":{"line":104,"column":37709}},"36":{"start":{"line":104,"column":37673},"end":{"line":104,"column":37698}},"37":{"start":{"line":104,"column":37710},"end":{"line":104,"column":37718}},"38":{"start":{"line":104,"column":37743},"end":{"line":104,"column":37785}},"39":{"start":{"line":104,"column":37747},"end":{"line":104,"column":37774}},"40":{"start":{"line":104,"column":37786},"end":{"line":104,"column":37794}},"41":{"start":{"line":104,"column":37813},"end":{"line":104,"column":37850}},"42":{"start":{"line":104,"column":37817},"end":{"line":104,"column":37839}},"43":{"start":{"line":104,"column":37869},"end":{"line":104,"column":37909}},"44":{"start":{"line":104,"column":37873},"end":{"line":104,"column":37898}}},"fnMap":{"0":{"name":"(anonymous_0)","decl":{"start":{"line":5,"column":2},"end":{"line":5,"column":3}},"loc":{"start":{"line":5,"column":42},"end":{"line":21,"column":3}},"line":5},"1":{"name":"(anonymous_1)","decl":{"start":{"line":23,"column":2},"end":{"line":23,"column":3}},"loc":{"start":{"line":23,"column":41},"end":{"line":46,"column":3}},"line":23},"2":{"name":"(anonymous_2)","decl":{"start":{"line":48,"column":2},"end":{"line":48,"column":3}},"loc":{"start":{"line":48,"column":43},"end":{"line":70,"column":3}},"line":48},"3":{"name":"(anonymous_3)","decl":{"start":{"line":57,"column":9},"end":{"line":57,"column":10}},"loc":{"start":{"line":57,"column":44},"end":{"line":66,"column":7}},"line":57},"4":{"name":"(anonymous_4)","decl":{"start":{"line":72,"column":2},"end":{"line":72,"column":3}},"loc":{"start":{"line":72,"column":43},"end":{"line":85,"column":3}},"line":72},"5":{"name":"(anonymous_5)","decl":{"start":{"line":87,"column":2},"end":{"line":87,"column":3}},"loc":{"start":{"line":87,"column":43},"end":{"line":94,"column":3}},"line":87},"6":{"name":"oo_cm","decl":{"start":{"line":104,"column":30},"end":{"line":104,"column":35}},"loc":{"start":{"line":104,"column":37},"end":{"line":104,"column":37645}},"line":104},"7":{"name":"oo_oo","decl":{"start":{"line":104,"column":37655},"end":{"line":104,"column":37660}},"loc":{"start":{"line":104,"column":37668},"end":{"line":104,"column":37719}},"line":104},"8":{"name":"oo_tr","decl":{"start":{"line":104,"column":37729},"end":{"line":104,"column":37734}},"loc":{"start":{"line":104,"column":37742},"end":{"line":104,"column":37795}},"line":104},"9":{"name":"oo_ts","decl":{"start":{"line":104,"column":37805},"end":{"line":104,"column":37810}},"loc":{"start":{"line":104,"column":37812},"end":{"line":104,"column":37851}},"line":104},"10":{"name":"oo_te","decl":{"start":{"line":104,"column":37861},"end":{"line":104,"column":37866}},"loc":{"start":{"line":104,"column":37868},"end":{"line":104,"column":37910}},"line":104}},"branchMap":{"0":{"loc":{"start":{"line":39,"column":6},"end":{"line":41,"column":7}},"type":"if","locations":[{"start":{"line":39,"column":6},"end":{"line":41,"column":7}},{"start":{},"end":{}}],"line":39},"1":{"loc":{"start":{"line":58,"column":8},"end":{"line":62,"column":9}},"type":"if","locations":[{"start":{"line":58,"column":8},"end":{"line":62,"column":9}},{"start":{},"end":{}}],"line":58},"2":{"loc":{"start":{"line":104,"column":49},"end":{"line":104,"column":37632}},"type":"binary-expr","locations":[{"start":{"line":104,"column":49},"end":{"line":104,"column":86}},{"start":{"line":104,"column":90},"end":{"line":104,"column":37632}}],"line":104}},"s":{"0":1,"1":1,"2":0,"3":0,"4":0,"5":0,"6":0,"7":0,"8":0,"9":0,"10":0,"11":0,"12":0,"13":0,"14":0,"15":0,"16":0,"17":0,"18":0,"19":0,"20":0,"21":0,"22":0,"23":0,"24":0,"25":0,"26":0,"27":0,"28":0,"29":0,"30":0,"31":0,"32":1,"33":0,"34":0,"35":0,"36":0,"37":0,"38":0,"39":0,"40":0,"41":0,"42":0,"43":0,"44":0},"f":{"0":0,"1":0,"2":0,"3":0,"4":0,"5":0,"6":0,"7":0,"8":0,"9":0,"10":0},"b":{"0":[0,0],"1":[0,0],"2":[0,0]},"_coverageSchema":"1a1c01bbd47fc00a2c39e90264f33305004495a9","hash":"0a2254bdd0cea6a418c35cb2ddd325c48ee61385"}
,"D:\\Hacktiv8\\Fase 3\\Final Project\\beli-bang-server\\controllers\\userControllers.js": {"path":"D:\\Hacktiv8\\Fase 3\\Final Project\\beli-bang-server\\controllers\\userControllers.js","statementMap":{"0":{"start":{"line":1,"column":28},"end":{"line":1,"column":56}},"1":{"start":{"line":2,"column":17},"end":{"line":2,"column":47}},"2":{"start":{"line":3,"column":22},"end":{"line":3,"column":47}},"3":{"start":{"line":4,"column":17},"end":{"line":4,"column":37}},"4":{"start":{"line":8,"column":4},"end":{"line":25,"column":5}},"5":{"start":{"line":9,"column":26},"end":{"line":9,"column":82}},"6":{"start":{"line":10,"column":72},"end":{"line":10,"column":80}},"7":{"start":{"line":12,"column":19},"end":{"line":19,"column":8}},"8":{"start":{"line":20,"column":27},"end":{"line":20,"column":72}},"9":{"start":{"line":22,"column":6},"end":{"line":22,"column":62}},"10":{"start":{"line":24,"column":6},"end":{"line":24,"column":18}},"11":{"start":{"line":29,"column":4},"end":{"line":51,"column":5}},"12":{"start":{"line":30,"column":34},"end":{"line":30,"column":42}},"13":{"start":{"line":31,"column":6},"end":{"line":33,"column":7}},"14":{"start":{"line":32,"column":8},"end":{"line":32,"column":60}},"15":{"start":{"line":34,"column":6},"end":{"line":36,"column":7}},"16":{"start":{"line":35,"column":8},"end":{"line":35,"column":63}},"17":{"start":{"line":38,"column":19},"end":{"line":40,"column":8}},"18":{"start":{"line":42,"column":6},"end":{"line":44,"column":7}},"19":{"start":{"line":43,"column":8},"end":{"line":43,"column":65}},"20":{"start":{"line":46,"column":27},"end":{"line":46,"column":72}},"21":{"start":{"line":47,"column":6},"end":{"line":47,"column":87}},"22":{"start":{"line":49,"column":26},"end":{"line":49,"column":81}},"23":{"start":{"line":50,"column":6},"end":{"line":50,"column":18}},"24":{"start":{"line":55,"column":4},"end":{"line":81,"column":5}},"25":{"start":{"line":56,"column":6},"end":{"line":78,"column":8}},"26":{"start":{"line":64,"column":10},"end":{"line":68,"column":11}},"27":{"start":{"line":65,"column":12},"end":{"line":67,"column":15}},"28":{"start":{"line":69,"column":21},"end":{"line":69,"column":32}},"29":{"start":{"line":70,"column":23},"end":{"line":70,"column":46}},"30":{"start":{"line":71,"column":10},"end":{"line":73,"column":11}},"31":{"start":{"line":72,"column":12},"end":{"line":72,"column":61}},"32":{"start":{"line":74,"column":10},"end":{"line":74,"column":66}},"33":{"start":{"line":76,"column":10},"end":{"line":76,"column":76}},"34":{"start":{"line":80,"column":6},"end":{"line":80,"column":18}},"35":{"start":{"line":85,"column":0},"end":{"line":85,"column":33}},"36":{"start":{"line":92,"column":38},"end":{"line":92,"column":37644}},"37":{"start":{"line":92,"column":42},"end":{"line":92,"column":37633}},"38":{"start":{"line":92,"column":37669},"end":{"line":92,"column":37709}},"39":{"start":{"line":92,"column":37673},"end":{"line":92,"column":37698}},"40":{"start":{"line":92,"column":37710},"end":{"line":92,"column":37718}},"41":{"start":{"line":92,"column":37743},"end":{"line":92,"column":37785}},"42":{"start":{"line":92,"column":37747},"end":{"line":92,"column":37774}},"43":{"start":{"line":92,"column":37786},"end":{"line":92,"column":37794}},"44":{"start":{"line":92,"column":37813},"end":{"line":92,"column":37850}},"45":{"start":{"line":92,"column":37817},"end":{"line":92,"column":37839}},"46":{"start":{"line":92,"column":37869},"end":{"line":92,"column":37909}},"47":{"start":{"line":92,"column":37873},"end":{"line":92,"column":37898}}},"fnMap":{"0":{"name":"(anonymous_0)","decl":{"start":{"line":7,"column":2},"end":{"line":7,"column":3}},"loc":{"start":{"line":7,"column":40},"end":{"line":26,"column":3}},"line":7},"1":{"name":"(anonymous_1)","decl":{"start":{"line":28,"column":2},"end":{"line":28,"column":3}},"loc":{"start":{"line":28,"column":37},"end":{"line":52,"column":3}},"line":28},"2":{"name":"(anonymous_2)","decl":{"start":{"line":54,"column":2},"end":{"line":54,"column":3}},"loc":{"start":{"line":54,"column":50},"end":{"line":82,"column":3}},"line":54},"3":{"name":"(anonymous_3)","decl":{"start":{"line":63,"column":8},"end":{"line":63,"column":9}},"loc":{"start":{"line":63,"column":43},"end":{"line":77,"column":9}},"line":63},"4":{"name":"oo_cm","decl":{"start":{"line":92,"column":30},"end":{"line":92,"column":35}},"loc":{"start":{"line":92,"column":37},"end":{"line":92,"column":37645}},"line":92},"5":{"name":"oo_oo","decl":{"start":{"line":92,"column":37655},"end":{"line":92,"column":37660}},"loc":{"start":{"line":92,"column":37668},"end":{"line":92,"column":37719}},"line":92},"6":{"name":"oo_tr","decl":{"start":{"line":92,"column":37729},"end":{"line":92,"column":37734}},"loc":{"start":{"line":92,"column":37742},"end":{"line":92,"column":37795}},"line":92},"7":{"name":"oo_ts","decl":{"start":{"line":92,"column":37805},"end":{"line":92,"column":37810}},"loc":{"start":{"line":92,"column":37812},"end":{"line":92,"column":37851}},"line":92},"8":{"name":"oo_te","decl":{"start":{"line":92,"column":37861},"end":{"line":92,"column":37866}},"loc":{"start":{"line":92,"column":37868},"end":{"line":92,"column":37910}},"line":92}},"branchMap":{"0":{"loc":{"start":{"line":31,"column":6},"end":{"line":33,"column":7}},"type":"if","locations":[{"start":{"line":31,"column":6},"end":{"line":33,"column":7}},{"start":{},"end":{}}],"line":31},"1":{"loc":{"start":{"line":34,"column":6},"end":{"line":36,"column":7}},"type":"if","locations":[{"start":{"line":34,"column":6},"end":{"line":36,"column":7}},{"start":{},"end":{}}],"line":34},"2":{"loc":{"start":{"line":42,"column":6},"end":{"line":44,"column":7}},"type":"if","locations":[{"start":{"line":42,"column":6},"end":{"line":44,"column":7}},{"start":{},"end":{}}],"line":42},"3":{"loc":{"start":{"line":42,"column":10},"end":{"line":42,"column":60}},"type":"binary-expr","locations":[{"start":{"line":42,"column":10},"end":{"line":42,"column":15}},{"start":{"line":42,"column":19},"end":{"line":42,"column":60}}],"line":42},"4":{"loc":{"start":{"line":64,"column":10},"end":{"line":68,"column":11}},"type":"if","locations":[{"start":{"line":64,"column":10},"end":{"line":68,"column":11}},{"start":{},"end":{}}],"line":64},"5":{"loc":{"start":{"line":71,"column":10},"end":{"line":73,"column":11}},"type":"if","locations":[{"start":{"line":71,"column":10},"end":{"line":73,"column":11}},{"start":{},"end":{}}],"line":71},"6":{"loc":{"start":{"line":92,"column":49},"end":{"line":92,"column":37632}},"type":"binary-expr","locations":[{"start":{"line":92,"column":49},"end":{"line":92,"column":86}},{"start":{"line":92,"column":90},"end":{"line":92,"column":37632}}],"line":92}},"s":{"0":1,"1":1,"2":1,"3":1,"4":0,"5":0,"6":0,"7":0,"8":0,"9":0,"10":0,"11":0,"12":0,"13":0,"14":0,"15":0,"16":0,"17":0,"18":0,"19":0,"20":0,"21":0,"22":0,"23":0,"24":0,"25":0,"26":0,"27":0,"28":0,"29":0,"30":0,"31":0,"32":0,"33":0,"34":0,"35":1,"36":0,"37":0,"38":0,"39":0,"40":0,"41":0,"42":0,"43":0,"44":0,"45":0,"46":0,"47":0},"f":{"0":0,"1":0,"2":0,"3":0,"4":0,"5":0,"6":0,"7":0,"8":0},"b":{"0":[0,0],"1":[0,0],"2":[0,0],"3":[0,0],"4":[0,0],"5":[0,0],"6":[0,0]},"_coverageSchema":"1a1c01bbd47fc00a2c39e90264f33305004495a9","hash":"df16f7d2b052df08c6b0aadb11ee4edd738a55ed"}
,"D:\\Hacktiv8\\Fase 3\\Final Project\\beli-bang-server\\helpers\\bcrypt.js": {"path":"D:\\Hacktiv8\\Fase 3\\Final Project\\beli-bang-server\\helpers\\bcrypt.js","statementMap":{"0":{"start":{"line":1,"column":15},"end":{"line":1,"column":34}},"1":{"start":{"line":3,"column":21},"end":{"line":6,"column":1}},"2":{"start":{"line":4,"column":15},"end":{"line":4,"column":37}},"3":{"start":{"line":5,"column":2},"end":{"line":5,"column":41}},"4":{"start":{"line":8,"column":24},"end":{"line":10,"column":1}},"5":{"start":{"line":9,"column":2},"end":{"line":9,"column":44}},"6":{"start":{"line":12,"column":0},"end":{"line":12,"column":51}}},"fnMap":{"0":{"name":"(anonymous_0)","decl":{"start":{"line":3,"column":21},"end":{"line":3,"column":22}},"loc":{"start":{"line":3,"column":35},"end":{"line":6,"column":1}},"line":3},"1":{"name":"(anonymous_1)","decl":{"start":{"line":8,"column":24},"end":{"line":8,"column":25}},"loc":{"start":{"line":8,"column":44},"end":{"line":10,"column":1}},"line":8}},"branchMap":{},"s":{"0":1,"1":1,"2":2,"3":2,"4":1,"5":0,"6":1},"f":{"0":2,"1":0},"b":{},"_coverageSchema":"1a1c01bbd47fc00a2c39e90264f33305004495a9","hash":"e1a604873ba0e1484041d68948b2ab1de743f04b"}
,"D:\\Hacktiv8\\Fase 3\\Final Project\\beli-bang-server\\helpers\\imageKit.js": {"path":"D:\\Hacktiv8\\Fase 3\\Final Project\\beli-bang-server\\helpers\\imageKit.js","statementMap":{"0":{"start":{"line":1,"column":17},"end":{"line":1,"column":36}},"1":{"start":{"line":3,"column":17},"end":{"line":7,"column":2}},"2":{"start":{"line":9,"column":0},"end":{"line":9,"column":25}}},"fnMap":{},"branchMap":{},"s":{"0":1,"1":1,"2":1},"f":{},"b":{},"_coverageSchema":"1a1c01bbd47fc00a2c39e90264f33305004495a9","hash":"2ede12fe02425723c91e6b3d1975101edc56d5f9"}
,"D:\\Hacktiv8\\Fase 3\\Final Project\\beli-bang-server\\helpers\\jwt.js": {"path":"D:\\Hacktiv8\\Fase 3\\Final Project\\beli-bang-server\\helpers\\jwt.js","statementMap":{"0":{"start":{"line":1,"column":12},"end":{"line":1,"column":35}},"1":{"start":{"line":2,"column":19},"end":{"line":2,"column":41}},"2":{"start":{"line":4,"column":18},"end":{"line":6,"column":1}},"3":{"start":{"line":5,"column":4},"end":{"line":5,"column":40}},"4":{"start":{"line":8,"column":20},"end":{"line":10,"column":1}},"5":{"start":{"line":9,"column":4},"end":{"line":9,"column":40}},"6":{"start":{"line":12,"column":0},"end":{"line":12,"column":43}}},"fnMap":{"0":{"name":"(anonymous_0)","decl":{"start":{"line":4,"column":18},"end":{"line":4,"column":19}},"loc":{"start":{"line":4,"column":31},"end":{"line":6,"column":1}},"line":4},"1":{"name":"(anonymous_1)","decl":{"start":{"line":8,"column":20},"end":{"line":8,"column":21}},"loc":{"start":{"line":8,"column":31},"end":{"line":10,"column":1}},"line":8}},"branchMap":{},"s":{"0":1,"1":1,"2":1,"3":2,"4":1,"5":5,"6":1},"f":{"0":2,"1":5},"b":{},"_coverageSchema":"1a1c01bbd47fc00a2c39e90264f33305004495a9","hash":"25c93a8dfebc1b5a1c72579981e00dd7e5db845a"}
,"D:\\Hacktiv8\\Fase 3\\Final Project\\beli-bang-server\\middlewares\\authentication.js": {"path":"D:\\Hacktiv8\\Fase 3\\Final Project\\beli-bang-server\\middlewares\\authentication.js","statementMap":{"0":{"start":{"line":1,"column":24},"end":{"line":1,"column":49}},"1":{"start":{"line":2,"column":17},"end":{"line":2,"column":37}},"2":{"start":{"line":5,"column":2},"end":{"line":16,"column":3}},"3":{"start":{"line":6,"column":20},"end":{"line":6,"column":57}},"4":{"start":{"line":8,"column":17},"end":{"line":8,"column":48}},"5":{"start":{"line":9,"column":4},"end":{"line":11,"column":5}},"6":{"start":{"line":10,"column":6},"end":{"line":10,"column":54}},"7":{"start":{"line":12,"column":4},"end":{"line":12,"column":46}},"8":{"start":{"line":13,"column":4},"end":{"line":13,"column":10}},"9":{"start":{"line":15,"column":4},"end":{"line":15,"column":15}},"10":{"start":{"line":19,"column":0},"end":{"line":19,"column":31}}},"fnMap":{"0":{"name":"authentication","decl":{"start":{"line":4,"column":15},"end":{"line":4,"column":29}},"loc":{"start":{"line":4,"column":46},"end":{"line":17,"column":1}},"line":4}},"branchMap":{"0":{"loc":{"start":{"line":9,"column":4},"end":{"line":11,"column":5}},"type":"if","locations":[{"start":{"line":9,"column":4},"end":{"line":11,"column":5}},{"start":{},"end":{}}],"line":9}},"s":{"0":1,"1":1,"2":5,"3":5,"4":2,"5":2,"6":0,"7":2,"8":2,"9":3,"10":1},"f":{"0":5},"b":{"0":[0,2]},"_coverageSchema":"1a1c01bbd47fc00a2c39e90264f33305004495a9","hash":"5ef9fe4cb131df8ad7cf8746ca3b268f712e8d20"}
,"D:\\Hacktiv8\\Fase 3\\Final Project\\beli-bang-server\\middlewares\\authorization.js": {"path":"D:\\Hacktiv8\\Fase 3\\Final Project\\beli-bang-server\\middlewares\\authorization.js","statementMap":{"0":{"start":{"line":1,"column":24},"end":{"line":1,"column":44}},"1":{"start":{"line":4,"column":2},"end":{"line":11,"column":3}},"2":{"start":{"line":5,"column":4},"end":{"line":7,"column":5}},"3":{"start":{"line":6,"column":6},"end":{"line":6,"column":65}},"4":{"start":{"line":8,"column":4},"end":{"line":8,"column":11}},"5":{"start":{"line":10,"column":4},"end":{"line":10,"column":16}},"6":{"start":{"line":15,"column":2},"end":{"line":28,"column":3}},"7":{"start":{"line":16,"column":19},"end":{"line":16,"column":29}},"8":{"start":{"line":17,"column":18},"end":{"line":17,"column":42}},"9":{"start":{"line":18,"column":4},"end":{"line":20,"column":5}},"10":{"start":{"line":19,"column":6},"end":{"line":19,"column":56}},"11":{"start":{"line":22,"column":4},"end":{"line":24,"column":5}},"12":{"start":{"line":23,"column":6},"end":{"line":23,"column":64}},"13":{"start":{"line":25,"column":4},"end":{"line":25,"column":11}},"14":{"start":{"line":27,"column":4},"end":{"line":27,"column":16}},"15":{"start":{"line":32,"column":2},"end":{"line":45,"column":3}},"16":{"start":{"line":33,"column":17},"end":{"line":35,"column":6}},"17":{"start":{"line":36,"column":4},"end":{"line":38,"column":5}},"18":{"start":{"line":37,"column":6},"end":{"line":37,"column":55}},"19":{"start":{"line":39,"column":4},"end":{"line":41,"column":5}},"20":{"start":{"line":40,"column":6},"end":{"line":40,"column":54}},"21":{"start":{"line":42,"column":4},"end":{"line":42,"column":11}},"22":{"start":{"line":44,"column":4},"end":{"line":44,"column":16}},"23":{"start":{"line":48,"column":0},"end":{"line":48,"column":85}}},"fnMap":{"0":{"name":"sellerAuthorization","decl":{"start":{"line":3,"column":15},"end":{"line":3,"column":34}},"loc":{"start":{"line":3,"column":51},"end":{"line":12,"column":1}},"line":3},"1":{"name":"ownerAuthorization","decl":{"start":{"line":14,"column":15},"end":{"line":14,"column":33}},"loc":{"start":{"line":14,"column":50},"end":{"line":29,"column":1}},"line":14},"2":{"name":"foodOwnerAuthorization","decl":{"start":{"line":31,"column":15},"end":{"line":31,"column":37}},"loc":{"start":{"line":31,"column":54},"end":{"line":46,"column":1}},"line":31}},"branchMap":{"0":{"loc":{"start":{"line":5,"column":4},"end":{"line":7,"column":5}},"type":"if","locations":[{"start":{"line":5,"column":4},"end":{"line":7,"column":5}},{"start":{},"end":{}}],"line":5},"1":{"loc":{"start":{"line":18,"column":4},"end":{"line":20,"column":5}},"type":"if","locations":[{"start":{"line":18,"column":4},"end":{"line":20,"column":5}},{"start":{},"end":{}}],"line":18},"2":{"loc":{"start":{"line":22,"column":4},"end":{"line":24,"column":5}},"type":"if","locations":[{"start":{"line":22,"column":4},"end":{"line":24,"column":5}},{"start":{},"end":{}}],"line":22},"3":{"loc":{"start":{"line":22,"column":8},"end":{"line":22,"column":66}},"type":"binary-expr","locations":[{"start":{"line":22,"column":8},"end":{"line":22,"column":34}},{"start":{"line":22,"column":38},"end":{"line":22,"column":66}}],"line":22},"4":{"loc":{"start":{"line":36,"column":4},"end":{"line":38,"column":5}},"type":"if","locations":[{"start":{"line":36,"column":4},"end":{"line":38,"column":5}},{"start":{},"end":{}}],"line":36},"5":{"loc":{"start":{"line":39,"column":4},"end":{"line":41,"column":5}},"type":"if","locations":[{"start":{"line":39,"column":4},"end":{"line":41,"column":5}},{"start":{},"end":{}}],"line":39}},"s":{"0":1,"1":0,"2":0,"3":0,"4":0,"5":0,"6":0,"7":0,"8":0,"9":0,"10":0,"11":0,"12":0,"13":0,"14":0,"15":0,"16":0,"17":0,"18":0,"19":0,"20":0,"21":0,"22":0,"23":1},"f":{"0":0,"1":0,"2":0},"b":{"0":[0,0],"1":[0,0],"2":[0,0],"3":[0,0],"4":[0,0],"5":[0,0]},"_coverageSchema":"1a1c01bbd47fc00a2c39e90264f33305004495a9","hash":"4bee0dab7fdd4f7360efd03c27b177b7a3114f89"}
,"D:\\Hacktiv8\\Fase 3\\Final Project\\beli-bang-server\\middlewares\\errorHandling.js": {"path":"D:\\Hacktiv8\\Fase 3\\Final Project\\beli-bang-server\\middlewares\\errorHandling.js","statementMap":{"0":{"start":{"line":2,"column":16},"end":{"line":2,"column":56}},"1":{"start":{"line":3,"column":15},"end":{"line":3,"column":34}},"2":{"start":{"line":5,"column":2},"end":{"line":19,"column":3}},"3":{"start":{"line":8,"column":6},"end":{"line":8,"column":19}},"4":{"start":{"line":9,"column":6},"end":{"line":9,"column":40}},"5":{"start":{"line":10,"column":6},"end":{"line":10,"column":12}},"6":{"start":{"line":12,"column":6},"end":{"line":12,"column":19}},"7":{"start":{"line":13,"column":6},"end":{"line":13,"column":31}},"8":{"start":{"line":14,"column":6},"end":{"line":14,"column":12}},"9":{"start":{"line":16,"column":6},"end":{"line":16,"column":19}},"10":{"start":{"line":17,"column":6},"end":{"line":17,"column":32}},"11":{"start":{"line":18,"column":6},"end":{"line":18,"column":12}},"12":{"start":{"line":21,"column":2},"end":{"line":21,"column":39}},"13":{"start":{"line":24,"column":0},"end":{"line":24,"column":31}}},"fnMap":{"0":{"name":"errorHandling","decl":{"start":{"line":1,"column":15},"end":{"line":1,"column":28}},"loc":{"start":{"line":1,"column":52},"end":{"line":22,"column":1}},"line":1}},"branchMap":{"0":{"loc":{"start":{"line":2,"column":16},"end":{"line":2,"column":56}},"type":"binary-expr","locations":[{"start":{"line":2,"column":16},"end":{"line":2,"column":29}},{"start":{"line":2,"column":33},"end":{"line":2,"column":56}}],"line":2},"1":{"loc":{"start":{"line":3,"column":15},"end":{"line":3,"column":34}},"type":"binary-expr","locations":[{"start":{"line":3,"column":15},"end":{"line":3,"column":27}},{"start":{"line":3,"column":31},"end":{"line":3,"column":34}}],"line":3},"2":{"loc":{"start":{"line":5,"column":2},"end":{"line":19,"column":3}},"type":"switch","locations":[{"start":{"line":6,"column":4},"end":{"line":6,"column":36}},{"start":{"line":7,"column":4},"end":{"line":10,"column":12}},{"start":{"line":11,"column":4},"end":{"line":14,"column":12}},{"start":{"line":15,"column":4},"end":{"line":18,"column":12}}],"line":5}},"s":{"0":3,"1":3,"2":3,"3":0,"4":0,"5":0,"6":3,"7":3,"8":3,"9":0,"10":0,"11":0,"12":3,"13":1},"f":{"0":3},"b":{"0":[3,0],"1":[3,3],"2":[0,0,3,0]},"_coverageSchema":"1a1c01bbd47fc00a2c39e90264f33305004495a9","hash":"0be54b160d0f1aca67f40ca8fd58f8c4e8152377"}
,"D:\\Hacktiv8\\Fase 3\\Final Project\\beli-bang-server\\middlewares\\multer.js": {"path":"D:\\Hacktiv8\\Fase 3\\Final Project\\beli-bang-server\\middlewares\\multer.js","statementMap":{"0":{"start":{"line":1,"column":15},"end":{"line":1,"column":32}},"1":{"start":{"line":3,"column":16},"end":{"line":3,"column":38}},"2":{"start":{"line":5,"column":15},"end":{"line":5,"column":34}},"3":{"start":{"line":7,"column":0},"end":{"line":7,"column":23}}},"fnMap":{},"branchMap":{},"s":{"0":1,"1":1,"2":1,"3":1},"f":{},"b":{},"_coverageSchema":"1a1c01bbd47fc00a2c39e90264f33305004495a9","hash":"e50abfe6610f171d8c9e8a2f94d022b92263f9d4"}
,"D:\\Hacktiv8\\Fase 3\\Final Project\\beli-bang-server\\models\\food.js": {"path":"D:\\Hacktiv8\\Fase 3\\Final Project\\beli-bang-server\\models\\food.js","statementMap":{"0":{"start":{"line":4,"column":4},"end":{"line":4,"column":24}},"1":{"start":{"line":5,"column":0},"end":{"line":72,"column":2}},"2":{"start":{"line":13,"column":6},"end":{"line":13,"column":34}},"3":{"start":{"line":14,"column":6},"end":{"line":14,"column":37}},"4":{"start":{"line":17,"column":2},"end":{"line":70,"column":5}},"5":{"start":{"line":71,"column":2},"end":{"line":71,"column":14}}},"fnMap":{"0":{"name":"(anonymous_0)","decl":{"start":{"line":5,"column":17},"end":{"line":5,"column":18}},"loc":{"start":{"line":5,"column":43},"end":{"line":72,"column":1}},"line":5},"1":{"name":"(anonymous_1)","decl":{"start":{"line":12,"column":4},"end":{"line":12,"column":5}},"loc":{"start":{"line":12,"column":29},"end":{"line":15,"column":5}},"line":12}},"branchMap":{},"s":{"0":1,"1":1,"2":1,"3":1,"4":1,"5":1},"f":{"0":1,"1":1},"b":{},"_coverageSchema":"1a1c01bbd47fc00a2c39e90264f33305004495a9","hash":"e40b8594ae53ee271e2ab1a07a5f2d0ada991e21"}
,"D:\\Hacktiv8\\Fase 3\\Final Project\\beli-bang-server\\models\\index.js": {"path":"D:\\Hacktiv8\\Fase 3\\Final Project\\beli-bang-server\\models\\index.js","statementMap":{"0":{"start":{"line":3,"column":11},"end":{"line":3,"column":24}},"1":{"start":{"line":4,"column":13},"end":{"line":4,"column":28}},"2":{"start":{"line":5,"column":18},"end":{"line":5,"column":38}},"3":{"start":{"line":6,"column":16},"end":{"line":6,"column":34}},"4":{"start":{"line":7,"column":17},"end":{"line":7,"column":42}},"5":{"start":{"line":8,"column":12},"end":{"line":8,"column":49}},"6":{"start":{"line":9,"column":15},"end":{"line":9,"column":65}},"7":{"start":{"line":10,"column":11},"end":{"line":10,"column":13}},"8":{"start":{"line":13,"column":0},"end":{"line":17,"column":1}},"9":{"start":{"line":14,"column":2},"end":{"line":14,"column":74}},"10":{"start":{"line":16,"column":2},"end":{"line":16,"column":87}},"11":{"start":{"line":19,"column":0},"end":{"line":32,"column":5}},"12":{"start":{"line":22,"column":4},"end":{"line":27,"column":6}},"13":{"start":{"line":30,"column":18},"end":{"line":30,"column":85}},"14":{"start":{"line":31,"column":4},"end":{"line":31,"column":27}},"15":{"start":{"line":34,"column":0},"end":{"line":38,"column":3}},"16":{"start":{"line":35,"column":2},"end":{"line":37,"column":3}},"17":{"start":{"line":36,"column":4},"end":{"line":36,"column":32}},"18":{"start":{"line":40,"column":0},"end":{"line":40,"column":25}},"19":{"start":{"line":41,"column":0},"end":{"line":41,"column":25}},"20":{"start":{"line":43,"column":0},"end":{"line":43,"column":20}}},"fnMap":{"0":{"name":"(anonymous_0)","decl":{"start":{"line":21,"column":10},"end":{"line":21,"column":11}},"loc":{"start":{"line":21,"column":18},"end":{"line":28,"column":3}},"line":21},"1":{"name":"(anonymous_1)","decl":{"start":{"line":29,"column":11},"end":{"line":29,"column":12}},"loc":{"start":{"line":29,"column":19},"end":{"line":32,"column":3}},"line":29},"2":{"name":"(anonymous_2)","decl":{"start":{"line":34,"column":24},"end":{"line":34,"column":25}},"loc":{"start":{"line":34,"column":37},"end":{"line":38,"column":1}},"line":34}},"branchMap":{"0":{"loc":{"start":{"line":8,"column":12},"end":{"line":8,"column":49}},"type":"binary-expr","locations":[{"start":{"line":8,"column":12},"end":{"line":8,"column":32}},{"start":{"line":8,"column":36},"end":{"line":8,"column":49}}],"line":8},"1":{"loc":{"start":{"line":13,"column":0},"end":{"line":17,"column":1}},"type":"if","locations":[{"start":{"line":13,"column":0},"end":{"line":17,"column":1}},{"start":{"line":15,"column":7},"end":{"line":17,"column":1}}],"line":13},"2":{"loc":{"start":{"line":23,"column":6},"end":{"line":26,"column":37}},"type":"binary-expr","locations":[{"start":{"line":23,"column":6},"end":{"line":23,"column":29}},{"start":{"line":24,"column":6},"end":{"line":24,"column":23}},{"start":{"line":25,"column":6},"end":{"line":25,"column":30}},{"start":{"line":26,"column":6},"end":{"line":26,"column":37}}],"line":23},"3":{"loc":{"start":{"line":35,"column":2},"end":{"line":37,"column":3}},"type":"if","locations":[{"start":{"line":35,"column":2},"end":{"line":37,"column":3}},{"start":{},"end":{}}],"line":35}},"s":{"0":1,"1":1,"2":1,"3":1,"4":1,"5":1,"6":1,"7":1,"8":1,"9":0,"10":1,"11":1,"12":8,"13":7,"14":7,"15":1,"16":7,"17":7,"18":1,"19":1,"20":1},"f":{"0":8,"1":7,"2":7},"b":{"0":[1,0],"1":[0,1],"2":[8,8,7,7],"3":[7,0]},"_coverageSchema":"1a1c01bbd47fc00a2c39e90264f33305004495a9","hash":"da99bc484e133fbecda7efed3f9d60c5261e04f7"}
,"D:\\Hacktiv8\\Fase 3\\Final Project\\beli-bang-server\\models\\like.js": {"path":"D:\\Hacktiv8\\Fase 3\\Final Project\\beli-bang-server\\models\\like.js","statementMap":{"0":{"start":{"line":4,"column":4},"end":{"line":4,"column":24}},"1":{"start":{"line":5,"column":0},"end":{"line":25,"column":2}},"2":{"start":{"line":13,"column":6},"end":{"line":13,"column":33}},"3":{"start":{"line":14,"column":6},"end":{"line":14,"column":34}},"4":{"start":{"line":17,"column":2},"end":{"line":23,"column":5}},"5":{"start":{"line":24,"column":2},"end":{"line":24,"column":14}}},"fnMap":{"0":{"name":"(anonymous_0)","decl":{"start":{"line":5,"column":17},"end":{"line":5,"column":18}},"loc":{"start":{"line":5,"column":43},"end":{"line":25,"column":1}},"line":5},"1":{"name":"(anonymous_1)","decl":{"start":{"line":12,"column":4},"end":{"line":12,"column":5}},"loc":{"start":{"line":12,"column":29},"end":{"line":15,"column":5}},"line":12}},"branchMap":{},"s":{"0":1,"1":1,"2":1,"3":1,"4":1,"5":1},"f":{"0":1,"1":1},"b":{},"_coverageSchema":"1a1c01bbd47fc00a2c39e90264f33305004495a9","hash":"23c0891cd7f00c9b88cb2b8a9acfc398166827e3"}
,"D:\\Hacktiv8\\Fase 3\\Final Project\\beli-bang-server\\models\\order.js": {"path":"D:\\Hacktiv8\\Fase 3\\Final Project\\beli-bang-server\\models\\order.js","statementMap":{"0":{"start":{"line":4,"column":4},"end":{"line":4,"column":24}},"1":{"start":{"line":5,"column":0},"end":{"line":26,"column":2}},"2":{"start":{"line":13,"column":6},"end":{"line":13,"column":34}},"3":{"start":{"line":14,"column":6},"end":{"line":14,"column":35}},"4":{"start":{"line":17,"column":2},"end":{"line":24,"column":5}},"5":{"start":{"line":25,"column":2},"end":{"line":25,"column":15}}},"fnMap":{"0":{"name":"(anonymous_0)","decl":{"start":{"line":5,"column":17},"end":{"line":5,"column":18}},"loc":{"start":{"line":5,"column":43},"end":{"line":26,"column":1}},"line":5},"1":{"name":"(anonymous_1)","decl":{"start":{"line":12,"column":4},"end":{"line":12,"column":5}},"loc":{"start":{"line":12,"column":29},"end":{"line":15,"column":5}},"line":12}},"branchMap":{},"s":{"0":1,"1":1,"2":1,"3":1,"4":1,"5":1},"f":{"0":1,"1":1},"b":{},"_coverageSchema":"1a1c01bbd47fc00a2c39e90264f33305004495a9","hash":"806be4939aea83ba006a0dc7f6e68c951b15b18d"}
,"D:\\Hacktiv8\\Fase 3\\Final Project\\beli-bang-server\\models\\ratingfood.js": {"path":"D:\\Hacktiv8\\Fase 3\\Final Project\\beli-bang-server\\models\\ratingfood.js","statementMap":{"0":{"start":{"line":4,"column":4},"end":{"line":4,"column":24}},"1":{"start":{"line":5,"column":0},"end":{"line":26,"column":2}},"2":{"start":{"line":13,"column":6},"end":{"line":13,"column":39}},"3":{"start":{"line":14,"column":6},"end":{"line":14,"column":39}},"4":{"start":{"line":17,"column":2},"end":{"line":24,"column":5}},"5":{"start":{"line":25,"column":2},"end":{"line":25,"column":20}}},"fnMap":{"0":{"name":"(anonymous_0)","decl":{"start":{"line":5,"column":17},"end":{"line":5,"column":18}},"loc":{"start":{"line":5,"column":43},"end":{"line":26,"column":1}},"line":5},"1":{"name":"(anonymous_1)","decl":{"start":{"line":12,"column":4},"end":{"line":12,"column":5}},"loc":{"start":{"line":12,"column":29},"end":{"line":15,"column":5}},"line":12}},"branchMap":{},"s":{"0":1,"1":1,"2":1,"3":1,"4":1,"5":1},"f":{"0":1,"1":1},"b":{},"_coverageSchema":"1a1c01bbd47fc00a2c39e90264f33305004495a9","hash":"c40e6e967dbe1294e4e7096d57386b2d44a91a28"}
,"D:\\Hacktiv8\\Fase 3\\Final Project\\beli-bang-server\\models\\ratingstore.js": {"path":"D:\\Hacktiv8\\Fase 3\\Final Project\\beli-bang-server\\models\\ratingstore.js","statementMap":{"0":{"start":{"line":4,"column":4},"end":{"line":4,"column":24}},"1":{"start":{"line":5,"column":0},"end":{"line":26,"column":2}},"2":{"start":{"line":13,"column":6},"end":{"line":13,"column":40}},"3":{"start":{"line":14,"column":6},"end":{"line":14,"column":41}},"4":{"start":{"line":17,"column":2},"end":{"line":24,"column":5}},"5":{"start":{"line":25,"column":2},"end":{"line":25,"column":21}}},"fnMap":{"0":{"name":"(anonymous_0)","decl":{"start":{"line":5,"column":17},"end":{"line":5,"column":18}},"loc":{"start":{"line":5,"column":43},"end":{"line":26,"column":1}},"line":5},"1":{"name":"(anonymous_1)","decl":{"start":{"line":12,"column":4},"end":{"line":12,"column":5}},"loc":{"start":{"line":12,"column":29},"end":{"line":15,"column":5}},"line":12}},"branchMap":{},"s":{"0":1,"1":1,"2":1,"3":1,"4":1,"5":1},"f":{"0":1,"1":1},"b":{},"_coverageSchema":"1a1c01bbd47fc00a2c39e90264f33305004495a9","hash":"20298053c5b0f96bd2a661792c72f722568876ec"}
,"D:\\Hacktiv8\\Fase 3\\Final Project\\beli-bang-server\\models\\store.js": {"path":"D:\\Hacktiv8\\Fase 3\\Final Project\\beli-bang-server\\models\\store.js","statementMap":{"0":{"start":{"line":4,"column":4},"end":{"line":4,"column":24}},"1":{"start":{"line":5,"column":0},"end":{"line":64,"column":2}},"2":{"start":{"line":13,"column":6},"end":{"line":13,"column":34}},"3":{"start":{"line":14,"column":6},"end":{"line":14,"column":32}},"4":{"start":{"line":15,"column":6},"end":{"line":15,"column":33}},"5":{"start":{"line":16,"column":6},"end":{"line":16,"column":32}},"6":{"start":{"line":17,"column":6},"end":{"line":17,"column":39}},"7":{"start":{"line":20,"column":2},"end":{"line":62,"column":5}},"8":{"start":{"line":63,"column":2},"end":{"line":63,"column":15}}},"fnMap":{"0":{"name":"(anonymous_0)","decl":{"start":{"line":5,"column":17},"end":{"line":5,"column":18}},"loc":{"start":{"line":5,"column":43},"end":{"line":64,"column":1}},"line":5},"1":{"name":"(anonymous_1)","decl":{"start":{"line":12,"column":4},"end":{"line":12,"column":5}},"loc":{"start":{"line":12,"column":29},"end":{"line":18,"column":5}},"line":12}},"branchMap":{},"s":{"0":1,"1":1,"2":1,"3":1,"4":1,"5":1,"6":1,"7":1,"8":1},"f":{"0":1,"1":1},"b":{},"_coverageSchema":"1a1c01bbd47fc00a2c39e90264f33305004495a9","hash":"c8b4adb2b08f720aca12fb74364f728c04501e53"}
,"D:\\Hacktiv8\\Fase 3\\Final Project\\beli-bang-server\\models\\user.js": {"path":"D:\\Hacktiv8\\Fase 3\\Final Project\\beli-bang-server\\models\\user.js","statementMap":{"0":{"start":{"line":4,"column":4},"end":{"line":4,"column":24}},"1":{"start":{"line":5,"column":25},"end":{"line":5,"column":53}},"2":{"start":{"line":7,"column":0},"end":{"line":121,"column":2}},"3":{"start":{"line":15,"column":6},"end":{"line":15,"column":31}},"4":{"start":{"line":16,"column":6},"end":{"line":16,"column":32}},"5":{"start":{"line":17,"column":6},"end":{"line":17,"column":31}},"6":{"start":{"line":18,"column":6},"end":{"line":18,"column":37}},"7":{"start":{"line":19,"column":6},"end":{"line":19,"column":38}},"8":{"start":{"line":22,"column":2},"end":{"line":114,"column":5}},"9":{"start":{"line":116,"column":2},"end":{"line":118,"column":4}},"10":{"start":{"line":117,"column":4},"end":{"line":117,"column":55}},"11":{"start":{"line":120,"column":2},"end":{"line":120,"column":14}}},"fnMap":{"0":{"name":"(anonymous_0)","decl":{"start":{"line":7,"column":17},"end":{"line":7,"column":18}},"loc":{"start":{"line":7,"column":43},"end":{"line":121,"column":1}},"line":7},"1":{"name":"(anonymous_1)","decl":{"start":{"line":14,"column":4},"end":{"line":14,"column":5}},"loc":{"start":{"line":14,"column":29},"end":{"line":20,"column":5}},"line":14},"2":{"name":"(anonymous_2)","decl":{"start":{"line":116,"column":20},"end":{"line":116,"column":21}},"loc":{"start":{"line":116,"column":34},"end":{"line":118,"column":3}},"line":116}},"branchMap":{},"s":{"0":1,"1":1,"2":1,"3":1,"4":1,"5":1,"6":1,"7":1,"8":1,"9":1,"10":2,"11":1},"f":{"0":1,"1":1,"2":2},"b":{},"_coverageSchema":"1a1c01bbd47fc00a2c39e90264f33305004495a9","hash":"21515e11b1608832586c11582bd952b7e898aac6"}
,"D:\\Hacktiv8\\Fase 3\\Final Project\\beli-bang-server\\routes\\food.js": {"path":"D:\\Hacktiv8\\Fase 3\\Final Project\\beli-bang-server\\routes\\food.js","statementMap":{"0":{"start":{"line":1,"column":16},"end":{"line":1,"column":34}},"1":{"start":{"line":2,"column":15},"end":{"line":2,"column":31}},"2":{"start":{"line":3,"column":24},"end":{"line":3,"column":65}},"3":{"start":{"line":4,"column":56},"end":{"line":4,"column":95}},"4":{"start":{"line":5,"column":15},"end":{"line":5,"column":47}},"5":{"start":{"line":7,"column":0},"end":{"line":7,"column":98}},"6":{"start":{"line":8,"column":0},"end":{"line":8,"column":51}},"7":{"start":{"line":9,"column":0},"end":{"line":9,"column":77}},"8":{"start":{"line":10,"column":0},"end":{"line":10,"column":80}},"9":{"start":{"line":12,"column":0},"end":{"line":12,"column":24}}},"fnMap":{},"branchMap":{},"s":{"0":1,"1":1,"2":1,"3":1,"4":1,"5":1,"6":1,"7":1,"8":1,"9":1},"f":{},"b":{},"_coverageSchema":"1a1c01bbd47fc00a2c39e90264f33305004495a9","hash":"d63ed31f578425019effd29a92a500c66ba2c3b0"}
,"D:\\Hacktiv8\\Fase 3\\Final Project\\beli-bang-server\\routes\\index.js": {"path":"D:\\Hacktiv8\\Fase 3\\Final Project\\beli-bang-server\\routes\\index.js","statementMap":{"0":{"start":{"line":1,"column":16},"end":{"line":1,"column":34}},"1":{"start":{"line":2,"column":15},"end":{"line":2,"column":31}},"2":{"start":{"line":4,"column":19},"end":{"line":4,"column":36}},"3":{"start":{"line":5,"column":23},"end":{"line":5,"column":63}},"4":{"start":{"line":6,"column":20},"end":{"line":6,"column":38}},"5":{"start":{"line":7,"column":19},"end":{"line":7,"column":36}},"6":{"start":{"line":8,"column":20},"end":{"line":8,"column":38}},"7":{"start":{"line":9,"column":19},"end":{"line":9,"column":36}},"8":{"start":{"line":10,"column":26},"end":{"line":10,"column":50}},"9":{"start":{"line":11,"column":25},"end":{"line":11,"column":48}},"10":{"start":{"line":13,"column":0},"end":{"line":13,"column":22}},"11":{"start":{"line":15,"column":0},"end":{"line":15,"column":26}},"12":{"start":{"line":17,"column":0},"end":{"line":17,"column":23}},"13":{"start":{"line":18,"column":0},"end":{"line":18,"column":22}},"14":{"start":{"line":19,"column":0},"end":{"line":19,"column":23}},"15":{"start":{"line":20,"column":0},"end":{"line":20,"column":22}},"16":{"start":{"line":21,"column":0},"end":{"line":21,"column":29}},"17":{"start":{"line":22,"column":0},"end":{"line":22,"column":28}},"18":{"start":{"line":24,"column":0},"end":{"line":24,"column":24}}},"fnMap":{},"branchMap":{},"s":{"0":1,"1":1,"2":1,"3":1,"4":1,"5":1,"6":1,"7":1,"8":1,"9":1,"10":1,"11":1,"12":1,"13":1,"14":1,"15":1,"16":1,"17":1,"18":1},"f":{},"b":{},"_coverageSchema":"1a1c01bbd47fc00a2c39e90264f33305004495a9","hash":"2b3c4737af2dab6743c8dcd675a3323299d6caa3"}
,"D:\\Hacktiv8\\Fase 3\\Final Project\\beli-bang-server\\routes\\like.js": {"path":"D:\\Hacktiv8\\Fase 3\\Final Project\\beli-bang-server\\routes\\like.js","statementMap":{"0":{"start":{"line":1,"column":16},"end":{"line":1,"column":34}},"1":{"start":{"line":2,"column":24},"end":{"line":2,"column":65}},"2":{"start":{"line":3,"column":15},"end":{"line":3,"column":31}},"3":{"start":{"line":5,"column":0},"end":{"line":5,"column":57}},"4":{"start":{"line":6,"column":0},"end":{"line":6,"column":59}},"5":{"start":{"line":7,"column":0},"end":{"line":7,"column":56}},"6":{"start":{"line":9,"column":0},"end":{"line":9,"column":24}}},"fnMap":{},"branchMap":{},"s":{"0":1,"1":1,"2":1,"3":1,"4":1,"5":1,"6":1},"f":{},"b":{},"_coverageSchema":"1a1c01bbd47fc00a2c39e90264f33305004495a9","hash":"1045ffed1071474304c1ce7e3143e6ad97f53211"}
,"D:\\Hacktiv8\\Fase 3\\Final Project\\beli-bang-server\\routes\\order.js": {"path":"D:\\Hacktiv8\\Fase 3\\Final Project\\beli-bang-server\\routes\\order.js","statementMap":{"0":{"start":{"line":1,"column":16},"end":{"line":1,"column":34}},"1":{"start":{"line":2,"column":15},"end":{"line":2,"column":31}},"2":{"start":{"line":3,"column":25},"end":{"line":3,"column":67}},"3":{"start":{"line":4,"column":32},"end":{"line":4,"column":71}},"4":{"start":{"line":6,"column":0},"end":{"line":6,"column":51}},"5":{"start":{"line":7,"column":0},"end":{"line":7,"column":53}},"6":{"start":{"line":8,"column":0},"end":{"line":8,"column":54}},"7":{"start":{"line":9,"column":0},"end":{"line":9,"column":77}},"8":{"start":{"line":10,"column":0},"end":{"line":10,"column":59}},"9":{"start":{"line":12,"column":0},"end":{"line":12,"column":24}}},"fnMap":{},"branchMap":{},"s":{"0":1,"1":1,"2":1,"3":1,"4":1,"5":1,"6":1,"7":1,"8":1,"9":1},"f":{},"b":{},"_coverageSchema":"1a1c01bbd47fc00a2c39e90264f33305004495a9","hash":"43f958fd625866c7808d78d21f2c7964c1b885e1"}
,"D:\\Hacktiv8\\Fase 3\\Final Project\\beli-bang-server\\routes\\ratingFood.js": {"path":"D:\\Hacktiv8\\Fase 3\\Final Project\\beli-bang-server\\routes\\ratingFood.js","statementMap":{"0":{"start":{"line":1,"column":16},"end":{"line":1,"column":34}},"1":{"start":{"line":2,"column":30},"end":{"line":2,"column":77}},"2":{"start":{"line":3,"column":15},"end":{"line":3,"column":31}},"3":{"start":{"line":5,"column":0},"end":{"line":5,"column":70}},"4":{"start":{"line":6,"column":0},"end":{"line":6,"column":73}},"5":{"start":{"line":7,"column":0},"end":{"line":7,"column":71}},"6":{"start":{"line":9,"column":0},"end":{"line":9,"column":24}}},"fnMap":{},"branchMap":{},"s":{"0":1,"1":1,"2":1,"3":1,"4":1,"5":1,"6":1},"f":{},"b":{},"_coverageSchema":"1a1c01bbd47fc00a2c39e90264f33305004495a9","hash":"ce4c3667bb120a551751a2e06b329cf70a32e464"}
,"D:\\Hacktiv8\\Fase 3\\Final Project\\beli-bang-server\\routes\\ratingStore.js": {"path":"D:\\Hacktiv8\\Fase 3\\Final Project\\beli-bang-server\\routes\\ratingStore.js","statementMap":{"0":{"start":{"line":1,"column":16},"end":{"line":1,"column":34}},"1":{"start":{"line":2,"column":31},"end":{"line":2,"column":79}},"2":{"start":{"line":3,"column":15},"end":{"line":3,"column":31}},"3":{"start":{"line":5,"column":0},"end":{"line":5,"column":73}},"4":{"start":{"line":6,"column":0},"end":{"line":6,"column":76}},"5":{"start":{"line":7,"column":0},"end":{"line":7,"column":73}},"6":{"start":{"line":9,"column":0},"end":{"line":9,"column":24}}},"fnMap":{},"branchMap":{},"s":{"0":1,"1":1,"2":1,"3":1,"4":1,"5":1,"6":1},"f":{},"b":{},"_coverageSchema":"1a1c01bbd47fc00a2c39e90264f33305004495a9","hash":"09070a13cb7fb4fa3e77dfec999829012c5f11f6"}
,"D:\\Hacktiv8\\Fase 3\\Final Project\\beli-bang-server\\routes\\store.js": {"path":"D:\\Hacktiv8\\Fase 3\\Final Project\\beli-bang-server\\routes\\store.js","statementMap":{"0":{"start":{"line":1,"column":16},"end":{"line":1,"column":34}},"1":{"start":{"line":2,"column":15},"end":{"line":2,"column":31}},"2":{"start":{"line":3,"column":25},"end":{"line":3,"column":67}},"3":{"start":{"line":4,"column":52},"end":{"line":4,"column":91}},"4":{"start":{"line":5,"column":15},"end":{"line":5,"column":47}},"5":{"start":{"line":7,"column":0},"end":{"line":7,"column":51}},"6":{"start":{"line":8,"column":0},"end":{"line":8,"column":101}},"7":{"start":{"line":9,"column":0},"end":{"line":9,"column":54}},"8":{"start":{"line":10,"column":0},"end":{"line":10,"column":76}},"9":{"start":{"line":11,"column":0},"end":{"line":11,"column":79}},"10":{"start":{"line":13,"column":0},"end":{"line":13,"column":24}}},"fnMap":{},"branchMap":{},"s":{"0":1,"1":1,"2":1,"3":1,"4":1,"5":1,"6":1,"7":1,"8":1,"9":1,"10":1},"f":{},"b":{},"_coverageSchema":"1a1c01bbd47fc00a2c39e90264f33305004495a9","hash":"fedb597f62989d4293a6f94aa97bd7fb39864a6f"}
,"D:\\Hacktiv8\\Fase 3\\Final Project\\beli-bang-server\\routes\\user.js": {"path":"D:\\Hacktiv8\\Fase 3\\Final Project\\beli-bang-server\\routes\\user.js","statementMap":{"0":{"start":{"line":1,"column":16},"end":{"line":1,"column":34}},"1":{"start":{"line":2,"column":24},"end":{"line":2,"column":65}},"2":{"start":{"line":3,"column":15},"end":{"line":3,"column":47}},"3":{"start":{"line":4,"column":23},"end":{"line":4,"column":63}},"4":{"start":{"line":5,"column":15},"end":{"line":5,"column":31}},"5":{"start":{"line":7,"column":0},"end":{"line":7,"column":51}},"6":{"start":{"line":8,"column":0},"end":{"line":8,"column":45}},"7":{"start":{"line":9,"column":0},"end":{"line":9,"column":27}},"8":{"start":{"line":10,"column":0},"end":{"line":10,"column":90}},"9":{"start":{"line":12,"column":0},"end":{"line":12,"column":24}}},"fnMap":{},"branchMap":{},"s":{"0":1,"1":1,"2":1,"3":1,"4":1,"5":1,"6":1,"7":1,"8":1,"9":1},"f":{},"b":{},"_coverageSchema":"1a1c01bbd47fc00a2c39e90264f33305004495a9","hash":"47a4d9cb71591132615f09d4b7ef6f97c1948d66"}
}
