{"D:\\Hacktiv8\\Fase 3\\Final Project\\beli-bang-server\\app.js": {"path":"D:\\Hacktiv8\\Fase 3\\Final Project\\beli-bang-server\\app.js","statementMap":{"0":{"start":{"line":1,"column":0},"end":{"line":3,"column":1}},"1":{"start":{"line":2,"column":2},"end":{"line":2,"column":29}},"2":{"start":{"line":5,"column":16},"end":{"line":5,"column":34}},"3":{"start":{"line":6,"column":15},"end":{"line":6,"column":34}},"4":{"start":{"line":7,"column":13},"end":{"line":7,"column":28}},"5":{"start":{"line":8,"column":22},"end":{"line":8,"column":60}},"6":{"start":{"line":9,"column":12},"end":{"line":9,"column":21}},"7":{"start":{"line":10,"column":13},"end":{"line":10,"column":37}},"8":{"start":{"line":12,"column":0},"end":{"line":12,"column":16}},"9":{"start":{"line":13,"column":0},"end":{"line":13,"column":48}},"10":{"start":{"line":14,"column":0},"end":{"line":14,"column":24}},"11":{"start":{"line":16,"column":0},"end":{"line":18,"column":3}},"12":{"start":{"line":17,"column":2},"end":{"line":17,"column":35}},"13":{"start":{"line":20,"column":0},"end":{"line":20,"column":16}},"14":{"start":{"line":21,"column":0},"end":{"line":21,"column":23}},"15":{"start":{"line":23,"column":0},"end":{"line":23,"column":21}}},"fnMap":{"0":{"name":"(anonymous_0)","decl":{"start":{"line":16,"column":13},"end":{"line":16,"column":14}},"loc":{"start":{"line":16,"column":27},"end":{"line":18,"column":1}},"line":16}},"branchMap":{"0":{"loc":{"start":{"line":1,"column":0},"end":{"line":3,"column":1}},"type":"if","locations":[{"start":{"line":1,"column":0},"end":{"line":3,"column":1}},{"start":{},"end":{}}],"line":1},"1":{"loc":{"start":{"line":10,"column":13},"end":{"line":10,"column":37}},"type":"binary-expr","locations":[{"start":{"line":10,"column":13},"end":{"line":10,"column":29}},{"start":{"line":10,"column":33},"end":{"line":10,"column":37}}],"line":10}},"s":{"0":7,"1":7,"2":7,"3":7,"4":7,"5":7,"6":7,"7":7,"8":7,"9":7,"10":7,"11":7,"12":0,"13":7,"14":7,"15":7},"f":{"0":0},"b":{"0":[7,0],"1":[7,7]},"_coverageSchema":"1a1c01bbd47fc00a2c39e90264f33305004495a9","hash":"7c523c59dad83da5313f20fd977f28e867128a5b"}
,"D:\\Hacktiv8\\Fase 3\\Final Project\\beli-bang-server\\controllers\\foodControllers.js": {"path":"D:\\Hacktiv8\\Fase 3\\Final Project\\beli-bang-server\\controllers\\foodControllers.js","statementMap":{"0":{"start":{"line":1,"column":36},"end":{"line":1,"column":56}},"1":{"start":{"line":2,"column":17},"end":{"line":2,"column":47}},"2":{"start":{"line":6,"column":4},"end":{"line":19,"column":5}},"3":{"start":{"line":7,"column":21},"end":{"line":7,"column":31}},"4":{"start":{"line":8,"column":19},"end":{"line":11,"column":8}},"5":{"start":{"line":13,"column":6},"end":{"line":15,"column":7}},"6":{"start":{"line":14,"column":8},"end":{"line":14,"column":57}},"7":{"start":{"line":16,"column":6},"end":{"line":16,"column":33}},"8":{"start":{"line":18,"column":6},"end":{"line":18,"column":18}},"9":{"start":{"line":23,"column":4},"end":{"line":76,"column":5}},"10":{"start":{"line":24,"column":43},"end":{"line":24,"column":51}},"11":{"start":{"line":26,"column":20},"end":{"line":28,"column":8}},"12":{"start":{"line":30,"column":6},"end":{"line":32,"column":7}},"13":{"start":{"line":31,"column":8},"end":{"line":31,"column":75}},"14":{"start":{"line":35,"column":6},"end":{"line":37,"column":7}},"15":{"start":{"line":36,"column":8},"end":{"line":36,"column":59}},"16":{"start":{"line":38,"column":6},"end":{"line":40,"column":7}},"17":{"start":{"line":39,"column":8},"end":{"line":39,"column":60}},"18":{"start":{"line":41,"column":6},"end":{"line":43,"column":7}},"19":{"start":{"line":42,"column":8},"end":{"line":42,"column":66}},"20":{"start":{"line":44,"column":6},"end":{"line":46,"column":7}},"21":{"start":{"line":45,"column":8},"end":{"line":45,"column":60}},"22":{"start":{"line":48,"column":22},"end":{"line":48,"column":30}},"23":{"start":{"line":50,"column":6},"end":{"line":73,"column":8}},"24":{"start":{"line":58,"column":10},"end":{"line":62,"column":11}},"25":{"start":{"line":59,"column":12},"end":{"line":61,"column":15}},"26":{"start":{"line":64,"column":10},"end":{"line":70,"column":13}},"27":{"start":{"line":71,"column":10},"end":{"line":71,"column":71}},"28":{"start":{"line":75,"column":6},"end":{"line":75,"column":18}},"29":{"start":{"line":80,"column":4},"end":{"line":129,"column":5}},"30":{"start":{"line":81,"column":43},"end":{"line":81,"column":51}},"31":{"start":{"line":82,"column":21},"end":{"line":82,"column":31}},"32":{"start":{"line":84,"column":19},"end":{"line":84,"column":42}},"33":{"start":{"line":86,"column":6},"end":{"line":126,"column":7}},"34":{"start":{"line":87,"column":8},"end":{"line":87,"column":56}},"35":{"start":{"line":88,"column":8},"end":{"line":88,"column":79}},"36":{"start":{"line":90,"column":8},"end":{"line":92,"column":9}},"37":{"start":{"line":91,"column":10},"end":{"line":91,"column":61}},"38":{"start":{"line":93,"column":8},"end":{"line":95,"column":9}},"39":{"start":{"line":94,"column":10},"end":{"line":94,"column":61}},"40":{"start":{"line":96,"column":8},"end":{"line":98,"column":9}},"41":{"start":{"line":97,"column":10},"end":{"line":97,"column":62}},"42":{"start":{"line":99,"column":8},"end":{"line":101,"column":9}},"43":{"start":{"line":100,"column":10},"end":{"line":100,"column":68}},"44":{"start":{"line":103,"column":8},"end":{"line":125,"column":10}},"45":{"start":{"line":111,"column":12},"end":{"line":115,"column":13}},"46":{"start":{"line":112,"column":14},"end":{"line":114,"column":17}},"47":{"start":{"line":117,"column":12},"end":{"line":122,"column":15}},"48":{"start":{"line":123,"column":12},"end":{"line":123,"column":83}},"49":{"start":{"line":128,"column":6},"end":{"line":128,"column":18}},"50":{"start":{"line":133,"column":4},"end":{"line":138,"column":5}},"51":{"start":{"line":134,"column":6},"end":{"line":134,"column":59}},"52":{"start":{"line":135,"column":6},"end":{"line":135,"column":65}},"53":{"start":{"line":137,"column":6},"end":{"line":137,"column":18}},"54":{"start":{"line":142,"column":0},"end":{"line":142,"column":33}}},"fnMap":{"0":{"name":"(anonymous_0)","decl":{"start":{"line":5,"column":2},"end":{"line":5,"column":3}},"loc":{"start":{"line":5,"column":40},"end":{"line":20,"column":3}},"line":5},"1":{"name":"(anonymous_1)","decl":{"start":{"line":22,"column":2},"end":{"line":22,"column":3}},"loc":{"start":{"line":22,"column":42},"end":{"line":77,"column":3}},"line":22},"2":{"name":"(anonymous_2)","decl":{"start":{"line":57,"column":8},"end":{"line":57,"column":9}},"loc":{"start":{"line":57,"column":43},"end":{"line":72,"column":9}},"line":57},"3":{"name":"(anonymous_3)","decl":{"start":{"line":79,"column":2},"end":{"line":79,"column":3}},"loc":{"start":{"line":79,"column":42},"end":{"line":130,"column":3}},"line":79},"4":{"name":"(anonymous_4)","decl":{"start":{"line":110,"column":10},"end":{"line":110,"column":11}},"loc":{"start":{"line":110,"column":45},"end":{"line":124,"column":11}},"line":110},"5":{"name":"(anonymous_5)","decl":{"start":{"line":132,"column":2},"end":{"line":132,"column":3}},"loc":{"start":{"line":132,"column":42},"end":{"line":139,"column":3}},"line":132}},"branchMap":{"0":{"loc":{"start":{"line":13,"column":6},"end":{"line":15,"column":7}},"type":"if","locations":[{"start":{"line":13,"column":6},"end":{"line":15,"column":7}},{"start":{},"end":{}}],"line":13},"1":{"loc":{"start":{"line":30,"column":6},"end":{"line":32,"column":7}},"type":"if","locations":[{"start":{"line":30,"column":6},"end":{"line":32,"column":7}},{"start":{},"end":{}}],"line":30},"2":{"loc":{"start":{"line":35,"column":6},"end":{"line":37,"column":7}},"type":"if","locations":[{"start":{"line":35,"column":6},"end":{"line":37,"column":7}},{"start":{},"end":{}}],"line":35},"3":{"loc":{"start":{"line":38,"column":6},"end":{"line":40,"column":7}},"type":"if","locations":[{"start":{"line":38,"column":6},"end":{"line":40,"column":7}},{"start":{},"end":{}}],"line":38},"4":{"loc":{"start":{"line":41,"column":6},"end":{"line":43,"column":7}},"type":"if","locations":[{"start":{"line":41,"column":6},"end":{"line":43,"column":7}},{"start":{},"end":{}}],"line":41},"5":{"loc":{"start":{"line":44,"column":6},"end":{"line":46,"column":7}},"type":"if","locations":[{"start":{"line":44,"column":6},"end":{"line":46,"column":7}},{"start":{},"end":{}}],"line":44},"6":{"loc":{"start":{"line":58,"column":10},"end":{"line":62,"column":11}},"type":"if","locations":[{"start":{"line":58,"column":10},"end":{"line":62,"column":11}},{"start":{},"end":{}}],"line":58},"7":{"loc":{"start":{"line":86,"column":6},"end":{"line":126,"column":7}},"type":"if","locations":[{"start":{"line":86,"column":6},"end":{"line":126,"column":7}},{"start":{"line":89,"column":13},"end":{"line":126,"column":7}}],"line":86},"8":{"loc":{"start":{"line":90,"column":8},"end":{"line":92,"column":9}},"type":"if","locations":[{"start":{"line":90,"column":8},"end":{"line":92,"column":9}},{"start":{},"end":{}}],"line":90},"9":{"loc":{"start":{"line":93,"column":8},"end":{"line":95,"column":9}},"type":"if","locations":[{"start":{"line":93,"column":8},"end":{"line":95,"column":9}},{"start":{},"end":{}}],"line":93},"10":{"loc":{"start":{"line":96,"column":8},"end":{"line":98,"column":9}},"type":"if","locations":[{"start":{"line":96,"column":8},"end":{"line":98,"column":9}},{"start":{},"end":{}}],"line":96},"11":{"loc":{"start":{"line":99,"column":8},"end":{"line":101,"column":9}},"type":"if","locations":[{"start":{"line":99,"column":8},"end":{"line":101,"column":9}},{"start":{},"end":{}}],"line":99},"12":{"loc":{"start":{"line":111,"column":12},"end":{"line":115,"column":13}},"type":"if","locations":[{"start":{"line":111,"column":12},"end":{"line":115,"column":13}},{"start":{},"end":{}}],"line":111}},"s":{"0":7,"1":7,"2":2,"3":2,"4":2,"5":2,"6":1,"7":1,"8":1,"9":5,"10":5,"11":5,"12":5,"13":1,"14":4,"15":1,"16":3,"17":1,"18":2,"19":1,"20":1,"21":1,"22":0,"23":0,"24":0,"25":0,"26":0,"27":0,"28":5,"29":6,"30":6,"31":6,"32":6,"33":6,"34":6,"35":3,"36":0,"37":0,"38":0,"39":0,"40":0,"41":0,"42":0,"43":0,"44":0,"45":0,"46":0,"47":0,"48":0,"49":3,"50":1,"51":1,"52":1,"53":0,"54":7},"f":{"0":2,"1":5,"2":0,"3":6,"4":0,"5":1},"b":{"0":[1,1],"1":[1,4],"2":[1,3],"3":[1,2],"4":[1,1],"5":[1,0],"6":[0,0],"7":[6,0],"8":[0,0],"9":[0,0],"10":[0,0],"11":[0,0],"12":[0,0]},"_coverageSchema":"1a1c01bbd47fc00a2c39e90264f33305004495a9","hash":"3868a50d2fe1dec09a5589e81d907433e0a94914"}
,"D:\\Hacktiv8\\Fase 3\\Final Project\\beli-bang-server\\controllers\\likeControllers.js": {"path":"D:\\Hacktiv8\\Fase 3\\Final Project\\beli-bang-server\\controllers\\likeControllers.js","statementMap":{"0":{"start":{"line":1,"column":24},"end":{"line":1,"column":44}},"1":{"start":{"line":5,"column":4},"end":{"line":21,"column":5}},"2":{"start":{"line":6,"column":26},"end":{"line":6,"column":36}},"3":{"start":{"line":8,"column":20},"end":{"line":8,"column":49}},"4":{"start":{"line":9,"column":6},"end":{"line":11,"column":7}},"5":{"start":{"line":10,"column":8},"end":{"line":10,"column":57}},"6":{"start":{"line":12,"column":20},"end":{"line":14,"column":8}},"7":{"start":{"line":15,"column":6},"end":{"line":17,"column":7}},"8":{"start":{"line":16,"column":8},"end":{"line":16,"column":66}},"9":{"start":{"line":18,"column":6},"end":{"line":18,"column":33}},"10":{"start":{"line":20,"column":6},"end":{"line":20,"column":18}},"11":{"start":{"line":25,"column":4},"end":{"line":38,"column":5}},"12":{"start":{"line":26,"column":26},"end":{"line":26,"column":36}},"13":{"start":{"line":28,"column":22},"end":{"line":30,"column":8}},"14":{"start":{"line":31,"column":6},"end":{"line":33,"column":7}},"15":{"start":{"line":32,"column":8},"end":{"line":32,"column":60}},"16":{"start":{"line":34,"column":6},"end":{"line":34,"column":66}},"17":{"start":{"line":35,"column":6},"end":{"line":35,"column":62}},"18":{"start":{"line":37,"column":6},"end":{"line":37,"column":18}},"19":{"start":{"line":42,"column":4},"end":{"line":56,"column":5}},"20":{"start":{"line":43,"column":21},"end":{"line":43,"column":31}},"21":{"start":{"line":45,"column":20},"end":{"line":45,"column":43}},"22":{"start":{"line":46,"column":6},"end":{"line":50,"column":7}},"23":{"start":{"line":47,"column":8},"end":{"line":47,"column":61}},"24":{"start":{"line":48,"column":13},"end":{"line":50,"column":7}},"25":{"start":{"line":49,"column":8},"end":{"line":49,"column":56}},"26":{"start":{"line":51,"column":6},"end":{"line":51,"column":42}},"27":{"start":{"line":53,"column":6},"end":{"line":53,"column":63}},"28":{"start":{"line":55,"column":6},"end":{"line":55,"column":18}},"29":{"start":{"line":60,"column":0},"end":{"line":60,"column":32}}},"fnMap":{"0":{"name":"(anonymous_0)","decl":{"start":{"line":4,"column":2},"end":{"line":4,"column":3}},"loc":{"start":{"line":4,"column":41},"end":{"line":22,"column":3}},"line":4},"1":{"name":"(anonymous_1)","decl":{"start":{"line":24,"column":2},"end":{"line":24,"column":3}},"loc":{"start":{"line":24,"column":42},"end":{"line":39,"column":3}},"line":24},"2":{"name":"(anonymous_2)","decl":{"start":{"line":41,"column":2},"end":{"line":41,"column":3}},"loc":{"start":{"line":41,"column":42},"end":{"line":57,"column":3}},"line":41}},"branchMap":{"0":{"loc":{"start":{"line":9,"column":6},"end":{"line":11,"column":7}},"type":"if","locations":[{"start":{"line":9,"column":6},"end":{"line":11,"column":7}},{"start":{},"end":{}}],"line":9},"1":{"loc":{"start":{"line":15,"column":6},"end":{"line":17,"column":7}},"type":"if","locations":[{"start":{"line":15,"column":6},"end":{"line":17,"column":7}},{"start":{},"end":{}}],"line":15},"2":{"loc":{"start":{"line":31,"column":6},"end":{"line":33,"column":7}},"type":"if","locations":[{"start":{"line":31,"column":6},"end":{"line":33,"column":7}},{"start":{},"end":{}}],"line":31},"3":{"loc":{"start":{"line":46,"column":6},"end":{"line":50,"column":7}},"type":"if","locations":[{"start":{"line":46,"column":6},"end":{"line":50,"column":7}},{"start":{"line":48,"column":13},"end":{"line":50,"column":7}}],"line":46},"4":{"loc":{"start":{"line":48,"column":13},"end":{"line":50,"column":7}},"type":"if","locations":[{"start":{"line":48,"column":13},"end":{"line":50,"column":7}},{"start":{},"end":{}}],"line":48}},"s":{"0":7,"1":3,"2":3,"3":3,"4":3,"5":1,"6":2,"7":2,"8":1,"9":1,"10":2,"11":2,"12":2,"13":2,"14":2,"15":1,"16":1,"17":1,"18":1,"19":3,"20":3,"21":3,"22":3,"23":1,"24":2,"25":1,"26":1,"27":1,"28":2,"29":7},"f":{"0":3,"1":2,"2":3},"b":{"0":[1,2],"1":[1,1],"2":[1,1],"3":[1,2],"4":[1,1]},"_coverageSchema":"1a1c01bbd47fc00a2c39e90264f33305004495a9","hash":"d6671da42610ccbb12faab622b26e8ff9d78d7ca"}
,"D:\\Hacktiv8\\Fase 3\\Final Project\\beli-bang-server\\controllers\\orderControllers.js": {"path":"D:\\Hacktiv8\\Fase 3\\Final Project\\beli-bang-server\\controllers\\orderControllers.js","statementMap":{"0":{"start":{"line":1,"column":37},"end":{"line":1,"column":57}},"1":{"start":{"line":5,"column":4},"end":{"line":18,"column":5}},"2":{"start":{"line":6,"column":21},"end":{"line":8,"column":8}},"3":{"start":{"line":9,"column":26},"end":{"line":9,"column":95}},"4":{"start":{"line":10,"column":26},"end":{"line":10,"column":81}},"5":{"start":{"line":11,"column":26},"end":{"line":11,"column":97}},"6":{"start":{"line":12,"column":6},"end":{"line":14,"column":7}},"7":{"start":{"line":13,"column":8},"end":{"line":13,"column":65}},"8":{"start":{"line":15,"column":6},"end":{"line":15,"column":35}},"9":{"start":{"line":17,"column":6},"end":{"line":17,"column":18}},"10":{"start":{"line":22,"column":4},"end":{"line":41,"column":5}},"11":{"start":{"line":23,"column":17},"end":{"line":23,"column":28}},"12":{"start":{"line":25,"column":20},"end":{"line":25,"column":66}},"13":{"start":{"line":26,"column":21},"end":{"line":34,"column":8}},"14":{"start":{"line":35,"column":6},"end":{"line":37,"column":7}},"15":{"start":{"line":36,"column":8},"end":{"line":36,"column":65}},"16":{"start":{"line":38,"column":6},"end":{"line":38,"column":35}},"17":{"start":{"line":40,"column":6},"end":{"line":40,"column":18}},"18":{"start":{"line":45,"column":4},"end":{"line":55,"column":5}},"19":{"start":{"line":46,"column":20},"end":{"line":48,"column":8}},"20":{"start":{"line":49,"column":6},"end":{"line":51,"column":7}},"21":{"start":{"line":50,"column":8},"end":{"line":50,"column":58}},"22":{"start":{"line":52,"column":6},"end":{"line":52,"column":34}},"23":{"start":{"line":54,"column":6},"end":{"line":54,"column":18}},"24":{"start":{"line":59,"column":4},"end":{"line":67,"column":5}},"25":{"start":{"line":60,"column":26},"end":{"line":60,"column":84}},"26":{"start":{"line":61,"column":34},"end":{"line":61,"column":42}},"27":{"start":{"line":63,"column":6},"end":{"line":63,"column":67}},"28":{"start":{"line":64,"column":6},"end":{"line":64,"column":66}},"29":{"start":{"line":66,"column":6},"end":{"line":66,"column":18}},"30":{"start":{"line":71,"column":4},"end":{"line":84,"column":5}},"31":{"start":{"line":72,"column":26},"end":{"line":72,"column":84}},"32":{"start":{"line":73,"column":25},"end":{"line":73,"column":33}},"33":{"start":{"line":75,"column":20},"end":{"line":75,"column":55}},"34":{"start":{"line":76,"column":6},"end":{"line":78,"column":7}},"35":{"start":{"line":77,"column":8},"end":{"line":77,"column":58}},"36":{"start":{"line":80,"column":6},"end":{"line":80,"column":71}},"37":{"start":{"line":81,"column":6},"end":{"line":81,"column":73}},"38":{"start":{"line":83,"column":6},"end":{"line":83,"column":18}},"39":{"start":{"line":88,"column":4},"end":{"line":97,"column":5}},"40":{"start":{"line":89,"column":20},"end":{"line":89,"column":55}},"41":{"start":{"line":90,"column":6},"end":{"line":92,"column":7}},"42":{"start":{"line":91,"column":8},"end":{"line":91,"column":58}},"43":{"start":{"line":93,"column":6},"end":{"line":93,"column":60}},"44":{"start":{"line":94,"column":6},"end":{"line":94,"column":66}},"45":{"start":{"line":96,"column":6},"end":{"line":96,"column":18}},"46":{"start":{"line":101,"column":0},"end":{"line":101,"column":34}},"47":{"start":{"line":108,"column":38},"end":{"line":108,"column":37333}},"48":{"start":{"line":108,"column":42},"end":{"line":108,"column":37322}},"49":{"start":{"line":108,"column":37358},"end":{"line":108,"column":37398}},"50":{"start":{"line":108,"column":37362},"end":{"line":108,"column":37387}},"51":{"start":{"line":108,"column":37399},"end":{"line":108,"column":37407}},"52":{"start":{"line":108,"column":37432},"end":{"line":108,"column":37474}},"53":{"start":{"line":108,"column":37436},"end":{"line":108,"column":37463}},"54":{"start":{"line":108,"column":37475},"end":{"line":108,"column":37483}},"55":{"start":{"line":108,"column":37502},"end":{"line":108,"column":37539}},"56":{"start":{"line":108,"column":37506},"end":{"line":108,"column":37528}},"57":{"start":{"line":108,"column":37558},"end":{"line":108,"column":37598}},"58":{"start":{"line":108,"column":37562},"end":{"line":108,"column":37587}}},"fnMap":{"0":{"name":"(anonymous_0)","decl":{"start":{"line":4,"column":2},"end":{"line":4,"column":3}},"loc":{"start":{"line":4,"column":50},"end":{"line":19,"column":3}},"line":4},"1":{"name":"(anonymous_1)","decl":{"start":{"line":21,"column":2},"end":{"line":21,"column":3}},"loc":{"start":{"line":21,"column":48},"end":{"line":42,"column":3}},"line":21},"2":{"name":"(anonymous_2)","decl":{"start":{"line":44,"column":2},"end":{"line":44,"column":3}},"loc":{"start":{"line":44,"column":41},"end":{"line":56,"column":3}},"line":44},"3":{"name":"(anonymous_3)","decl":{"start":{"line":58,"column":2},"end":{"line":58,"column":3}},"loc":{"start":{"line":58,"column":43},"end":{"line":68,"column":3}},"line":58},"4":{"name":"(anonymous_4)","decl":{"start":{"line":70,"column":2},"end":{"line":70,"column":3}},"loc":{"start":{"line":70,"column":43},"end":{"line":85,"column":3}},"line":70},"5":{"name":"(anonymous_5)","decl":{"start":{"line":87,"column":2},"end":{"line":87,"column":3}},"loc":{"start":{"line":87,"column":43},"end":{"line":98,"column":3}},"line":87},"6":{"name":"oo_cm","decl":{"start":{"line":108,"column":30},"end":{"line":108,"column":35}},"loc":{"start":{"line":108,"column":37},"end":{"line":108,"column":37334}},"line":108},"7":{"name":"oo_oo","decl":{"start":{"line":108,"column":37344},"end":{"line":108,"column":37349}},"loc":{"start":{"line":108,"column":37357},"end":{"line":108,"column":37408}},"line":108},"8":{"name":"oo_tr","decl":{"start":{"line":108,"column":37418},"end":{"line":108,"column":37423}},"loc":{"start":{"line":108,"column":37431},"end":{"line":108,"column":37484}},"line":108},"9":{"name":"oo_ts","decl":{"start":{"line":108,"column":37494},"end":{"line":108,"column":37499}},"loc":{"start":{"line":108,"column":37501},"end":{"line":108,"column":37540}},"line":108},"10":{"name":"oo_te","decl":{"start":{"line":108,"column":37550},"end":{"line":108,"column":37555}},"loc":{"start":{"line":108,"column":37557},"end":{"line":108,"column":37599}},"line":108}},"branchMap":{"0":{"loc":{"start":{"line":12,"column":6},"end":{"line":14,"column":7}},"type":"if","locations":[{"start":{"line":12,"column":6},"end":{"line":14,"column":7}},{"start":{},"end":{}}],"line":12},"1":{"loc":{"start":{"line":35,"column":6},"end":{"line":37,"column":7}},"type":"if","locations":[{"start":{"line":35,"column":6},"end":{"line":37,"column":7}},{"start":{},"end":{}}],"line":35},"2":{"loc":{"start":{"line":49,"column":6},"end":{"line":51,"column":7}},"type":"if","locations":[{"start":{"line":49,"column":6},"end":{"line":51,"column":7}},{"start":{},"end":{}}],"line":49},"3":{"loc":{"start":{"line":76,"column":6},"end":{"line":78,"column":7}},"type":"if","locations":[{"start":{"line":76,"column":6},"end":{"line":78,"column":7}},{"start":{},"end":{}}],"line":76},"4":{"loc":{"start":{"line":90,"column":6},"end":{"line":92,"column":7}},"type":"if","locations":[{"start":{"line":90,"column":6},"end":{"line":92,"column":7}},{"start":{},"end":{}}],"line":90},"5":{"loc":{"start":{"line":108,"column":49},"end":{"line":108,"column":37321}},"type":"binary-expr","locations":[{"start":{"line":108,"column":49},"end":{"line":108,"column":86}},{"start":{"line":108,"column":90},"end":{"line":108,"column":37321}}],"line":108}},"s":{"0":7,"1":2,"2":2,"3":2,"4":2,"5":2,"6":2,"7":1,"8":1,"9":1,"10":0,"11":0,"12":0,"13":0,"14":0,"15":0,"16":0,"17":0,"18":2,"19":2,"20":2,"21":1,"22":1,"23":1,"24":2,"25":2,"26":2,"27":2,"28":1,"29":1,"30":2,"31":2,"32":2,"33":2,"34":2,"35":1,"36":1,"37":1,"38":1,"39":2,"40":2,"41":2,"42":1,"43":1,"44":1,"45":1,"46":7,"47":10,"48":10,"49":10,"50":10,"51":10,"52":0,"53":0,"54":0,"55":0,"56":0,"57":0,"58":0},"f":{"0":2,"1":0,"2":2,"3":2,"4":2,"5":2,"6":10,"7":10,"8":0,"9":0,"10":0},"b":{"0":[1,1],"1":[0,0],"2":[1,1],"3":[1,1],"4":[1,1],"5":[10,1]},"_coverageSchema":"1a1c01bbd47fc00a2c39e90264f33305004495a9","hash":"20c91683a2ece577e0c0de2c1582a626dbce82ad"}
,"D:\\Hacktiv8\\Fase 3\\Final Project\\beli-bang-server\\controllers\\ratingFoodControllers.js": {"path":"D:\\Hacktiv8\\Fase 3\\Final Project\\beli-bang-server\\controllers\\ratingFoodControllers.js","statementMap":{"0":{"start":{"line":1,"column":29},"end":{"line":1,"column":49}},"1":{"start":{"line":5,"column":4},"end":{"line":21,"column":5}},"2":{"start":{"line":6,"column":25},"end":{"line":6,"column":35}},"3":{"start":{"line":8,"column":19},"end":{"line":8,"column":46}},"4":{"start":{"line":9,"column":6},"end":{"line":11,"column":7}},"5":{"start":{"line":10,"column":8},"end":{"line":10,"column":56}},"6":{"start":{"line":12,"column":21},"end":{"line":14,"column":8}},"7":{"start":{"line":15,"column":6},"end":{"line":17,"column":7}},"8":{"start":{"line":16,"column":8},"end":{"line":16,"column":68}},"9":{"start":{"line":18,"column":6},"end":{"line":18,"column":34}},"10":{"start":{"line":20,"column":6},"end":{"line":20,"column":18}},"11":{"start":{"line":25,"column":4},"end":{"line":39,"column":5}},"12":{"start":{"line":26,"column":25},"end":{"line":26,"column":35}},"13":{"start":{"line":27,"column":24},"end":{"line":27,"column":32}},"14":{"start":{"line":29,"column":22},"end":{"line":31,"column":8}},"15":{"start":{"line":32,"column":6},"end":{"line":34,"column":7}},"16":{"start":{"line":33,"column":8},"end":{"line":33,"column":60}},"17":{"start":{"line":35,"column":6},"end":{"line":35,"column":77}},"18":{"start":{"line":36,"column":6},"end":{"line":36,"column":62}},"19":{"start":{"line":38,"column":6},"end":{"line":38,"column":18}},"20":{"start":{"line":43,"column":4},"end":{"line":57,"column":5}},"21":{"start":{"line":44,"column":21},"end":{"line":44,"column":31}},"22":{"start":{"line":45,"column":24},"end":{"line":45,"column":32}},"23":{"start":{"line":47,"column":21},"end":{"line":47,"column":50}},"24":{"start":{"line":48,"column":6},"end":{"line":52,"column":7}},"25":{"start":{"line":49,"column":8},"end":{"line":49,"column":58}},"26":{"start":{"line":50,"column":13},"end":{"line":52,"column":7}},"27":{"start":{"line":51,"column":8},"end":{"line":51,"column":56}},"28":{"start":{"line":53,"column":6},"end":{"line":53,"column":59}},"29":{"start":{"line":54,"column":6},"end":{"line":54,"column":66}},"30":{"start":{"line":56,"column":6},"end":{"line":56,"column":18}},"31":{"start":{"line":61,"column":4},"end":{"line":75,"column":5}},"32":{"start":{"line":62,"column":21},"end":{"line":62,"column":31}},"33":{"start":{"line":64,"column":21},"end":{"line":64,"column":50}},"34":{"start":{"line":65,"column":6},"end":{"line":69,"column":7}},"35":{"start":{"line":66,"column":8},"end":{"line":66,"column":57}},"36":{"start":{"line":67,"column":13},"end":{"line":69,"column":7}},"37":{"start":{"line":68,"column":8},"end":{"line":68,"column":56}},"38":{"start":{"line":70,"column":6},"end":{"line":70,"column":48}},"39":{"start":{"line":72,"column":6},"end":{"line":72,"column":65}},"40":{"start":{"line":74,"column":6},"end":{"line":74,"column":18}},"41":{"start":{"line":79,"column":0},"end":{"line":79,"column":38}}},"fnMap":{"0":{"name":"(anonymous_0)","decl":{"start":{"line":4,"column":2},"end":{"line":4,"column":3}},"loc":{"start":{"line":4,"column":42},"end":{"line":22,"column":3}},"line":4},"1":{"name":"(anonymous_1)","decl":{"start":{"line":24,"column":2},"end":{"line":24,"column":3}},"loc":{"start":{"line":24,"column":44},"end":{"line":40,"column":3}},"line":24},"2":{"name":"(anonymous_2)","decl":{"start":{"line":42,"column":2},"end":{"line":42,"column":3}},"loc":{"start":{"line":42,"column":44},"end":{"line":58,"column":3}},"line":42},"3":{"name":"(anonymous_3)","decl":{"start":{"line":60,"column":2},"end":{"line":60,"column":3}},"loc":{"start":{"line":60,"column":44},"end":{"line":76,"column":3}},"line":60}},"branchMap":{"0":{"loc":{"start":{"line":9,"column":6},"end":{"line":11,"column":7}},"type":"if","locations":[{"start":{"line":9,"column":6},"end":{"line":11,"column":7}},{"start":{},"end":{}}],"line":9},"1":{"loc":{"start":{"line":15,"column":6},"end":{"line":17,"column":7}},"type":"if","locations":[{"start":{"line":15,"column":6},"end":{"line":17,"column":7}},{"start":{},"end":{}}],"line":15},"2":{"loc":{"start":{"line":32,"column":6},"end":{"line":34,"column":7}},"type":"if","locations":[{"start":{"line":32,"column":6},"end":{"line":34,"column":7}},{"start":{},"end":{}}],"line":32},"3":{"loc":{"start":{"line":48,"column":6},"end":{"line":52,"column":7}},"type":"if","locations":[{"start":{"line":48,"column":6},"end":{"line":52,"column":7}},{"start":{"line":50,"column":13},"end":{"line":52,"column":7}}],"line":48},"4":{"loc":{"start":{"line":50,"column":13},"end":{"line":52,"column":7}},"type":"if","locations":[{"start":{"line":50,"column":13},"end":{"line":52,"column":7}},{"start":{},"end":{}}],"line":50},"5":{"loc":{"start":{"line":65,"column":6},"end":{"line":69,"column":7}},"type":"if","locations":[{"start":{"line":65,"column":6},"end":{"line":69,"column":7}},{"start":{"line":67,"column":13},"end":{"line":69,"column":7}}],"line":65},"6":{"loc":{"start":{"line":67,"column":13},"end":{"line":69,"column":7}},"type":"if","locations":[{"start":{"line":67,"column":13},"end":{"line":69,"column":7}},{"start":{},"end":{}}],"line":67}},"s":{"0":7,"1":3,"2":3,"3":3,"4":3,"5":1,"6":2,"7":2,"8":1,"9":1,"10":2,"11":2,"12":2,"13":2,"14":2,"15":2,"16":1,"17":1,"18":1,"19":1,"20":3,"21":3,"22":3,"23":3,"24":3,"25":1,"26":2,"27":1,"28":1,"29":1,"30":2,"31":3,"32":3,"33":3,"34":3,"35":1,"36":2,"37":1,"38":1,"39":1,"40":2,"41":7},"f":{"0":3,"1":2,"2":3,"3":3},"b":{"0":[1,2],"1":[1,1],"2":[1,1],"3":[1,2],"4":[1,1],"5":[1,2],"6":[1,1]},"_coverageSchema":"1a1c01bbd47fc00a2c39e90264f33305004495a9","hash":"f6878b45329dd6467e7d40f70fc8dd9896bc3f30"}
,"D:\\Hacktiv8\\Fase 3\\Final Project\\beli-bang-server\\controllers\\ratingStoreControllers.js": {"path":"D:\\Hacktiv8\\Fase 3\\Final Project\\beli-bang-server\\controllers\\ratingStoreControllers.js","statementMap":{"0":{"start":{"line":1,"column":31},"end":{"line":1,"column":51}},"1":{"start":{"line":5,"column":4},"end":{"line":21,"column":5}},"2":{"start":{"line":6,"column":26},"end":{"line":6,"column":36}},"3":{"start":{"line":8,"column":20},"end":{"line":8,"column":49}},"4":{"start":{"line":9,"column":6},"end":{"line":11,"column":7}},"5":{"start":{"line":10,"column":8},"end":{"line":10,"column":57}},"6":{"start":{"line":12,"column":21},"end":{"line":14,"column":8}},"7":{"start":{"line":15,"column":6},"end":{"line":17,"column":7}},"8":{"start":{"line":16,"column":8},"end":{"line":16,"column":68}},"9":{"start":{"line":18,"column":6},"end":{"line":18,"column":34}},"10":{"start":{"line":20,"column":6},"end":{"line":20,"column":18}},"11":{"start":{"line":25,"column":4},"end":{"line":39,"column":5}},"12":{"start":{"line":26,"column":26},"end":{"line":26,"column":36}},"13":{"start":{"line":27,"column":24},"end":{"line":27,"column":32}},"14":{"start":{"line":29,"column":22},"end":{"line":31,"column":8}},"15":{"start":{"line":32,"column":6},"end":{"line":34,"column":7}},"16":{"start":{"line":33,"column":8},"end":{"line":33,"column":61}},"17":{"start":{"line":35,"column":6},"end":{"line":35,"column":80}},"18":{"start":{"line":36,"column":6},"end":{"line":36,"column":63}},"19":{"start":{"line":38,"column":6},"end":{"line":38,"column":18}},"20":{"start":{"line":43,"column":4},"end":{"line":57,"column":5}},"21":{"start":{"line":44,"column":21},"end":{"line":44,"column":31}},"22":{"start":{"line":45,"column":24},"end":{"line":45,"column":32}},"23":{"start":{"line":47,"column":21},"end":{"line":47,"column":51}},"24":{"start":{"line":48,"column":6},"end":{"line":52,"column":7}},"25":{"start":{"line":49,"column":8},"end":{"line":49,"column":58}},"26":{"start":{"line":50,"column":13},"end":{"line":52,"column":7}},"27":{"start":{"line":51,"column":8},"end":{"line":51,"column":56}},"28":{"start":{"line":53,"column":6},"end":{"line":53,"column":60}},"29":{"start":{"line":54,"column":6},"end":{"line":54,"column":66}},"30":{"start":{"line":56,"column":6},"end":{"line":56,"column":18}},"31":{"start":{"line":61,"column":4},"end":{"line":75,"column":5}},"32":{"start":{"line":62,"column":21},"end":{"line":62,"column":31}},"33":{"start":{"line":64,"column":21},"end":{"line":64,"column":51}},"34":{"start":{"line":65,"column":6},"end":{"line":69,"column":7}},"35":{"start":{"line":66,"column":8},"end":{"line":66,"column":57}},"36":{"start":{"line":67,"column":13},"end":{"line":69,"column":7}},"37":{"start":{"line":68,"column":8},"end":{"line":68,"column":56}},"38":{"start":{"line":70,"column":6},"end":{"line":70,"column":49}},"39":{"start":{"line":72,"column":6},"end":{"line":72,"column":66}},"40":{"start":{"line":74,"column":6},"end":{"line":74,"column":18}},"41":{"start":{"line":79,"column":0},"end":{"line":79,"column":39}}},"fnMap":{"0":{"name":"(anonymous_0)","decl":{"start":{"line":4,"column":2},"end":{"line":4,"column":3}},"loc":{"start":{"line":4,"column":42},"end":{"line":22,"column":3}},"line":4},"1":{"name":"(anonymous_1)","decl":{"start":{"line":24,"column":2},"end":{"line":24,"column":3}},"loc":{"start":{"line":24,"column":44},"end":{"line":40,"column":3}},"line":24},"2":{"name":"(anonymous_2)","decl":{"start":{"line":42,"column":2},"end":{"line":42,"column":3}},"loc":{"start":{"line":42,"column":44},"end":{"line":58,"column":3}},"line":42},"3":{"name":"(anonymous_3)","decl":{"start":{"line":60,"column":2},"end":{"line":60,"column":3}},"loc":{"start":{"line":60,"column":44},"end":{"line":76,"column":3}},"line":60}},"branchMap":{"0":{"loc":{"start":{"line":9,"column":6},"end":{"line":11,"column":7}},"type":"if","locations":[{"start":{"line":9,"column":6},"end":{"line":11,"column":7}},{"start":{},"end":{}}],"line":9},"1":{"loc":{"start":{"line":15,"column":6},"end":{"line":17,"column":7}},"type":"if","locations":[{"start":{"line":15,"column":6},"end":{"line":17,"column":7}},{"start":{},"end":{}}],"line":15},"2":{"loc":{"start":{"line":32,"column":6},"end":{"line":34,"column":7}},"type":"if","locations":[{"start":{"line":32,"column":6},"end":{"line":34,"column":7}},{"start":{},"end":{}}],"line":32},"3":{"loc":{"start":{"line":48,"column":6},"end":{"line":52,"column":7}},"type":"if","locations":[{"start":{"line":48,"column":6},"end":{"line":52,"column":7}},{"start":{"line":50,"column":13},"end":{"line":52,"column":7}}],"line":48},"4":{"loc":{"start":{"line":50,"column":13},"end":{"line":52,"column":7}},"type":"if","locations":[{"start":{"line":50,"column":13},"end":{"line":52,"column":7}},{"start":{},"end":{}}],"line":50},"5":{"loc":{"start":{"line":65,"column":6},"end":{"line":69,"column":7}},"type":"if","locations":[{"start":{"line":65,"column":6},"end":{"line":69,"column":7}},{"start":{"line":67,"column":13},"end":{"line":69,"column":7}}],"line":65},"6":{"loc":{"start":{"line":67,"column":13},"end":{"line":69,"column":7}},"type":"if","locations":[{"start":{"line":67,"column":13},"end":{"line":69,"column":7}},{"start":{},"end":{}}],"line":67}},"s":{"0":7,"1":3,"2":3,"3":3,"4":3,"5":1,"6":2,"7":2,"8":1,"9":1,"10":2,"11":2,"12":2,"13":2,"14":2,"15":2,"16":1,"17":1,"18":1,"19":1,"20":3,"21":3,"22":3,"23":3,"24":3,"25":1,"26":2,"27":1,"28":1,"29":1,"30":2,"31":3,"32":3,"33":3,"34":3,"35":1,"36":2,"37":1,"38":1,"39":1,"40":2,"41":7},"f":{"0":3,"1":2,"2":3,"3":3},"b":{"0":[1,2],"1":[1,1],"2":[1,1],"3":[1,2],"4":[1,1],"5":[1,2],"6":[1,1]},"_coverageSchema":"1a1c01bbd47fc00a2c39e90264f33305004495a9","hash":"0bb8d22d426b66b171b9462f48342a2e0452400c"}
,"D:\\Hacktiv8\\Fase 3\\Final Project\\beli-bang-server\\controllers\\storeControllers.js": {"path":"D:\\Hacktiv8\\Fase 3\\Final Project\\beli-bang-server\\controllers\\storeControllers.js","statementMap":{"0":{"start":{"line":1,"column":30},"end":{"line":1,"column":50}},"1":{"start":{"line":2,"column":17},"end":{"line":2,"column":47}},"2":{"start":{"line":6,"column":4},"end":{"line":27,"column":5}},"3":{"start":{"line":8,"column":21},"end":{"line":17,"column":8}},"4":{"start":{"line":18,"column":6},"end":{"line":23,"column":7}},"5":{"start":{"line":19,"column":8},"end":{"line":22,"column":10}},"6":{"start":{"line":24,"column":6},"end":{"line":24,"column":35}},"7":{"start":{"line":26,"column":6},"end":{"line":26,"column":18}},"8":{"start":{"line":31,"column":4},"end":{"line":52,"column":5}},"9":{"start":{"line":32,"column":21},"end":{"line":32,"column":31}},"10":{"start":{"line":33,"column":20},"end":{"line":45,"column":8}},"11":{"start":{"line":46,"column":6},"end":{"line":48,"column":7}},"12":{"start":{"line":47,"column":8},"end":{"line":47,"column":58}},"13":{"start":{"line":49,"column":6},"end":{"line":49,"column":34}},"14":{"start":{"line":51,"column":6},"end":{"line":51,"column":18}},"15":{"start":{"line":56,"column":4},"end":{"line":78,"column":5}},"16":{"start":{"line":57,"column":21},"end":{"line":57,"column":32}},"17":{"start":{"line":58,"column":26},"end":{"line":71,"column":8}},"18":{"start":{"line":72,"column":6},"end":{"line":74,"column":7}},"19":{"start":{"line":73,"column":8},"end":{"line":73,"column":74}},"20":{"start":{"line":75,"column":6},"end":{"line":75,"column":40}},"21":{"start":{"line":77,"column":6},"end":{"line":77,"column":18}},"22":{"start":{"line":82,"column":4},"end":{"line":124,"column":5}},"23":{"start":{"line":83,"column":36},"end":{"line":83,"column":44}},"24":{"start":{"line":85,"column":20},"end":{"line":85,"column":75}},"25":{"start":{"line":86,"column":6},"end":{"line":88,"column":7}},"26":{"start":{"line":87,"column":8},"end":{"line":87,"column":67}},"27":{"start":{"line":89,"column":6},"end":{"line":91,"column":7}},"28":{"start":{"line":90,"column":8},"end":{"line":90,"column":66}},"29":{"start":{"line":92,"column":6},"end":{"line":94,"column":7}},"30":{"start":{"line":93,"column":8},"end":{"line":93,"column":59}},"31":{"start":{"line":95,"column":6},"end":{"line":97,"column":7}},"32":{"start":{"line":96,"column":8},"end":{"line":96,"column":66}},"33":{"start":{"line":99,"column":6},"end":{"line":121,"column":8}},"34":{"start":{"line":107,"column":10},"end":{"line":111,"column":11}},"35":{"start":{"line":108,"column":12},"end":{"line":110,"column":15}},"36":{"start":{"line":113,"column":10},"end":{"line":118,"column":13}},"37":{"start":{"line":119,"column":10},"end":{"line":119,"column":70}},"38":{"start":{"line":123,"column":6},"end":{"line":123,"column":18}},"39":{"start":{"line":128,"column":4},"end":{"line":177,"column":5}},"40":{"start":{"line":129,"column":44},"end":{"line":129,"column":52}},"41":{"start":{"line":130,"column":21},"end":{"line":130,"column":31}},"42":{"start":{"line":132,"column":6},"end":{"line":174,"column":7}},"43":{"start":{"line":133,"column":22},"end":{"line":133,"column":46}},"44":{"start":{"line":134,"column":8},"end":{"line":136,"column":9}},"45":{"start":{"line":135,"column":10},"end":{"line":135,"column":60}},"46":{"start":{"line":138,"column":8},"end":{"line":138,"column":58}},"47":{"start":{"line":139,"column":8},"end":{"line":139,"column":80}},"48":{"start":{"line":141,"column":22},"end":{"line":141,"column":46}},"49":{"start":{"line":142,"column":8},"end":{"line":144,"column":9}},"50":{"start":{"line":143,"column":10},"end":{"line":143,"column":60}},"51":{"start":{"line":145,"column":8},"end":{"line":147,"column":9}},"52":{"start":{"line":146,"column":10},"end":{"line":146,"column":61}},"53":{"start":{"line":148,"column":8},"end":{"line":150,"column":9}},"54":{"start":{"line":149,"column":10},"end":{"line":149,"column":68}},"55":{"start":{"line":152,"column":8},"end":{"line":173,"column":10}},"56":{"start":{"line":160,"column":12},"end":{"line":164,"column":13}},"57":{"start":{"line":161,"column":14},"end":{"line":163,"column":17}},"58":{"start":{"line":166,"column":12},"end":{"line":170,"column":15}},"59":{"start":{"line":171,"column":12},"end":{"line":171,"column":84}},"60":{"start":{"line":176,"column":6},"end":{"line":176,"column":18}},"61":{"start":{"line":181,"column":4},"end":{"line":186,"column":5}},"62":{"start":{"line":182,"column":6},"end":{"line":182,"column":60}},"63":{"start":{"line":183,"column":6},"end":{"line":183,"column":66}},"64":{"start":{"line":185,"column":6},"end":{"line":185,"column":18}},"65":{"start":{"line":190,"column":0},"end":{"line":190,"column":34}}},"fnMap":{"0":{"name":"(anonymous_0)","decl":{"start":{"line":5,"column":2},"end":{"line":5,"column":3}},"loc":{"start":{"line":5,"column":42},"end":{"line":28,"column":3}},"line":5},"1":{"name":"(anonymous_1)","decl":{"start":{"line":30,"column":2},"end":{"line":30,"column":3}},"loc":{"start":{"line":30,"column":41},"end":{"line":53,"column":3}},"line":30},"2":{"name":"(anonymous_2)","decl":{"start":{"line":55,"column":2},"end":{"line":55,"column":3}},"loc":{"start":{"line":55,"column":45},"end":{"line":79,"column":3}},"line":55},"3":{"name":"(anonymous_3)","decl":{"start":{"line":81,"column":2},"end":{"line":81,"column":3}},"loc":{"start":{"line":81,"column":43},"end":{"line":125,"column":3}},"line":81},"4":{"name":"(anonymous_4)","decl":{"start":{"line":106,"column":8},"end":{"line":106,"column":9}},"loc":{"start":{"line":106,"column":43},"end":{"line":120,"column":9}},"line":106},"5":{"name":"(anonymous_5)","decl":{"start":{"line":127,"column":2},"end":{"line":127,"column":3}},"loc":{"start":{"line":127,"column":43},"end":{"line":178,"column":3}},"line":127},"6":{"name":"(anonymous_6)","decl":{"start":{"line":159,"column":10},"end":{"line":159,"column":11}},"loc":{"start":{"line":159,"column":45},"end":{"line":172,"column":11}},"line":159},"7":{"name":"(anonymous_7)","decl":{"start":{"line":180,"column":2},"end":{"line":180,"column":3}},"loc":{"start":{"line":180,"column":43},"end":{"line":187,"column":3}},"line":180}},"branchMap":{"0":{"loc":{"start":{"line":18,"column":6},"end":{"line":23,"column":7}},"type":"if","locations":[{"start":{"line":18,"column":6},"end":{"line":23,"column":7}},{"start":{},"end":{}}],"line":18},"1":{"loc":{"start":{"line":46,"column":6},"end":{"line":48,"column":7}},"type":"if","locations":[{"start":{"line":46,"column":6},"end":{"line":48,"column":7}},{"start":{},"end":{}}],"line":46},"2":{"loc":{"start":{"line":72,"column":6},"end":{"line":74,"column":7}},"type":"if","locations":[{"start":{"line":72,"column":6},"end":{"line":74,"column":7}},{"start":{},"end":{}}],"line":72},"3":{"loc":{"start":{"line":86,"column":6},"end":{"line":88,"column":7}},"type":"if","locations":[{"start":{"line":86,"column":6},"end":{"line":88,"column":7}},{"start":{},"end":{}}],"line":86},"4":{"loc":{"start":{"line":89,"column":6},"end":{"line":91,"column":7}},"type":"if","locations":[{"start":{"line":89,"column":6},"end":{"line":91,"column":7}},{"start":{},"end":{}}],"line":89},"5":{"loc":{"start":{"line":92,"column":6},"end":{"line":94,"column":7}},"type":"if","locations":[{"start":{"line":92,"column":6},"end":{"line":94,"column":7}},{"start":{},"end":{}}],"line":92},"6":{"loc":{"start":{"line":95,"column":6},"end":{"line":97,"column":7}},"type":"if","locations":[{"start":{"line":95,"column":6},"end":{"line":97,"column":7}},{"start":{},"end":{}}],"line":95},"7":{"loc":{"start":{"line":107,"column":10},"end":{"line":111,"column":11}},"type":"if","locations":[{"start":{"line":107,"column":10},"end":{"line":111,"column":11}},{"start":{},"end":{}}],"line":107},"8":{"loc":{"start":{"line":132,"column":6},"end":{"line":174,"column":7}},"type":"if","locations":[{"start":{"line":132,"column":6},"end":{"line":174,"column":7}},{"start":{"line":140,"column":13},"end":{"line":174,"column":7}}],"line":132},"9":{"loc":{"start":{"line":134,"column":8},"end":{"line":136,"column":9}},"type":"if","locations":[{"start":{"line":134,"column":8},"end":{"line":136,"column":9}},{"start":{},"end":{}}],"line":134},"10":{"loc":{"start":{"line":142,"column":8},"end":{"line":144,"column":9}},"type":"if","locations":[{"start":{"line":142,"column":8},"end":{"line":144,"column":9}},{"start":{},"end":{}}],"line":142},"11":{"loc":{"start":{"line":145,"column":8},"end":{"line":147,"column":9}},"type":"if","locations":[{"start":{"line":145,"column":8},"end":{"line":147,"column":9}},{"start":{},"end":{}}],"line":145},"12":{"loc":{"start":{"line":148,"column":8},"end":{"line":150,"column":9}},"type":"if","locations":[{"start":{"line":148,"column":8},"end":{"line":150,"column":9}},{"start":{},"end":{}}],"line":148},"13":{"loc":{"start":{"line":160,"column":12},"end":{"line":164,"column":13}},"type":"if","locations":[{"start":{"line":160,"column":12},"end":{"line":164,"column":13}},{"start":{},"end":{}}],"line":160}},"s":{"0":7,"1":7,"2":2,"3":2,"4":2,"5":0,"6":2,"7":0,"8":2,"9":2,"10":2,"11":2,"12":1,"13":1,"14":1,"15":2,"16":2,"17":2,"18":2,"19":1,"20":1,"21":1,"22":5,"23":5,"24":5,"25":5,"26":0,"27":5,"28":5,"29":0,"30":0,"31":0,"32":0,"33":0,"34":0,"35":0,"36":0,"37":0,"38":5,"39":4,"40":4,"41":4,"42":4,"43":4,"44":4,"45":0,"46":4,"47":4,"48":0,"49":0,"50":0,"51":0,"52":0,"53":0,"54":0,"55":0,"56":0,"57":0,"58":0,"59":0,"60":0,"61":1,"62":1,"63":1,"64":0,"65":7},"f":{"0":2,"1":2,"2":2,"3":5,"4":0,"5":4,"6":0,"7":1},"b":{"0":[0,2],"1":[1,1],"2":[1,1],"3":[0,5],"4":[5,0],"5":[0,0],"6":[0,0],"7":[0,0],"8":[4,0],"9":[0,4],"10":[0,0],"11":[0,0],"12":[0,0],"13":[0,0]},"_coverageSchema":"1a1c01bbd47fc00a2c39e90264f33305004495a9","hash":"d2ee055e0f3c3fad0a8120b77fd5a365815f045b"}
,"D:\\Hacktiv8\\Fase 3\\Final Project\\beli-bang-server\\controllers\\userControllers.js": {"path":"D:\\Hacktiv8\\Fase 3\\Final Project\\beli-bang-server\\controllers\\userControllers.js","statementMap":{"0":{"start":{"line":1,"column":28},"end":{"line":1,"column":56}},"1":{"start":{"line":2,"column":17},"end":{"line":2,"column":47}},"2":{"start":{"line":3,"column":22},"end":{"line":3,"column":47}},"3":{"start":{"line":4,"column":28},"end":{"line":4,"column":48}},"4":{"start":{"line":8,"column":4},"end":{"line":24,"column":5}},"5":{"start":{"line":9,"column":72},"end":{"line":9,"column":80}},"6":{"start":{"line":11,"column":19},"end":{"line":18,"column":8}},"7":{"start":{"line":19,"column":27},"end":{"line":19,"column":72}},"8":{"start":{"line":21,"column":6},"end":{"line":21,"column":75}},"9":{"start":{"line":23,"column":6},"end":{"line":23,"column":18}},"10":{"start":{"line":28,"column":4},"end":{"line":51,"column":5}},"11":{"start":{"line":29,"column":34},"end":{"line":29,"column":42}},"12":{"start":{"line":30,"column":6},"end":{"line":32,"column":7}},"13":{"start":{"line":31,"column":8},"end":{"line":31,"column":60}},"14":{"start":{"line":33,"column":6},"end":{"line":35,"column":7}},"15":{"start":{"line":34,"column":8},"end":{"line":34,"column":63}},"16":{"start":{"line":37,"column":26},"end":{"line":37,"column":84}},"17":{"start":{"line":38,"column":19},"end":{"line":40,"column":8}},"18":{"start":{"line":41,"column":6},"end":{"line":43,"column":7}},"19":{"start":{"line":42,"column":8},"end":{"line":42,"column":65}},"20":{"start":{"line":45,"column":27},"end":{"line":45,"column":72}},"21":{"start":{"line":46,"column":6},"end":{"line":48,"column":87}},"22":{"start":{"line":50,"column":6},"end":{"line":50,"column":18}},"23":{"start":{"line":55,"column":4},"end":{"line":66,"column":5}},"24":{"start":{"line":56,"column":21},"end":{"line":56,"column":31}},"25":{"start":{"line":57,"column":19},"end":{"line":59,"column":8}},"26":{"start":{"line":60,"column":6},"end":{"line":62,"column":7}},"27":{"start":{"line":61,"column":8},"end":{"line":61,"column":57}},"28":{"start":{"line":63,"column":6},"end":{"line":63,"column":33}},"29":{"start":{"line":65,"column":6},"end":{"line":65,"column":18}},"30":{"start":{"line":70,"column":4},"end":{"line":79,"column":5}},"31":{"start":{"line":71,"column":27},"end":{"line":71,"column":35}},"32":{"start":{"line":72,"column":17},"end":{"line":72,"column":28}},"33":{"start":{"line":74,"column":6},"end":{"line":74,"column":57}},"34":{"start":{"line":76,"column":6},"end":{"line":76,"column":65}},"35":{"start":{"line":78,"column":6},"end":{"line":78,"column":18}},"36":{"start":{"line":83,"column":4},"end":{"line":110,"column":5}},"37":{"start":{"line":84,"column":60},"end":{"line":84,"column":68}},"38":{"start":{"line":85,"column":17},"end":{"line":85,"column":28}},"39":{"start":{"line":87,"column":6},"end":{"line":89,"column":7}},"40":{"start":{"line":88,"column":8},"end":{"line":88,"column":63}},"41":{"start":{"line":91,"column":19},"end":{"line":91,"column":42}},"42":{"start":{"line":93,"column":6},"end":{"line":95,"column":7}},"43":{"start":{"line":94,"column":8},"end":{"line":94,"column":59}},"44":{"start":{"line":97,"column":6},"end":{"line":99,"column":7}},"45":{"start":{"line":98,"column":8},"end":{"line":98,"column":66}},"46":{"start":{"line":101,"column":6},"end":{"line":103,"column":7}},"47":{"start":{"line":102,"column":8},"end":{"line":102,"column":70}},"48":{"start":{"line":105,"column":6},"end":{"line":105,"column":70}},"49":{"start":{"line":107,"column":6},"end":{"line":107,"column":65}},"50":{"start":{"line":109,"column":6},"end":{"line":109,"column":18}},"51":{"start":{"line":114,"column":4},"end":{"line":123,"column":5}},"52":{"start":{"line":115,"column":30},"end":{"line":115,"column":38}},"53":{"start":{"line":116,"column":17},"end":{"line":116,"column":28}},"54":{"start":{"line":118,"column":6},"end":{"line":118,"column":60}},"55":{"start":{"line":120,"column":6},"end":{"line":120,"column":69}},"56":{"start":{"line":122,"column":6},"end":{"line":122,"column":18}},"57":{"start":{"line":127,"column":4},"end":{"line":136,"column":5}},"58":{"start":{"line":128,"column":26},"end":{"line":128,"column":34}},"59":{"start":{"line":129,"column":17},"end":{"line":129,"column":28}},"60":{"start":{"line":131,"column":6},"end":{"line":131,"column":56}},"61":{"start":{"line":133,"column":6},"end":{"line":133,"column":64}},"62":{"start":{"line":135,"column":6},"end":{"line":135,"column":18}},"63":{"start":{"line":140,"column":4},"end":{"line":167,"column":5}},"64":{"start":{"line":141,"column":6},"end":{"line":143,"column":7}},"65":{"start":{"line":142,"column":8},"end":{"line":142,"column":70}},"66":{"start":{"line":145,"column":6},"end":{"line":164,"column":8}},"67":{"start":{"line":153,"column":10},"end":{"line":157,"column":11}},"68":{"start":{"line":154,"column":12},"end":{"line":156,"column":15}},"69":{"start":{"line":158,"column":21},"end":{"line":158,"column":32}},"70":{"start":{"line":160,"column":10},"end":{"line":160,"column":85}},"71":{"start":{"line":162,"column":10},"end":{"line":162,"column":76}},"72":{"start":{"line":166,"column":6},"end":{"line":166,"column":18}},"73":{"start":{"line":171,"column":4},"end":{"line":190,"column":5}},"74":{"start":{"line":172,"column":38},"end":{"line":172,"column":46}},"75":{"start":{"line":173,"column":17},"end":{"line":173,"column":28}},"76":{"start":{"line":175,"column":6},"end":{"line":177,"column":7}},"77":{"start":{"line":176,"column":8},"end":{"line":176,"column":63}},"78":{"start":{"line":179,"column":23},"end":{"line":182,"column":7}},"79":{"start":{"line":184,"column":26},"end":{"line":184,"column":86}},"80":{"start":{"line":185,"column":6},"end":{"line":185,"column":57}},"81":{"start":{"line":187,"column":6},"end":{"line":187,"column":65}},"82":{"start":{"line":189,"column":6},"end":{"line":189,"column":18}},"83":{"start":{"line":194,"column":0},"end":{"line":194,"column":33}},"84":{"start":{"line":201,"column":38},"end":{"line":201,"column":37333}},"85":{"start":{"line":201,"column":42},"end":{"line":201,"column":37322}},"86":{"start":{"line":201,"column":37358},"end":{"line":201,"column":37398}},"87":{"start":{"line":201,"column":37362},"end":{"line":201,"column":37387}},"88":{"start":{"line":201,"column":37399},"end":{"line":201,"column":37407}},"89":{"start":{"line":201,"column":37432},"end":{"line":201,"column":37474}},"90":{"start":{"line":201,"column":37436},"end":{"line":201,"column":37463}},"91":{"start":{"line":201,"column":37475},"end":{"line":201,"column":37483}},"92":{"start":{"line":201,"column":37502},"end":{"line":201,"column":37539}},"93":{"start":{"line":201,"column":37506},"end":{"line":201,"column":37528}},"94":{"start":{"line":201,"column":37558},"end":{"line":201,"column":37598}},"95":{"start":{"line":201,"column":37562},"end":{"line":201,"column":37587}}},"fnMap":{"0":{"name":"(anonymous_0)","decl":{"start":{"line":7,"column":2},"end":{"line":7,"column":3}},"loc":{"start":{"line":7,"column":40},"end":{"line":25,"column":3}},"line":7},"1":{"name":"(anonymous_1)","decl":{"start":{"line":27,"column":2},"end":{"line":27,"column":3}},"loc":{"start":{"line":27,"column":37},"end":{"line":52,"column":3}},"line":27},"2":{"name":"(anonymous_2)","decl":{"start":{"line":54,"column":2},"end":{"line":54,"column":3}},"loc":{"start":{"line":54,"column":41},"end":{"line":67,"column":3}},"line":54},"3":{"name":"(anonymous_3)","decl":{"start":{"line":69,"column":2},"end":{"line":69,"column":3}},"loc":{"start":{"line":69,"column":44},"end":{"line":80,"column":3}},"line":69},"4":{"name":"(anonymous_4)","decl":{"start":{"line":82,"column":2},"end":{"line":82,"column":3}},"loc":{"start":{"line":82,"column":44},"end":{"line":111,"column":3}},"line":82},"5":{"name":"(anonymous_5)","decl":{"start":{"line":113,"column":2},"end":{"line":113,"column":3}},"loc":{"start":{"line":113,"column":47},"end":{"line":124,"column":3}},"line":113},"6":{"name":"(anonymous_6)","decl":{"start":{"line":126,"column":2},"end":{"line":126,"column":3}},"loc":{"start":{"line":126,"column":43},"end":{"line":137,"column":3}},"line":126},"7":{"name":"(anonymous_7)","decl":{"start":{"line":139,"column":2},"end":{"line":139,"column":3}},"loc":{"start":{"line":139,"column":50},"end":{"line":168,"column":3}},"line":139},"8":{"name":"(anonymous_8)","decl":{"start":{"line":152,"column":8},"end":{"line":152,"column":9}},"loc":{"start":{"line":152,"column":43},"end":{"line":163,"column":9}},"line":152},"9":{"name":"(anonymous_9)","decl":{"start":{"line":170,"column":2},"end":{"line":170,"column":3}},"loc":{"start":{"line":170,"column":44},"end":{"line":191,"column":3}},"line":170},"10":{"name":"oo_cm","decl":{"start":{"line":201,"column":30},"end":{"line":201,"column":35}},"loc":{"start":{"line":201,"column":37},"end":{"line":201,"column":37334}},"line":201},"11":{"name":"oo_oo","decl":{"start":{"line":201,"column":37344},"end":{"line":201,"column":37349}},"loc":{"start":{"line":201,"column":37357},"end":{"line":201,"column":37408}},"line":201},"12":{"name":"oo_tr","decl":{"start":{"line":201,"column":37418},"end":{"line":201,"column":37423}},"loc":{"start":{"line":201,"column":37431},"end":{"line":201,"column":37484}},"line":201},"13":{"name":"oo_ts","decl":{"start":{"line":201,"column":37494},"end":{"line":201,"column":37499}},"loc":{"start":{"line":201,"column":37501},"end":{"line":201,"column":37540}},"line":201},"14":{"name":"oo_te","decl":{"start":{"line":201,"column":37550},"end":{"line":201,"column":37555}},"loc":{"start":{"line":201,"column":37557},"end":{"line":201,"column":37599}},"line":201}},"branchMap":{"0":{"loc":{"start":{"line":30,"column":6},"end":{"line":32,"column":7}},"type":"if","locations":[{"start":{"line":30,"column":6},"end":{"line":32,"column":7}},{"start":{},"end":{}}],"line":30},"1":{"loc":{"start":{"line":33,"column":6},"end":{"line":35,"column":7}},"type":"if","locations":[{"start":{"line":33,"column":6},"end":{"line":35,"column":7}},{"start":{},"end":{}}],"line":33},"2":{"loc":{"start":{"line":41,"column":6},"end":{"line":43,"column":7}},"type":"if","locations":[{"start":{"line":41,"column":6},"end":{"line":43,"column":7}},{"start":{},"end":{}}],"line":41},"3":{"loc":{"start":{"line":41,"column":10},"end":{"line":41,"column":60}},"type":"binary-expr","locations":[{"start":{"line":41,"column":10},"end":{"line":41,"column":15}},{"start":{"line":41,"column":19},"end":{"line":41,"column":60}}],"line":41},"4":{"loc":{"start":{"line":60,"column":6},"end":{"line":62,"column":7}},"type":"if","locations":[{"start":{"line":60,"column":6},"end":{"line":62,"column":7}},{"start":{},"end":{}}],"line":60},"5":{"loc":{"start":{"line":87,"column":6},"end":{"line":89,"column":7}},"type":"if","locations":[{"start":{"line":87,"column":6},"end":{"line":89,"column":7}},{"start":{},"end":{}}],"line":87},"6":{"loc":{"start":{"line":93,"column":6},"end":{"line":95,"column":7}},"type":"if","locations":[{"start":{"line":93,"column":6},"end":{"line":95,"column":7}},{"start":{},"end":{}}],"line":93},"7":{"loc":{"start":{"line":97,"column":6},"end":{"line":99,"column":7}},"type":"if","locations":[{"start":{"line":97,"column":6},"end":{"line":99,"column":7}},{"start":{},"end":{}}],"line":97},"8":{"loc":{"start":{"line":101,"column":6},"end":{"line":103,"column":7}},"type":"if","locations":[{"start":{"line":101,"column":6},"end":{"line":103,"column":7}},{"start":{},"end":{}}],"line":101},"9":{"loc":{"start":{"line":141,"column":6},"end":{"line":143,"column":7}},"type":"if","locations":[{"start":{"line":141,"column":6},"end":{"line":143,"column":7}},{"start":{},"end":{}}],"line":141},"10":{"loc":{"start":{"line":153,"column":10},"end":{"line":157,"column":11}},"type":"if","locations":[{"start":{"line":153,"column":10},"end":{"line":157,"column":11}},{"start":{},"end":{}}],"line":153},"11":{"loc":{"start":{"line":175,"column":6},"end":{"line":177,"column":7}},"type":"if","locations":[{"start":{"line":175,"column":6},"end":{"line":177,"column":7}},{"start":{},"end":{}}],"line":175},"12":{"loc":{"start":{"line":175,"column":10},"end":{"line":175,"column":33}},"type":"binary-expr","locations":[{"start":{"line":175,"column":10},"end":{"line":175,"column":20}},{"start":{"line":175,"column":24},"end":{"line":175,"column":33}}],"line":175},"13":{"loc":{"start":{"line":201,"column":49},"end":{"line":201,"column":37321}},"type":"binary-expr","locations":[{"start":{"line":201,"column":49},"end":{"line":201,"column":86}},{"start":{"line":201,"column":90},"end":{"line":201,"column":37321}}],"line":201}},"s":{"0":7,"1":7,"2":7,"3":7,"4":10,"5":10,"6":10,"7":1,"8":1,"9":9,"10":5,"11":5,"12":5,"13":1,"14":4,"15":1,"16":3,"17":3,"18":3,"19":2,"20":1,"21":1,"22":4,"23":2,"24":2,"25":2,"26":2,"27":1,"28":1,"29":1,"30":2,"31":2,"32":2,"33":2,"34":1,"35":1,"36":7,"37":7,"38":7,"39":7,"40":1,"41":6,"42":6,"43":1,"44":5,"45":1,"46":4,"47":1,"48":3,"49":1,"50":6,"51":2,"52":2,"53":2,"54":2,"55":1,"56":1,"57":2,"58":2,"59":2,"60":2,"61":1,"62":1,"63":1,"64":1,"65":1,"66":0,"67":0,"68":0,"69":0,"70":0,"71":0,"72":1,"73":3,"74":3,"75":3,"76":3,"77":2,"78":1,"79":1,"80":1,"81":1,"82":2,"83":7,"84":4,"85":4,"86":4,"87":4,"88":4,"89":0,"90":0,"91":0,"92":0,"93":0,"94":0,"95":0},"f":{"0":10,"1":5,"2":2,"3":2,"4":7,"5":2,"6":2,"7":1,"8":0,"9":3,"10":4,"11":4,"12":0,"13":0,"14":0},"b":{"0":[1,4],"1":[1,3],"2":[2,1],"3":[3,2],"4":[1,1],"5":[1,6],"6":[1,5],"7":[1,4],"8":[1,3],"9":[1,0],"10":[0,0],"11":[2,1],"12":[3,2],"13":[4,1]},"_coverageSchema":"1a1c01bbd47fc00a2c39e90264f33305004495a9","hash":"f764aafcb4109314336b777b34851263df8806e5"}
,"D:\\Hacktiv8\\Fase 3\\Final Project\\beli-bang-server\\helpers\\bcrypt.js": {"path":"D:\\Hacktiv8\\Fase 3\\Final Project\\beli-bang-server\\helpers\\bcrypt.js","statementMap":{"0":{"start":{"line":1,"column":15},"end":{"line":1,"column":34}},"1":{"start":{"line":3,"column":21},"end":{"line":6,"column":1}},"2":{"start":{"line":4,"column":15},"end":{"line":4,"column":37}},"3":{"start":{"line":5,"column":2},"end":{"line":5,"column":41}},"4":{"start":{"line":8,"column":24},"end":{"line":10,"column":1}},"5":{"start":{"line":9,"column":2},"end":{"line":9,"column":44}},"6":{"start":{"line":12,"column":0},"end":{"line":12,"column":51}}},"fnMap":{"0":{"name":"(anonymous_0)","decl":{"start":{"line":3,"column":21},"end":{"line":3,"column":22}},"loc":{"start":{"line":3,"column":35},"end":{"line":6,"column":1}},"line":3},"1":{"name":"(anonymous_1)","decl":{"start":{"line":8,"column":24},"end":{"line":8,"column":25}},"loc":{"start":{"line":8,"column":44},"end":{"line":10,"column":1}},"line":8}},"branchMap":{},"s":{"0":7,"1":7,"2":20,"3":20,"4":7,"5":8,"6":7},"f":{"0":20,"1":8},"b":{},"_coverageSchema":"1a1c01bbd47fc00a2c39e90264f33305004495a9","hash":"e1a604873ba0e1484041d68948b2ab1de743f04b"}
,"D:\\Hacktiv8\\Fase 3\\Final Project\\beli-bang-server\\helpers\\imageKit.js": {"path":"D:\\Hacktiv8\\Fase 3\\Final Project\\beli-bang-server\\helpers\\imageKit.js","statementMap":{"0":{"start":{"line":1,"column":17},"end":{"line":1,"column":36}},"1":{"start":{"line":3,"column":17},"end":{"line":7,"column":2}},"2":{"start":{"line":9,"column":0},"end":{"line":9,"column":25}}},"fnMap":{},"branchMap":{},"s":{"0":7,"1":7,"2":7},"f":{},"b":{},"_coverageSchema":"1a1c01bbd47fc00a2c39e90264f33305004495a9","hash":"2ede12fe02425723c91e6b3d1975101edc56d5f9"}
,"D:\\Hacktiv8\\Fase 3\\Final Project\\beli-bang-server\\helpers\\jwt.js": {"path":"D:\\Hacktiv8\\Fase 3\\Final Project\\beli-bang-server\\helpers\\jwt.js","statementMap":{"0":{"start":{"line":1,"column":12},"end":{"line":1,"column":35}},"1":{"start":{"line":2,"column":19},"end":{"line":2,"column":41}},"2":{"start":{"line":4,"column":18},"end":{"line":6,"column":1}},"3":{"start":{"line":5,"column":4},"end":{"line":5,"column":40}},"4":{"start":{"line":8,"column":20},"end":{"line":10,"column":1}},"5":{"start":{"line":9,"column":4},"end":{"line":9,"column":40}},"6":{"start":{"line":12,"column":0},"end":{"line":12,"column":43}}},"fnMap":{"0":{"name":"(anonymous_0)","decl":{"start":{"line":4,"column":18},"end":{"line":4,"column":19}},"loc":{"start":{"line":4,"column":31},"end":{"line":6,"column":1}},"line":4},"1":{"name":"(anonymous_1)","decl":{"start":{"line":8,"column":20},"end":{"line":8,"column":21}},"loc":{"start":{"line":8,"column":31},"end":{"line":10,"column":1}},"line":8}},"branchMap":{},"s":{"0":7,"1":7,"2":7,"3":17,"4":7,"5":251,"6":7},"f":{"0":17,"1":251},"b":{},"_coverageSchema":"1a1c01bbd47fc00a2c39e90264f33305004495a9","hash":"25c93a8dfebc1b5a1c72579981e00dd7e5db845a"}
,"D:\\Hacktiv8\\Fase 3\\Final Project\\beli-bang-server\\middlewares\\authentication.js": {"path":"D:\\Hacktiv8\\Fase 3\\Final Project\\beli-bang-server\\middlewares\\authentication.js","statementMap":{"0":{"start":{"line":1,"column":24},"end":{"line":1,"column":49}},"1":{"start":{"line":2,"column":17},"end":{"line":2,"column":37}},"2":{"start":{"line":5,"column":2},"end":{"line":16,"column":3}},"3":{"start":{"line":6,"column":20},"end":{"line":6,"column":57}},"4":{"start":{"line":8,"column":17},"end":{"line":8,"column":48}},"5":{"start":{"line":9,"column":4},"end":{"line":11,"column":5}},"6":{"start":{"line":10,"column":6},"end":{"line":10,"column":54}},"7":{"start":{"line":12,"column":4},"end":{"line":12,"column":46}},"8":{"start":{"line":13,"column":4},"end":{"line":13,"column":10}},"9":{"start":{"line":15,"column":4},"end":{"line":15,"column":15}},"10":{"start":{"line":19,"column":0},"end":{"line":19,"column":31}}},"fnMap":{"0":{"name":"authentication","decl":{"start":{"line":4,"column":15},"end":{"line":4,"column":29}},"loc":{"start":{"line":4,"column":46},"end":{"line":17,"column":1}},"line":4}},"branchMap":{"0":{"loc":{"start":{"line":9,"column":4},"end":{"line":11,"column":5}},"type":"if","locations":[{"start":{"line":9,"column":4},"end":{"line":11,"column":5}},{"start":{},"end":{}}],"line":9}},"s":{"0":7,"1":7,"2":251,"3":251,"4":185,"5":185,"6":0,"7":185,"8":185,"9":66,"10":7},"f":{"0":251},"b":{"0":[0,185]},"_coverageSchema":"1a1c01bbd47fc00a2c39e90264f33305004495a9","hash":"5ef9fe4cb131df8ad7cf8746ca3b268f712e8d20"}
,"D:\\Hacktiv8\\Fase 3\\Final Project\\beli-bang-server\\middlewares\\authorization.js": {"path":"D:\\Hacktiv8\\Fase 3\\Final Project\\beli-bang-server\\middlewares\\authorization.js","statementMap":{"0":{"start":{"line":1,"column":24},"end":{"line":1,"column":44}},"1":{"start":{"line":4,"column":2},"end":{"line":11,"column":3}},"2":{"start":{"line":5,"column":4},"end":{"line":7,"column":5}},"3":{"start":{"line":6,"column":6},"end":{"line":6,"column":65}},"4":{"start":{"line":8,"column":4},"end":{"line":8,"column":11}},"5":{"start":{"line":10,"column":4},"end":{"line":10,"column":16}},"6":{"start":{"line":15,"column":2},"end":{"line":28,"column":3}},"7":{"start":{"line":16,"column":19},"end":{"line":16,"column":29}},"8":{"start":{"line":17,"column":18},"end":{"line":17,"column":42}},"9":{"start":{"line":18,"column":4},"end":{"line":20,"column":5}},"10":{"start":{"line":19,"column":6},"end":{"line":19,"column":56}},"11":{"start":{"line":22,"column":4},"end":{"line":24,"column":5}},"12":{"start":{"line":23,"column":6},"end":{"line":23,"column":64}},"13":{"start":{"line":25,"column":4},"end":{"line":25,"column":11}},"14":{"start":{"line":27,"column":4},"end":{"line":27,"column":16}},"15":{"start":{"line":32,"column":2},"end":{"line":45,"column":3}},"16":{"start":{"line":33,"column":17},"end":{"line":35,"column":6}},"17":{"start":{"line":36,"column":4},"end":{"line":38,"column":5}},"18":{"start":{"line":37,"column":6},"end":{"line":37,"column":55}},"19":{"start":{"line":39,"column":4},"end":{"line":41,"column":5}},"20":{"start":{"line":40,"column":6},"end":{"line":40,"column":54}},"21":{"start":{"line":42,"column":4},"end":{"line":42,"column":11}},"22":{"start":{"line":44,"column":4},"end":{"line":44,"column":16}},"23":{"start":{"line":48,"column":0},"end":{"line":48,"column":85}}},"fnMap":{"0":{"name":"sellerAuthorization","decl":{"start":{"line":3,"column":15},"end":{"line":3,"column":34}},"loc":{"start":{"line":3,"column":51},"end":{"line":12,"column":1}},"line":3},"1":{"name":"ownerAuthorization","decl":{"start":{"line":14,"column":15},"end":{"line":14,"column":33}},"loc":{"start":{"line":14,"column":50},"end":{"line":29,"column":1}},"line":14},"2":{"name":"foodOwnerAuthorization","decl":{"start":{"line":31,"column":15},"end":{"line":31,"column":37}},"loc":{"start":{"line":31,"column":54},"end":{"line":46,"column":1}},"line":31}},"branchMap":{"0":{"loc":{"start":{"line":5,"column":4},"end":{"line":7,"column":5}},"type":"if","locations":[{"start":{"line":5,"column":4},"end":{"line":7,"column":5}},{"start":{},"end":{}}],"line":5},"1":{"loc":{"start":{"line":18,"column":4},"end":{"line":20,"column":5}},"type":"if","locations":[{"start":{"line":18,"column":4},"end":{"line":20,"column":5}},{"start":{},"end":{}}],"line":18},"2":{"loc":{"start":{"line":22,"column":4},"end":{"line":24,"column":5}},"type":"if","locations":[{"start":{"line":22,"column":4},"end":{"line":24,"column":5}},{"start":{},"end":{}}],"line":22},"3":{"loc":{"start":{"line":22,"column":8},"end":{"line":22,"column":66}},"type":"binary-expr","locations":[{"start":{"line":22,"column":8},"end":{"line":22,"column":34}},{"start":{"line":22,"column":38},"end":{"line":22,"column":66}}],"line":22},"4":{"loc":{"start":{"line":36,"column":4},"end":{"line":38,"column":5}},"type":"if","locations":[{"start":{"line":36,"column":4},"end":{"line":38,"column":5}},{"start":{},"end":{}}],"line":36},"5":{"loc":{"start":{"line":39,"column":4},"end":{"line":41,"column":5}},"type":"if","locations":[{"start":{"line":39,"column":4},"end":{"line":41,"column":5}},{"start":{},"end":{}}],"line":39}},"s":{"0":7,"1":17,"2":17,"3":3,"4":14,"5":3,"6":11,"7":11,"8":11,"9":11,"10":3,"11":8,"12":3,"13":5,"14":6,"15":11,"16":11,"17":11,"18":2,"19":9,"20":2,"21":7,"22":4,"23":7},"f":{"0":17,"1":11,"2":11},"b":{"0":[3,14],"1":[3,8],"2":[3,5],"3":[8,7],"4":[2,9],"5":[2,7]},"_coverageSchema":"1a1c01bbd47fc00a2c39e90264f33305004495a9","hash":"4bee0dab7fdd4f7360efd03c27b177b7a3114f89"}
,"D:\\Hacktiv8\\Fase 3\\Final Project\\beli-bang-server\\middlewares\\errorHandling.js": {"path":"D:\\Hacktiv8\\Fase 3\\Final Project\\beli-bang-server\\middlewares\\errorHandling.js","statementMap":{"0":{"start":{"line":2,"column":16},"end":{"line":2,"column":56}},"1":{"start":{"line":3,"column":15},"end":{"line":3,"column":34}},"2":{"start":{"line":5,"column":2},"end":{"line":15,"column":3}},"3":{"start":{"line":8,"column":6},"end":{"line":8,"column":18}},"4":{"start":{"line":9,"column":6},"end":{"line":9,"column":40}},"5":{"start":{"line":10,"column":6},"end":{"line":10,"column":11}},"6":{"start":{"line":12,"column":6},"end":{"line":12,"column":18}},"7":{"start":{"line":13,"column":6},"end":{"line":13,"column":31}},"8":{"start":{"line":14,"column":6},"end":{"line":14,"column":11}},"9":{"start":{"line":16,"column":2},"end":{"line":16,"column":39}},"10":{"start":{"line":19,"column":0},"end":{"line":19,"column":30}}},"fnMap":{"0":{"name":"errorHandling","decl":{"start":{"line":1,"column":15},"end":{"line":1,"column":28}},"loc":{"start":{"line":1,"column":52},"end":{"line":17,"column":1}},"line":1}},"branchMap":{"0":{"loc":{"start":{"line":2,"column":16},"end":{"line":2,"column":56}},"type":"binary-expr","locations":[{"start":{"line":2,"column":16},"end":{"line":2,"column":29}},{"start":{"line":2,"column":33},"end":{"line":2,"column":56}}],"line":2},"1":{"loc":{"start":{"line":3,"column":15},"end":{"line":3,"column":34}},"type":"binary-expr","locations":[{"start":{"line":3,"column":15},"end":{"line":3,"column":27}},{"start":{"line":3,"column":31},"end":{"line":3,"column":34}}],"line":3},"2":{"loc":{"start":{"line":5,"column":2},"end":{"line":15,"column":3}},"type":"switch","locations":[{"start":{"line":6,"column":4},"end":{"line":6,"column":36}},{"start":{"line":7,"column":4},"end":{"line":10,"column":11}},{"start":{"line":11,"column":4},"end":{"line":14,"column":11}}],"line":5}},"s":{"0":145,"1":145,"2":145,"3":18,"4":18,"5":18,"6":66,"7":66,"8":66,"9":145,"10":7},"f":{"0":145},"b":{"0":[145,0],"1":[145,84],"2":[17,18,66]},"_coverageSchema":"1a1c01bbd47fc00a2c39e90264f33305004495a9","hash":"efbe0d2cfc23a1875dfd4e36cdd23149bb10d1e8"}
,"D:\\Hacktiv8\\Fase 3\\Final Project\\beli-bang-server\\middlewares\\multer.js": {"path":"D:\\Hacktiv8\\Fase 3\\Final Project\\beli-bang-server\\middlewares\\multer.js","statementMap":{"0":{"start":{"line":1,"column":15},"end":{"line":1,"column":32}},"1":{"start":{"line":3,"column":16},"end":{"line":3,"column":38}},"2":{"start":{"line":5,"column":15},"end":{"line":5,"column":34}},"3":{"start":{"line":7,"column":0},"end":{"line":7,"column":23}}},"fnMap":{},"branchMap":{},"s":{"0":7,"1":7,"2":7,"3":7},"f":{},"b":{},"_coverageSchema":"1a1c01bbd47fc00a2c39e90264f33305004495a9","hash":"e50abfe6610f171d8c9e8a2f94d022b92263f9d4"}
,"D:\\Hacktiv8\\Fase 3\\Final Project\\beli-bang-server\\models\\food.js": {"path":"D:\\Hacktiv8\\Fase 3\\Final Project\\beli-bang-server\\models\\food.js","statementMap":{"0":{"start":{"line":4,"column":4},"end":{"line":4,"column":24}},"1":{"start":{"line":5,"column":0},"end":{"line":72,"column":2}},"2":{"start":{"line":13,"column":6},"end":{"line":13,"column":34}},"3":{"start":{"line":14,"column":6},"end":{"line":14,"column":37}},"4":{"start":{"line":17,"column":2},"end":{"line":70,"column":5}},"5":{"start":{"line":71,"column":2},"end":{"line":71,"column":14}}},"fnMap":{"0":{"name":"(anonymous_0)","decl":{"start":{"line":5,"column":17},"end":{"line":5,"column":18}},"loc":{"start":{"line":5,"column":43},"end":{"line":72,"column":1}},"line":5},"1":{"name":"(anonymous_1)","decl":{"start":{"line":12,"column":4},"end":{"line":12,"column":5}},"loc":{"start":{"line":12,"column":29},"end":{"line":15,"column":5}},"line":12}},"branchMap":{},"s":{"0":7,"1":7,"2":7,"3":7,"4":7,"5":7},"f":{"0":7,"1":7},"b":{},"_coverageSchema":"1a1c01bbd47fc00a2c39e90264f33305004495a9","hash":"e40b8594ae53ee271e2ab1a07a5f2d0ada991e21"}
,"D:\\Hacktiv8\\Fase 3\\Final Project\\beli-bang-server\\models\\index.js": {"path":"D:\\Hacktiv8\\Fase 3\\Final Project\\beli-bang-server\\models\\index.js","statementMap":{"0":{"start":{"line":3,"column":11},"end":{"line":3,"column":24}},"1":{"start":{"line":4,"column":13},"end":{"line":4,"column":28}},"2":{"start":{"line":5,"column":18},"end":{"line":5,"column":38}},"3":{"start":{"line":6,"column":16},"end":{"line":6,"column":34}},"4":{"start":{"line":7,"column":17},"end":{"line":7,"column":42}},"5":{"start":{"line":8,"column":12},"end":{"line":8,"column":49}},"6":{"start":{"line":9,"column":15},"end":{"line":9,"column":65}},"7":{"start":{"line":10,"column":11},"end":{"line":10,"column":13}},"8":{"start":{"line":13,"column":0},"end":{"line":17,"column":1}},"9":{"start":{"line":14,"column":2},"end":{"line":14,"column":74}},"10":{"start":{"line":16,"column":2},"end":{"line":16,"column":87}},"11":{"start":{"line":19,"column":0},"end":{"line":32,"column":5}},"12":{"start":{"line":22,"column":4},"end":{"line":27,"column":6}},"13":{"start":{"line":30,"column":18},"end":{"line":30,"column":85}},"14":{"start":{"line":31,"column":4},"end":{"line":31,"column":27}},"15":{"start":{"line":34,"column":0},"end":{"line":38,"column":3}},"16":{"start":{"line":35,"column":2},"end":{"line":37,"column":3}},"17":{"start":{"line":36,"column":4},"end":{"line":36,"column":32}},"18":{"start":{"line":40,"column":0},"end":{"line":40,"column":25}},"19":{"start":{"line":41,"column":0},"end":{"line":41,"column":25}},"20":{"start":{"line":43,"column":0},"end":{"line":43,"column":20}}},"fnMap":{"0":{"name":"(anonymous_0)","decl":{"start":{"line":21,"column":10},"end":{"line":21,"column":11}},"loc":{"start":{"line":21,"column":18},"end":{"line":28,"column":3}},"line":21},"1":{"name":"(anonymous_1)","decl":{"start":{"line":29,"column":11},"end":{"line":29,"column":12}},"loc":{"start":{"line":29,"column":19},"end":{"line":32,"column":3}},"line":29},"2":{"name":"(anonymous_2)","decl":{"start":{"line":34,"column":24},"end":{"line":34,"column":25}},"loc":{"start":{"line":34,"column":37},"end":{"line":38,"column":1}},"line":34}},"branchMap":{"0":{"loc":{"start":{"line":8,"column":12},"end":{"line":8,"column":49}},"type":"binary-expr","locations":[{"start":{"line":8,"column":12},"end":{"line":8,"column":32}},{"start":{"line":8,"column":36},"end":{"line":8,"column":49}}],"line":8},"1":{"loc":{"start":{"line":13,"column":0},"end":{"line":17,"column":1}},"type":"if","locations":[{"start":{"line":13,"column":0},"end":{"line":17,"column":1}},{"start":{"line":15,"column":7},"end":{"line":17,"column":1}}],"line":13},"2":{"loc":{"start":{"line":23,"column":6},"end":{"line":26,"column":37}},"type":"binary-expr","locations":[{"start":{"line":23,"column":6},"end":{"line":23,"column":29}},{"start":{"line":24,"column":6},"end":{"line":24,"column":23}},{"start":{"line":25,"column":6},"end":{"line":25,"column":30}},{"start":{"line":26,"column":6},"end":{"line":26,"column":37}}],"line":23},"3":{"loc":{"start":{"line":35,"column":2},"end":{"line":37,"column":3}},"type":"if","locations":[{"start":{"line":35,"column":2},"end":{"line":37,"column":3}},{"start":{},"end":{}}],"line":35}},"s":{"0":7,"1":7,"2":7,"3":7,"4":7,"5":7,"6":7,"7":7,"8":7,"9":0,"10":7,"11":7,"12":56,"13":49,"14":49,"15":7,"16":49,"17":49,"18":7,"19":7,"20":7},"f":{"0":56,"1":49,"2":49},"b":{"0":[7,0],"1":[0,7],"2":[56,56,49,49],"3":[49,0]},"_coverageSchema":"1a1c01bbd47fc00a2c39e90264f33305004495a9","hash":"da99bc484e133fbecda7efed3f9d60c5261e04f7"}
,"D:\\Hacktiv8\\Fase 3\\Final Project\\beli-bang-server\\models\\like.js": {"path":"D:\\Hacktiv8\\Fase 3\\Final Project\\beli-bang-server\\models\\like.js","statementMap":{"0":{"start":{"line":4,"column":4},"end":{"line":4,"column":24}},"1":{"start":{"line":5,"column":0},"end":{"line":25,"column":2}},"2":{"start":{"line":13,"column":6},"end":{"line":13,"column":33}},"3":{"start":{"line":14,"column":6},"end":{"line":14,"column":34}},"4":{"start":{"line":17,"column":2},"end":{"line":23,"column":5}},"5":{"start":{"line":24,"column":2},"end":{"line":24,"column":14}}},"fnMap":{"0":{"name":"(anonymous_0)","decl":{"start":{"line":5,"column":17},"end":{"line":5,"column":18}},"loc":{"start":{"line":5,"column":43},"end":{"line":25,"column":1}},"line":5},"1":{"name":"(anonymous_1)","decl":{"start":{"line":12,"column":4},"end":{"line":12,"column":5}},"loc":{"start":{"line":12,"column":29},"end":{"line":15,"column":5}},"line":12}},"branchMap":{},"s":{"0":7,"1":7,"2":7,"3":7,"4":7,"5":7},"f":{"0":7,"1":7},"b":{},"_coverageSchema":"1a1c01bbd47fc00a2c39e90264f33305004495a9","hash":"23c0891cd7f00c9b88cb2b8a9acfc398166827e3"}
,"D:\\Hacktiv8\\Fase 3\\Final Project\\beli-bang-server\\models\\order.js": {"path":"D:\\Hacktiv8\\Fase 3\\Final Project\\beli-bang-server\\models\\order.js","statementMap":{"0":{"start":{"line":4,"column":4},"end":{"line":4,"column":24}},"1":{"start":{"line":5,"column":0},"end":{"line":48,"column":2}},"2":{"start":{"line":13,"column":6},"end":{"line":13,"column":34}},"3":{"start":{"line":14,"column":6},"end":{"line":14,"column":35}},"4":{"start":{"line":17,"column":2},"end":{"line":46,"column":5}},"5":{"start":{"line":47,"column":2},"end":{"line":47,"column":15}}},"fnMap":{"0":{"name":"(anonymous_0)","decl":{"start":{"line":5,"column":17},"end":{"line":5,"column":18}},"loc":{"start":{"line":5,"column":43},"end":{"line":48,"column":1}},"line":5},"1":{"name":"(anonymous_1)","decl":{"start":{"line":12,"column":4},"end":{"line":12,"column":5}},"loc":{"start":{"line":12,"column":29},"end":{"line":15,"column":5}},"line":12}},"branchMap":{},"s":{"0":7,"1":7,"2":7,"3":7,"4":7,"5":7},"f":{"0":7,"1":7},"b":{},"_coverageSchema":"1a1c01bbd47fc00a2c39e90264f33305004495a9","hash":"8afe271f54635dad9dd1d20a076ee1435cf994b1"}
,"D:\\Hacktiv8\\Fase 3\\Final Project\\beli-bang-server\\models\\ratingfood.js": {"path":"D:\\Hacktiv8\\Fase 3\\Final Project\\beli-bang-server\\models\\ratingfood.js","statementMap":{"0":{"start":{"line":4,"column":4},"end":{"line":4,"column":24}},"1":{"start":{"line":5,"column":0},"end":{"line":26,"column":2}},"2":{"start":{"line":13,"column":6},"end":{"line":13,"column":39}},"3":{"start":{"line":14,"column":6},"end":{"line":14,"column":39}},"4":{"start":{"line":17,"column":2},"end":{"line":24,"column":5}},"5":{"start":{"line":25,"column":2},"end":{"line":25,"column":20}}},"fnMap":{"0":{"name":"(anonymous_0)","decl":{"start":{"line":5,"column":17},"end":{"line":5,"column":18}},"loc":{"start":{"line":5,"column":43},"end":{"line":26,"column":1}},"line":5},"1":{"name":"(anonymous_1)","decl":{"start":{"line":12,"column":4},"end":{"line":12,"column":5}},"loc":{"start":{"line":12,"column":29},"end":{"line":15,"column":5}},"line":12}},"branchMap":{},"s":{"0":7,"1":7,"2":7,"3":7,"4":7,"5":7},"f":{"0":7,"1":7},"b":{},"_coverageSchema":"1a1c01bbd47fc00a2c39e90264f33305004495a9","hash":"c40e6e967dbe1294e4e7096d57386b2d44a91a28"}
,"D:\\Hacktiv8\\Fase 3\\Final Project\\beli-bang-server\\models\\ratingstore.js": {"path":"D:\\Hacktiv8\\Fase 3\\Final Project\\beli-bang-server\\models\\ratingstore.js","statementMap":{"0":{"start":{"line":4,"column":4},"end":{"line":4,"column":24}},"1":{"start":{"line":5,"column":0},"end":{"line":26,"column":2}},"2":{"start":{"line":13,"column":6},"end":{"line":13,"column":40}},"3":{"start":{"line":14,"column":6},"end":{"line":14,"column":41}},"4":{"start":{"line":17,"column":2},"end":{"line":24,"column":5}},"5":{"start":{"line":25,"column":2},"end":{"line":25,"column":21}}},"fnMap":{"0":{"name":"(anonymous_0)","decl":{"start":{"line":5,"column":17},"end":{"line":5,"column":18}},"loc":{"start":{"line":5,"column":43},"end":{"line":26,"column":1}},"line":5},"1":{"name":"(anonymous_1)","decl":{"start":{"line":12,"column":4},"end":{"line":12,"column":5}},"loc":{"start":{"line":12,"column":29},"end":{"line":15,"column":5}},"line":12}},"branchMap":{},"s":{"0":7,"1":7,"2":7,"3":7,"4":7,"5":7},"f":{"0":7,"1":7},"b":{},"_coverageSchema":"1a1c01bbd47fc00a2c39e90264f33305004495a9","hash":"20298053c5b0f96bd2a661792c72f722568876ec"}
,"D:\\Hacktiv8\\Fase 3\\Final Project\\beli-bang-server\\models\\store.js": {"path":"D:\\Hacktiv8\\Fase 3\\Final Project\\beli-bang-server\\models\\store.js","statementMap":{"0":{"start":{"line":4,"column":4},"end":{"line":4,"column":24}},"1":{"start":{"line":5,"column":0},"end":{"line":64,"column":2}},"2":{"start":{"line":13,"column":6},"end":{"line":13,"column":34}},"3":{"start":{"line":14,"column":6},"end":{"line":14,"column":32}},"4":{"start":{"line":15,"column":6},"end":{"line":15,"column":33}},"5":{"start":{"line":16,"column":6},"end":{"line":16,"column":32}},"6":{"start":{"line":17,"column":6},"end":{"line":17,"column":39}},"7":{"start":{"line":20,"column":2},"end":{"line":62,"column":5}},"8":{"start":{"line":63,"column":2},"end":{"line":63,"column":15}}},"fnMap":{"0":{"name":"(anonymous_0)","decl":{"start":{"line":5,"column":17},"end":{"line":5,"column":18}},"loc":{"start":{"line":5,"column":43},"end":{"line":64,"column":1}},"line":5},"1":{"name":"(anonymous_1)","decl":{"start":{"line":12,"column":4},"end":{"line":12,"column":5}},"loc":{"start":{"line":12,"column":29},"end":{"line":18,"column":5}},"line":12}},"branchMap":{},"s":{"0":7,"1":7,"2":7,"3":7,"4":7,"5":7,"6":7,"7":7,"8":7},"f":{"0":7,"1":7},"b":{},"_coverageSchema":"1a1c01bbd47fc00a2c39e90264f33305004495a9","hash":"c8b4adb2b08f720aca12fb74364f728c04501e53"}
,"D:\\Hacktiv8\\Fase 3\\Final Project\\beli-bang-server\\models\\user.js": {"path":"D:\\Hacktiv8\\Fase 3\\Final Project\\beli-bang-server\\models\\user.js","statementMap":{"0":{"start":{"line":4,"column":4},"end":{"line":4,"column":24}},"1":{"start":{"line":5,"column":25},"end":{"line":5,"column":53}},"2":{"start":{"line":7,"column":0},"end":{"line":125,"column":2}},"3":{"start":{"line":15,"column":6},"end":{"line":15,"column":31}},"4":{"start":{"line":16,"column":6},"end":{"line":16,"column":32}},"5":{"start":{"line":17,"column":6},"end":{"line":17,"column":31}},"6":{"start":{"line":18,"column":6},"end":{"line":18,"column":37}},"7":{"start":{"line":19,"column":6},"end":{"line":19,"column":38}},"8":{"start":{"line":22,"column":2},"end":{"line":114,"column":5}},"9":{"start":{"line":116,"column":2},"end":{"line":118,"column":4}},"10":{"start":{"line":117,"column":4},"end":{"line":117,"column":55}},"11":{"start":{"line":120,"column":2},"end":{"line":122,"column":4}},"12":{"start":{"line":121,"column":4},"end":{"line":121,"column":55}},"13":{"start":{"line":124,"column":2},"end":{"line":124,"column":14}}},"fnMap":{"0":{"name":"(anonymous_0)","decl":{"start":{"line":7,"column":17},"end":{"line":7,"column":18}},"loc":{"start":{"line":7,"column":43},"end":{"line":125,"column":1}},"line":7},"1":{"name":"(anonymous_1)","decl":{"start":{"line":14,"column":4},"end":{"line":14,"column":5}},"loc":{"start":{"line":14,"column":29},"end":{"line":20,"column":5}},"line":14},"2":{"name":"(anonymous_2)","decl":{"start":{"line":116,"column":20},"end":{"line":116,"column":21}},"loc":{"start":{"line":116,"column":34},"end":{"line":118,"column":3}},"line":116},"3":{"name":"(anonymous_3)","decl":{"start":{"line":120,"column":20},"end":{"line":120,"column":21}},"loc":{"start":{"line":120,"column":34},"end":{"line":122,"column":3}},"line":120}},"branchMap":{},"s":{"0":7,"1":7,"2":7,"3":7,"4":7,"5":7,"6":7,"7":7,"8":7,"9":7,"10":20,"11":7,"12":0,"13":7},"f":{"0":7,"1":7,"2":20,"3":0},"b":{},"_coverageSchema":"1a1c01bbd47fc00a2c39e90264f33305004495a9","hash":"beb1710e50faeafb3de828bf5ff0638ebc7078bb"}
,"D:\\Hacktiv8\\Fase 3\\Final Project\\beli-bang-server\\routes\\food.js": {"path":"D:\\Hacktiv8\\Fase 3\\Final Project\\beli-bang-server\\routes\\food.js","statementMap":{"0":{"start":{"line":1,"column":16},"end":{"line":1,"column":34}},"1":{"start":{"line":2,"column":15},"end":{"line":2,"column":31}},"2":{"start":{"line":3,"column":24},"end":{"line":3,"column":65}},"3":{"start":{"line":4,"column":56},"end":{"line":4,"column":95}},"4":{"start":{"line":5,"column":15},"end":{"line":5,"column":47}},"5":{"start":{"line":7,"column":0},"end":{"line":7,"column":98}},"6":{"start":{"line":8,"column":0},"end":{"line":8,"column":51}},"7":{"start":{"line":9,"column":0},"end":{"line":9,"column":104}},"8":{"start":{"line":10,"column":0},"end":{"line":10,"column":80}},"9":{"start":{"line":12,"column":0},"end":{"line":12,"column":23}}},"fnMap":{},"branchMap":{},"s":{"0":7,"1":7,"2":7,"3":7,"4":7,"5":7,"6":7,"7":7,"8":7,"9":7},"f":{},"b":{},"_coverageSchema":"1a1c01bbd47fc00a2c39e90264f33305004495a9","hash":"d68f0182cb335423379d13ef6e64ba50428941b5"}
,"D:\\Hacktiv8\\Fase 3\\Final Project\\beli-bang-server\\routes\\index.js": {"path":"D:\\Hacktiv8\\Fase 3\\Final Project\\beli-bang-server\\routes\\index.js","statementMap":{"0":{"start":{"line":1,"column":16},"end":{"line":1,"column":34}},"1":{"start":{"line":2,"column":15},"end":{"line":2,"column":31}},"2":{"start":{"line":4,"column":19},"end":{"line":4,"column":36}},"3":{"start":{"line":5,"column":23},"end":{"line":5,"column":63}},"4":{"start":{"line":6,"column":20},"end":{"line":6,"column":38}},"5":{"start":{"line":7,"column":19},"end":{"line":7,"column":36}},"6":{"start":{"line":8,"column":20},"end":{"line":8,"column":38}},"7":{"start":{"line":9,"column":19},"end":{"line":9,"column":36}},"8":{"start":{"line":10,"column":26},"end":{"line":10,"column":50}},"9":{"start":{"line":11,"column":25},"end":{"line":11,"column":48}},"10":{"start":{"line":13,"column":0},"end":{"line":13,"column":22}},"11":{"start":{"line":15,"column":0},"end":{"line":15,"column":26}},"12":{"start":{"line":17,"column":0},"end":{"line":17,"column":23}},"13":{"start":{"line":18,"column":0},"end":{"line":18,"column":22}},"14":{"start":{"line":19,"column":0},"end":{"line":19,"column":23}},"15":{"start":{"line":20,"column":0},"end":{"line":20,"column":22}},"16":{"start":{"line":21,"column":0},"end":{"line":21,"column":29}},"17":{"start":{"line":22,"column":0},"end":{"line":22,"column":28}},"18":{"start":{"line":24,"column":0},"end":{"line":24,"column":24}}},"fnMap":{},"branchMap":{},"s":{"0":7,"1":7,"2":7,"3":7,"4":7,"5":7,"6":7,"7":7,"8":7,"9":7,"10":7,"11":7,"12":7,"13":7,"14":7,"15":7,"16":7,"17":7,"18":7},"f":{},"b":{},"_coverageSchema":"1a1c01bbd47fc00a2c39e90264f33305004495a9","hash":"2b3c4737af2dab6743c8dcd675a3323299d6caa3"}
,"D:\\Hacktiv8\\Fase 3\\Final Project\\beli-bang-server\\routes\\like.js": {"path":"D:\\Hacktiv8\\Fase 3\\Final Project\\beli-bang-server\\routes\\like.js","statementMap":{"0":{"start":{"line":1,"column":16},"end":{"line":1,"column":34}},"1":{"start":{"line":2,"column":24},"end":{"line":2,"column":65}},"2":{"start":{"line":3,"column":15},"end":{"line":3,"column":31}},"3":{"start":{"line":5,"column":0},"end":{"line":5,"column":57}},"4":{"start":{"line":6,"column":0},"end":{"line":6,"column":59}},"5":{"start":{"line":7,"column":0},"end":{"line":7,"column":56}},"6":{"start":{"line":9,"column":0},"end":{"line":9,"column":24}}},"fnMap":{},"branchMap":{},"s":{"0":7,"1":7,"2":7,"3":7,"4":7,"5":7,"6":7},"f":{},"b":{},"_coverageSchema":"1a1c01bbd47fc00a2c39e90264f33305004495a9","hash":"1045ffed1071474304c1ce7e3143e6ad97f53211"}
,"D:\\Hacktiv8\\Fase 3\\Final Project\\beli-bang-server\\routes\\order.js": {"path":"D:\\Hacktiv8\\Fase 3\\Final Project\\beli-bang-server\\routes\\order.js","statementMap":{"0":{"start":{"line":1,"column":16},"end":{"line":1,"column":34}},"1":{"start":{"line":2,"column":15},"end":{"line":2,"column":31}},"2":{"start":{"line":3,"column":25},"end":{"line":3,"column":67}},"3":{"start":{"line":4,"column":32},"end":{"line":4,"column":71}},"4":{"start":{"line":6,"column":0},"end":{"line":6,"column":68}},"5":{"start":{"line":7,"column":0},"end":{"line":7,"column":64}},"6":{"start":{"line":8,"column":0},"end":{"line":8,"column":53}},"7":{"start":{"line":9,"column":0},"end":{"line":9,"column":54}},"8":{"start":{"line":10,"column":0},"end":{"line":10,"column":77}},"9":{"start":{"line":11,"column":0},"end":{"line":11,"column":59}},"10":{"start":{"line":13,"column":0},"end":{"line":13,"column":24}}},"fnMap":{},"branchMap":{},"s":{"0":7,"1":7,"2":7,"3":7,"4":7,"5":7,"6":7,"7":7,"8":7,"9":7,"10":7},"f":{},"b":{},"_coverageSchema":"1a1c01bbd47fc00a2c39e90264f33305004495a9","hash":"598378ba91e343cd6be24bf60d2ad2dabfe1981b"}
,"D:\\Hacktiv8\\Fase 3\\Final Project\\beli-bang-server\\routes\\ratingFood.js": {"path":"D:\\Hacktiv8\\Fase 3\\Final Project\\beli-bang-server\\routes\\ratingFood.js","statementMap":{"0":{"start":{"line":1,"column":16},"end":{"line":1,"column":34}},"1":{"start":{"line":2,"column":30},"end":{"line":2,"column":77}},"2":{"start":{"line":3,"column":15},"end":{"line":3,"column":31}},"3":{"start":{"line":5,"column":0},"end":{"line":5,"column":70}},"4":{"start":{"line":6,"column":0},"end":{"line":6,"column":73}},"5":{"start":{"line":7,"column":0},"end":{"line":7,"column":68}},"6":{"start":{"line":8,"column":0},"end":{"line":8,"column":71}},"7":{"start":{"line":10,"column":0},"end":{"line":10,"column":24}}},"fnMap":{},"branchMap":{},"s":{"0":7,"1":7,"2":7,"3":7,"4":7,"5":7,"6":7,"7":7},"f":{},"b":{},"_coverageSchema":"1a1c01bbd47fc00a2c39e90264f33305004495a9","hash":"0b13b41435bb21dbfbf315e367c1a753843c3e8a"}
,"D:\\Hacktiv8\\Fase 3\\Final Project\\beli-bang-server\\routes\\ratingStore.js": {"path":"D:\\Hacktiv8\\Fase 3\\Final Project\\beli-bang-server\\routes\\ratingStore.js","statementMap":{"0":{"start":{"line":1,"column":16},"end":{"line":1,"column":34}},"1":{"start":{"line":2,"column":31},"end":{"line":2,"column":79}},"2":{"start":{"line":3,"column":15},"end":{"line":3,"column":31}},"3":{"start":{"line":5,"column":0},"end":{"line":5,"column":72}},"4":{"start":{"line":6,"column":0},"end":{"line":6,"column":75}},"5":{"start":{"line":7,"column":0},"end":{"line":7,"column":69}},"6":{"start":{"line":8,"column":0},"end":{"line":8,"column":72}},"7":{"start":{"line":10,"column":0},"end":{"line":10,"column":24}}},"fnMap":{},"branchMap":{},"s":{"0":7,"1":7,"2":7,"3":7,"4":7,"5":7,"6":7,"7":7},"f":{},"b":{},"_coverageSchema":"1a1c01bbd47fc00a2c39e90264f33305004495a9","hash":"3ef817d91e5b54bd5047dd4672c3b43496c667c1"}
,"D:\\Hacktiv8\\Fase 3\\Final Project\\beli-bang-server\\routes\\store.js": {"path":"D:\\Hacktiv8\\Fase 3\\Final Project\\beli-bang-server\\routes\\store.js","statementMap":{"0":{"start":{"line":1,"column":16},"end":{"line":1,"column":34}},"1":{"start":{"line":2,"column":15},"end":{"line":2,"column":31}},"2":{"start":{"line":3,"column":25},"end":{"line":3,"column":67}},"3":{"start":{"line":4,"column":52},"end":{"line":4,"column":91}},"4":{"start":{"line":5,"column":15},"end":{"line":5,"column":47}},"5":{"start":{"line":7,"column":0},"end":{"line":7,"column":51}},"6":{"start":{"line":8,"column":0},"end":{"line":8,"column":82}},"7":{"start":{"line":9,"column":0},"end":{"line":9,"column":54}},"8":{"start":{"line":11,"column":0},"end":{"line":11,"column":101}},"9":{"start":{"line":12,"column":0},"end":{"line":12,"column":103}},"10":{"start":{"line":13,"column":0},"end":{"line":13,"column":79}},"11":{"start":{"line":15,"column":0},"end":{"line":15,"column":24}}},"fnMap":{},"branchMap":{},"s":{"0":7,"1":7,"2":7,"3":7,"4":7,"5":7,"6":7,"7":7,"8":7,"9":7,"10":7,"11":7},"f":{},"b":{},"_coverageSchema":"1a1c01bbd47fc00a2c39e90264f33305004495a9","hash":"d6a68d3874b82a37bfa8208b7450586377a9593b"}
,"D:\\Hacktiv8\\Fase 3\\Final Project\\beli-bang-server\\routes\\user.js": {"path":"D:\\Hacktiv8\\Fase 3\\Final Project\\beli-bang-server\\routes\\user.js","statementMap":{"0":{"start":{"line":1,"column":16},"end":{"line":1,"column":34}},"1":{"start":{"line":2,"column":24},"end":{"line":2,"column":65}},"2":{"start":{"line":3,"column":15},"end":{"line":3,"column":47}},"3":{"start":{"line":4,"column":23},"end":{"line":4,"column":63}},"4":{"start":{"line":5,"column":15},"end":{"line":5,"column":31}},"5":{"start":{"line":7,"column":0},"end":{"line":7,"column":51}},"6":{"start":{"line":8,"column":0},"end":{"line":8,"column":45}},"7":{"start":{"line":9,"column":0},"end":{"line":9,"column":27}},"8":{"start":{"line":11,"column":0},"end":{"line":11,"column":61}},"9":{"start":{"line":12,"column":0},"end":{"line":12,"column":61}},"10":{"start":{"line":13,"column":0},"end":{"line":13,"column":67}},"11":{"start":{"line":14,"column":0},"end":{"line":14,"column":59}},"12":{"start":{"line":15,"column":0},"end":{"line":15,"column":107}},"13":{"start":{"line":16,"column":0},"end":{"line":16,"column":61}},"14":{"start":{"line":18,"column":0},"end":{"line":18,"column":52}},"15":{"start":{"line":20,"column":0},"end":{"line":20,"column":24}}},"fnMap":{},"branchMap":{},"s":{"0":7,"1":7,"2":7,"3":7,"4":7,"5":7,"6":7,"7":7,"8":7,"9":7,"10":7,"11":7,"12":7,"13":7,"14":7,"15":7},"f":{},"b":{},"_coverageSchema":"1a1c01bbd47fc00a2c39e90264f33305004495a9","hash":"0d930401b1a42ae29fff67a0abaa845aa0824665"}
}
