TN:
SF:app.js
FN:16,(anonymous_0)
FNF:1
FNH:0
FNDA:0,(anonymous_0)
DA:1,4
DA:2,4
DA:5,4
DA:6,4
DA:7,4
DA:8,4
DA:9,4
DA:10,4
DA:12,4
DA:13,4
DA:14,4
DA:16,4
DA:17,0
DA:20,4
DA:21,4
DA:23,4
LF:16
LH:15
BRDA:1,0,0,4
BRDA:1,0,1,0
BRDA:10,1,0,4
BRDA:10,1,1,4
BRF:4
BRH:3
end_of_record
TN:
SF:controllers\foodControllers.js
FN:5,(anonymous_0)
FN:22,(anonymous_1)
FN:43,(anonymous_2)
FN:65,(anonymous_3)
FN:79,(anonymous_4)
FNF:5
FNH:4
FNDA:2,(anonymous_0)
FNDA:1,(anonymous_1)
FNDA:0,(anonymous_2)
FNDA:1,(anonymous_3)
FNDA:1,(anonymous_4)
DA:1,4
DA:2,4
DA:6,2
DA:7,2
DA:8,2
DA:13,2
DA:14,1
DA:16,1
DA:18,1
DA:23,1
DA:24,1
DA:26,1
DA:30,1
DA:31,1
DA:34,0
DA:36,0
DA:44,0
DA:45,0
DA:50,0
DA:57,0
DA:61,1
DA:66,1
DA:67,1
DA:69,1
DA:73,1
DA:75,0
DA:80,1
DA:81,1
DA:82,1
DA:84,0
DA:89,4
LF:31
LH:23
BRDA:13,0,0,1
BRDA:13,0,1,1
BRDA:30,1,0,1
BRDA:30,1,1,0
BRDA:44,2,0,0
BRDA:44,2,1,0
BRF:6
BRH:3
end_of_record
TN:
SF:controllers\likeControllers.js
FN:4,(anonymous_0)
FN:17,(anonymous_1)
FN:34,(anonymous_2)
FNF:3
FNH:0
FNDA:0,(anonymous_0)
FNDA:0,(anonymous_1)
FNDA:0,(anonymous_2)
DA:1,4
DA:5,0
DA:6,0
DA:8,0
DA:11,0
DA:13,0
DA:18,0
DA:19,0
DA:21,0
DA:24,0
DA:25,0
DA:27,0
DA:28,0
DA:30,0
DA:35,0
DA:36,0
DA:38,0
DA:39,0
DA:40,0
DA:41,0
DA:42,0
DA:44,0
DA:46,0
DA:48,0
DA:53,4
LF:25
LH:2
BRDA:24,0,0,0
BRDA:24,0,1,0
BRDA:39,1,0,0
BRDA:39,1,1,0
BRDA:41,2,0,0
BRDA:41,2,1,0
BRF:6
BRH:0
end_of_record
TN:
SF:controllers\orderControllers.js
FN:4,(anonymous_0)
FN:18,(anonymous_1)
FN:32,(anonymous_2)
FN:44,(anonymous_3)
FN:63,(anonymous_4)
FN:84,oo_cm
FN:84,oo_oo
FN:84,oo_tr
FN:84,oo_ts
FN:84,oo_te
FNF:10
FNH:7
FNDA:2,(anonymous_0)
FNDA:2,(anonymous_1)
FNDA:2,(anonymous_2)
FNDA:2,(anonymous_3)
FNDA:2,(anonymous_4)
FNDA:4,oo_cm
FNDA:4,oo_oo
FNDA:0,oo_tr
FNDA:0,oo_ts
FNDA:0,oo_te
DA:1,4
DA:5,2
DA:6,2
DA:9,2
DA:10,1
DA:12,1
DA:14,1
DA:19,2
DA:20,2
DA:23,2
DA:24,1
DA:26,1
DA:28,1
DA:33,2
DA:34,2
DA:35,2
DA:37,2
DA:38,1
DA:40,1
DA:45,2
DA:46,2
DA:47,2
DA:49,2
DA:50,2
DA:51,1
DA:54,1
DA:57,1
DA:59,1
DA:64,2
DA:65,2
DA:66,2
DA:67,1
DA:69,1
DA:70,1
DA:72,1
DA:77,4
DA:84,4
LF:37
LH:37
BRDA:9,0,0,1
BRDA:9,0,1,1
BRDA:23,1,0,1
BRDA:23,1,1,1
BRDA:50,2,0,1
BRDA:50,2,1,1
BRDA:66,3,0,1
BRDA:66,3,1,1
BRDA:84,4,0,4
BRDA:84,4,1,1
BRF:10
BRH:10
end_of_record
TN:
SF:controllers\ratingFoodControllers.js
FN:4,(anonymous_0)
FN:17,(anonymous_1)
FN:34,(anonymous_2)
FNF:3
FNH:0
FNDA:0,(anonymous_0)
FNDA:0,(anonymous_1)
FNDA:0,(anonymous_2)
DA:1,4
DA:5,0
DA:6,0
DA:8,0
DA:11,0
DA:13,0
DA:18,0
DA:19,0
DA:21,0
DA:24,0
DA:25,0
DA:27,0
DA:28,0
DA:30,0
DA:35,0
DA:36,0
DA:38,0
DA:39,0
DA:40,0
DA:41,0
DA:42,0
DA:44,0
DA:46,0
DA:48,0
DA:53,4
LF:25
LH:2
BRDA:24,0,0,0
BRDA:24,0,1,0
BRDA:39,1,0,0
BRDA:39,1,1,0
BRDA:41,2,0,0
BRDA:41,2,1,0
BRF:6
BRH:0
end_of_record
TN:
SF:controllers\ratingStoreControllers.js
FN:4,(anonymous_0)
FN:17,(anonymous_1)
FN:34,(anonymous_2)
FNF:3
FNH:0
FNDA:0,(anonymous_0)
FNDA:0,(anonymous_1)
FNDA:0,(anonymous_2)
DA:1,4
DA:5,0
DA:6,0
DA:8,0
DA:11,0
DA:13,0
DA:18,0
DA:19,0
DA:21,0
DA:24,0
DA:25,0
DA:27,0
DA:28,0
DA:30,0
DA:35,0
DA:36,0
DA:38,0
DA:39,0
DA:40,0
DA:41,0
DA:42,0
DA:44,0
DA:46,0
DA:48,0
DA:53,4
LF:25
LH:2
BRDA:24,0,0,0
BRDA:24,0,1,0
BRDA:39,1,0,0
BRDA:39,1,1,0
BRDA:41,2,0,0
BRDA:41,2,1,0
BRF:6
BRH:0
end_of_record
TN:
SF:controllers\storeControllers.js
FN:5,(anonymous_0)
FN:27,(anonymous_1)
FN:52,(anonymous_2)
FN:78,(anonymous_3)
FN:103,(anonymous_4)
FN:124,(anonymous_5)
FN:139,(anonymous_6)
FN:156,oo_cm
FN:156,oo_oo
FN:156,oo_tr
FN:156,oo_ts
FN:156,oo_te
FNF:12
FNH:7
FNDA:1,(anonymous_0)
FNDA:2,(anonymous_1)
FNDA:2,(anonymous_2)
FNDA:0,(anonymous_3)
FNDA:0,(anonymous_4)
FNDA:1,(anonymous_5)
FNDA:1,(anonymous_6)
FNDA:2,oo_cm
FNDA:2,oo_oo
FNDA:0,oo_tr
FNDA:0,oo_ts
FNDA:0,oo_te
DA:1,4
DA:2,4
DA:6,1
DA:8,1
DA:18,1
DA:19,0
DA:21,1
DA:23,0
DA:28,2
DA:29,2
DA:30,2
DA:43,2
DA:44,1
DA:46,1
DA:48,1
DA:53,2
DA:54,2
DA:55,2
DA:69,2
DA:70,1
DA:72,1
DA:74,1
DA:79,0
DA:80,0
DA:82,0
DA:83,0
DA:84,0
DA:86,0
DA:87,0
DA:89,0
DA:90,0
DA:92,0
DA:93,0
DA:96,0
DA:104,0
DA:105,0
DA:110,0
DA:116,0
DA:120,0
DA:125,1
DA:126,1
DA:127,1
DA:128,1
DA:129,1
DA:133,1
DA:135,0
DA:140,1
DA:141,1
DA:142,1
DA:144,0
DA:149,4
DA:156,2
LF:52
LH:31
BRDA:18,0,0,0
BRDA:18,0,1,1
BRDA:43,1,0,1
BRDA:43,1,1,1
BRDA:69,2,0,1
BRDA:69,2,1,1
BRDA:83,3,0,0
BRDA:83,3,1,0
BRDA:86,4,0,0
BRDA:86,4,1,0
BRDA:89,5,0,0
BRDA:89,5,1,0
BRDA:92,6,0,0
BRDA:92,6,1,0
BRDA:104,7,0,0
BRDA:104,7,1,0
BRDA:156,8,0,2
BRDA:156,8,1,1
BRF:18
BRH:7
end_of_record
TN:
SF:controllers\userControllers.js
FN:8,(anonymous_0)
FN:28,(anonymous_1)
FN:55,(anonymous_2)
FN:70,(anonymous_3)
FN:92,(anonymous_4)
FN:126,(anonymous_5)
FN:148,(anonymous_6)
FN:170,(anonymous_7)
FN:183,(anonymous_8)
FN:204,(anonymous_9)
FN:240,oo_cm
FN:240,oo_oo
FN:240,oo_tr
FN:240,oo_ts
FN:240,oo_te
FNF:15
FNH:3
FNDA:10,(anonymous_0)
FNDA:5,(anonymous_1)
FNDA:2,(anonymous_2)
FNDA:0,(anonymous_3)
FNDA:0,(anonymous_4)
FNDA:0,(anonymous_5)
FNDA:0,(anonymous_6)
FNDA:0,(anonymous_7)
FNDA:0,(anonymous_8)
FNDA:0,(anonymous_9)
FNDA:0,oo_cm
FNDA:0,oo_oo
FNDA:0,oo_tr
FNDA:0,oo_ts
FNDA:0,oo_te
DA:1,4
DA:2,4
DA:3,4
DA:4,4
DA:5,4
DA:9,10
DA:10,10
DA:12,10
DA:20,1
DA:22,1
DA:24,9
DA:29,5
DA:30,5
DA:31,5
DA:32,1
DA:34,4
DA:35,1
DA:38,3
DA:42,3
DA:43,2
DA:46,1
DA:47,1
DA:51,4
DA:56,2
DA:57,2
DA:58,2
DA:61,2
DA:62,1
DA:64,1
DA:66,1
DA:71,0
DA:72,0
DA:73,0
DA:75,0
DA:76,0
DA:79,0
DA:80,0
DA:81,0
DA:84,0
DA:86,0
DA:88,0
DA:93,0
DA:94,0
DA:95,0
DA:97,0
DA:98,0
DA:101,0
DA:102,0
DA:103,0
DA:106,0
DA:107,0
DA:110,0
DA:111,0
DA:114,0
DA:115,0
DA:118,0
DA:120,0
DA:122,0
DA:127,0
DA:128,0
DA:129,0
DA:131,0
DA:132,0
DA:135,0
DA:136,0
DA:137,0
DA:140,0
DA:142,0
DA:144,0
DA:149,0
DA:150,0
DA:151,0
DA:153,0
DA:154,0
DA:157,0
DA:158,0
DA:159,0
DA:162,0
DA:164,0
DA:166,0
DA:171,0
DA:172,0
DA:173,0
DA:176,0
DA:184,0
DA:185,0
DA:189,0
DA:190,0
DA:191,0
DA:192,0
DA:194,0
DA:196,0
DA:200,0
DA:205,0
DA:206,0
DA:207,0
DA:209,0
DA:210,0
DA:213,0
DA:214,0
DA:215,0
DA:218,0
DA:223,0
DA:224,0
DA:226,0
DA:228,0
DA:233,4
DA:240,0
LF:108
LH:31
BRDA:31,0,0,1
BRDA:31,0,1,4
BRDA:34,1,0,1
BRDA:34,1,1,3
BRDA:42,2,0,2
BRDA:42,2,1,1
BRDA:42,3,0,3
BRDA:42,3,1,2
BRDA:61,4,0,1
BRDA:61,4,1,1
BRDA:75,5,0,0
BRDA:75,5,1,0
BRDA:80,6,0,0
BRDA:80,6,1,0
BRDA:97,7,0,0
BRDA:97,7,1,0
BRDA:102,8,0,0
BRDA:102,8,1,0
BRDA:106,9,0,0
BRDA:106,9,1,0
BRDA:110,10,0,0
BRDA:110,10,1,0
BRDA:114,11,0,0
BRDA:114,11,1,0
BRDA:131,12,0,0
BRDA:131,12,1,0
BRDA:136,13,0,0
BRDA:136,13,1,0
BRDA:153,14,0,0
BRDA:153,14,1,0
BRDA:158,15,0,0
BRDA:158,15,1,0
BRDA:172,16,0,0
BRDA:172,16,1,0
BRDA:184,17,0,0
BRDA:184,17,1,0
BRDA:191,18,0,0
BRDA:191,18,1,0
BRDA:209,19,0,0
BRDA:209,19,1,0
BRDA:209,20,0,0
BRDA:209,20,1,0
BRDA:214,21,0,0
BRDA:214,21,1,0
BRDA:240,22,0,0
BRDA:240,22,1,0
BRF:46
BRH:10
end_of_record
TN:
SF:helpers\bcrypt.js
FN:3,(anonymous_0)
FN:8,(anonymous_1)
FNF:2
FNH:2
FNDA:11,(anonymous_0)
FNDA:2,(anonymous_1)
DA:1,4
DA:3,4
DA:4,11
DA:5,11
DA:8,4
DA:9,2
DA:12,4
LF:7
LH:7
BRF:0
BRH:0
end_of_record
TN:
SF:helpers\imageKit.js
FNF:0
FNH:0
DA:1,4
DA:3,4
DA:9,4
LF:3
LH:3
BRF:0
BRH:0
end_of_record
TN:
SF:helpers\jwt.js
FN:4,(anonymous_0)
FN:8,(anonymous_1)
FNF:2
FNH:2
FNDA:11,(anonymous_0)
FNDA:100,(anonymous_1)
DA:1,4
DA:2,4
DA:4,4
DA:5,11
DA:8,4
DA:9,100
DA:12,4
LF:7
LH:7
BRF:0
BRH:0
end_of_record
TN:
SF:middlewares\authentication.js
FN:4,authentication
FNF:1
FNH:1
FNDA:100,authentication
DA:1,4
DA:2,4
DA:5,100
DA:6,100
DA:8,70
DA:9,70
DA:10,0
DA:12,70
DA:13,70
DA:15,30
DA:19,4
LF:11
LH:10
BRDA:9,0,0,0
BRDA:9,0,1,70
BRF:2
BRH:1
end_of_record
TN:
SF:middlewares\authorization.js
FN:3,sellerAuthorization
FN:14,ownerAuthorization
FN:31,foodOwnerAuthorization
FNF:3
FNH:3
FNDA:8,sellerAuthorization
FNDA:7,ownerAuthorization
FNDA:6,foodOwnerAuthorization
DA:1,4
DA:4,8
DA:5,8
DA:6,3
DA:8,5
DA:10,3
DA:15,7
DA:16,7
DA:17,7
DA:18,7
DA:19,2
DA:22,5
DA:23,3
DA:25,2
DA:27,5
DA:32,6
DA:33,6
DA:36,6
DA:37,2
DA:39,4
DA:40,2
DA:42,2
DA:44,4
DA:48,4
LF:24
LH:24
BRDA:5,0,0,3
BRDA:5,0,1,5
BRDA:18,1,0,2
BRDA:18,1,1,5
BRDA:22,2,0,3
BRDA:22,2,1,2
BRDA:22,3,0,5
BRDA:22,3,1,4
BRDA:36,4,0,2
BRDA:36,4,1,4
BRDA:39,5,0,2
BRDA:39,5,1,2
BRF:12
BRH:12
end_of_record
TN:
SF:middlewares\errorHandling.js
FN:1,errorHandling
FNF:1
FNH:1
FNDA:65,errorHandling
DA:2,65
DA:3,65
DA:5,65
DA:8,10
DA:9,10
DA:10,10
DA:12,30
DA:13,30
DA:14,30
DA:16,65
DA:19,4
LF:11
LH:11
BRDA:2,0,0,65
BRDA:2,0,1,0
BRDA:3,1,0,65
BRDA:3,1,1,40
BRDA:5,2,0,9
BRDA:5,2,1,10
BRDA:5,2,2,30
BRF:7
BRH:6
end_of_record
TN:
SF:middlewares\multer.js
FNF:0
FNH:0
DA:1,4
DA:3,4
DA:5,4
DA:7,4
LF:4
LH:4
BRF:0
BRH:0
end_of_record
TN:
SF:models\food.js
FN:5,(anonymous_0)
FN:12,(anonymous_1)
FNF:2
FNH:2
FNDA:4,(anonymous_0)
FNDA:4,(anonymous_1)
DA:4,4
DA:5,4
DA:13,4
DA:14,4
DA:17,4
DA:71,4
LF:6
LH:6
BRF:0
BRH:0
end_of_record
TN:
SF:models\index.js
FN:21,(anonymous_0)
FN:29,(anonymous_1)
FN:34,(anonymous_2)
FNF:3
FNH:3
FNDA:32,(anonymous_0)
FNDA:28,(anonymous_1)
FNDA:28,(anonymous_2)
DA:3,4
DA:4,4
DA:5,4
DA:6,4
DA:7,4
DA:8,4
DA:9,4
DA:10,4
DA:13,4
DA:14,0
DA:16,4
DA:19,4
DA:22,32
DA:30,28
DA:31,28
DA:34,4
DA:35,28
DA:36,28
DA:40,4
DA:41,4
DA:43,4
LF:21
LH:20
BRDA:8,0,0,4
BRDA:8,0,1,0
BRDA:13,1,0,0
BRDA:13,1,1,4
BRDA:23,2,0,32
BRDA:23,2,1,32
BRDA:23,2,2,28
BRDA:23,2,3,28
BRDA:35,3,0,28
BRDA:35,3,1,0
BRF:10
BRH:7
end_of_record
TN:
SF:models\like.js
FN:5,(anonymous_0)
FN:12,(anonymous_1)
FNF:2
FNH:2
FNDA:4,(anonymous_0)
FNDA:4,(anonymous_1)
DA:4,4
DA:5,4
DA:13,4
DA:14,4
DA:17,4
DA:24,4
LF:6
LH:6
BRF:0
BRH:0
end_of_record
TN:
SF:models\order.js
FN:5,(anonymous_0)
FN:12,(anonymous_1)
FNF:2
FNH:2
FNDA:4,(anonymous_0)
FNDA:4,(anonymous_1)
DA:4,4
DA:5,4
DA:13,4
DA:14,4
DA:17,4
DA:47,4
LF:6
LH:6
BRF:0
BRH:0
end_of_record
TN:
SF:models\ratingfood.js
FN:5,(anonymous_0)
FN:12,(anonymous_1)
FNF:2
FNH:2
FNDA:4,(anonymous_0)
FNDA:4,(anonymous_1)
DA:4,4
DA:5,4
DA:13,4
DA:14,4
DA:17,4
DA:25,4
LF:6
LH:6
BRF:0
BRH:0
end_of_record
TN:
SF:models\ratingstore.js
FN:5,(anonymous_0)
FN:12,(anonymous_1)
FNF:2
FNH:2
FNDA:4,(anonymous_0)
FNDA:4,(anonymous_1)
DA:4,4
DA:5,4
DA:13,4
DA:14,4
DA:17,4
DA:25,4
LF:6
LH:6
BRF:0
BRH:0
end_of_record
TN:
SF:models\store.js
FN:5,(anonymous_0)
FN:12,(anonymous_1)
FNF:2
FNH:2
FNDA:4,(anonymous_0)
FNDA:4,(anonymous_1)
DA:4,4
DA:5,4
DA:13,4
DA:14,4
DA:15,4
DA:16,4
DA:17,4
DA:20,4
DA:63,4
LF:9
LH:9
BRF:0
BRH:0
end_of_record
TN:
SF:models\user.js
FN:7,(anonymous_0)
FN:14,(anonymous_1)
FN:116,(anonymous_2)
FN:120,(anonymous_3)
FNF:4
FNH:3
FNDA:4,(anonymous_0)
FNDA:4,(anonymous_1)
FNDA:11,(anonymous_2)
FNDA:0,(anonymous_3)
DA:4,4
DA:5,4
DA:7,4
DA:15,4
DA:16,4
DA:17,4
DA:18,4
DA:19,4
DA:22,4
DA:116,4
DA:117,11
DA:120,4
DA:121,0
DA:124,4
LF:14
LH:13
BRF:0
BRH:0
end_of_record
TN:
SF:routes\food.js
FNF:0
FNH:0
DA:1,4
DA:2,4
DA:3,4
DA:4,4
DA:5,4
DA:7,4
DA:8,4
DA:9,4
DA:10,4
DA:12,4
LF:10
LH:10
BRF:0
BRH:0
end_of_record
TN:
SF:routes\index.js
FNF:0
FNH:0
DA:1,4
DA:2,4
DA:4,4
DA:5,4
DA:6,4
DA:7,4
DA:8,4
DA:9,4
DA:10,4
DA:11,4
DA:13,4
DA:15,4
DA:17,4
DA:18,4
DA:19,4
DA:20,4
DA:21,4
DA:22,4
DA:24,4
LF:19
LH:19
BRF:0
BRH:0
end_of_record
TN:
SF:routes\like.js
FNF:0
FNH:0
DA:1,4
DA:2,4
DA:3,4
DA:5,4
DA:6,4
DA:7,4
DA:9,4
LF:7
LH:7
BRF:0
BRH:0
end_of_record
TN:
SF:routes\order.js
FNF:0
FNH:0
DA:1,4
DA:2,4
DA:3,4
DA:4,4
DA:6,4
DA:7,4
DA:8,4
DA:9,4
DA:10,4
DA:12,4
LF:10
LH:10
BRF:0
BRH:0
end_of_record
TN:
SF:routes\ratingFood.js
FNF:0
FNH:0
DA:1,4
DA:2,4
DA:3,4
DA:5,4
DA:6,4
DA:7,4
DA:9,4
LF:7
LH:7
BRF:0
BRH:0
end_of_record
TN:
SF:routes\ratingStore.js
FNF:0
FNH:0
DA:1,4
DA:2,4
DA:3,4
DA:5,4
DA:6,4
DA:7,4
DA:9,4
LF:7
LH:7
BRF:0
BRH:0
end_of_record
TN:
SF:routes\store.js
FNF:0
FNH:0
DA:1,4
DA:2,4
DA:3,4
DA:4,4
DA:5,4
DA:7,4
DA:8,4
DA:9,4
DA:11,4
DA:12,4
DA:13,4
DA:15,4
LF:12
LH:12
BRF:0
BRH:0
end_of_record
TN:
SF:routes\user.js
FNF:0
FNH:0
DA:1,4
DA:2,4
DA:3,4
DA:4,4
DA:5,4
DA:7,4
DA:8,4
DA:9,4
DA:11,4
DA:12,4
DA:13,4
DA:14,4
DA:15,4
DA:16,4
DA:18,4
DA:20,4
LF:16
LH:16
BRF:0
BRH:0
end_of_record
